Log file open, 01/28/18 08:20:43
LogWindows: Failed to load 'aqProf.dll' (GetLastError=126)
LogWindows: File 'aqProf.dll' does not exist
LogWindows: Failed to load 'VSPerf140.dll' (GetLastError=126)
LogWindows: File 'VSPerf140.dll' does not exist
LogWindows: Failed to load 'VtuneApi.dll' (GetLastError=126)
LogWindows: File 'VtuneApi.dll' does not exist
LogWindows: Failed to load 'VtuneApi32e.dll' (GetLastError=126)
LogWindows: File 'VtuneApi32e.dll' does not exist
LogInit: Display: Running engine for game: XDetectorVR
LogPlatformFile: Not using cached read wrapper
LogInit: Display: RandInit(-395336227) SRandInit(-395336227).
LogInit: Read version file with build ID '3709383'
LogInit: Overriding engine version to CL 3832480, compatible CL 3709383
LogInit: Registered custom module enumerator with build ID '3709383'
LogTaskGraph: Started task graph with 5 named threads and 26 total threads with 3 sets of task threads.
LogStats: Stats thread started at 0.343104
LogD3D11RHI: Aftermath initialized
LogModuleManager: Display: Found up-to-date module file ../../../Engine/Plugins/2D/Paper2D/Binaries/Win64/UE4Editor-Paper2D.dll (API version 3709383).
LogModuleManager: Display: Found up-to-date module file ../../../Engine/Plugins/2D/Paper2D/Binaries/Win64/UE4Editor-Paper2DEditor.dll (API version 3709383).
LogModuleManager: Display: Found up-to-date module file ../../../Engine/Plugins/2D/Paper2D/Binaries/Win64/UE4Editor-PaperSpriteSheetImporter.dll (API version 3709383).
LogModuleManager: Display: Found up-to-date module file ../../../Engine/Plugins/2D/Paper2D/Binaries/Win64/UE4Editor-PaperTiledImporter.dll (API version 3709383).
LogModuleManager: Display: Found up-to-date module file ../../../Engine/Plugins/2D/Paper2D/Binaries/Win64/UE4Editor-SmartSnapping.dll (API version 3709383).
LogModuleManager: Display: Found up-to-date module file ../../../Engine/Plugins/Blendables/LightPropagationVolume/Binaries/Win64/UE4Editor-LightPropagationVolumeRuntime.dll (API version 3709383).
LogModuleManager: Display: Found up-to-date module file ../../../Engine/Plugins/Blendables/LightPropagationVolume/Binaries/Win64/UE4Editor-LightPropagationVolumeEditor.dll (API version 3709383).
LogModuleManager: Display: Found up-to-date module file ../../../Engine/Plugins/Developer/GitSourceControl/Binaries/Win64/UE4Editor-GitSourceControl.dll (API version 3709383).
LogModuleManager: Display: Found up-to-date module file ../../../Engine/Plugins/Developer/PerforceSourceControl/Binaries/Win64/UE4Editor-PerforceSourceControl.dll (API version 3709383).
LogModuleManager: Display: Found up-to-date module file ../../../Engine/Plugins/Developer/SubversionSourceControl/Binaries/Win64/UE4Editor-SubversionSourceControl.dll (API version 3709383).
LogModuleManager: Display: Found up-to-date module file ../../../Engine/Plugins/Developer/UObjectPlugin/Binaries/Win64/UE4Editor-UObjectPlugin.dll (API version 3709383).
LogModuleManager: Display: Found up-to-date module file ../../../Engine/Plugins/Developer/VisualStudioCodeSourceCodeAccess/Binaries/Win64/UE4Editor-VisualStudioCodeSourceCodeAccess.dll (API version 3709383).
LogModuleManager: Display: Found up-to-date module file ../../../Engine/Plugins/Developer/VisualStudioSourceCodeAccess/Binaries/Win64/UE4Editor-VisualStudioSourceCodeAccess.dll (API version 3709383).
LogModuleManager: Display: Found up-to-date module file ../../../Engine/Plugins/Editor/AssetManagerEditor/Binaries/Win64/UE4Editor-AssetManagerEditor.dll (API version 3709383).
LogModuleManager: Display: Found up-to-date module file ../../../Engine/Plugins/Editor/AudioCapture/Binaries/Win64/UE4Editor-AudioCapture.dll (API version 3709383).
LogModuleManager: Display: Found up-to-date module file ../../../Engine/Plugins/Editor/FacialAnimation/Binaries/Win64/UE4Editor-FacialAnimation.dll (API version 3709383).
LogModuleManager: Display: Found up-to-date module file ../../../Engine/Plugins/Editor/FacialAnimation/Binaries/Win64/UE4Editor-FacialAnimationEditor.dll (API version 3709383).
LogModuleManager: Display: Found up-to-date module file ../../../Engine/Plugins/Editor/GameplayTagsEditor/Binaries/Win64/UE4Editor-GameplayTagsEditor.dll (API version 3709383).
LogModuleManager: Display: Found up-to-date module file ../../../Engine/Plugins/Editor/MobileLauncherProfileWizard/Binaries/Win64/UE4Editor-MobileLauncherProfileWizard.dll (API version 3709383).
LogModuleManager: Display: Found up-to-date module file ../../../Engine/Plugins/Editor/PluginBrowser/Binaries/Win64/UE4Editor-PluginBrowser.dll (API version 3709383).
LogModuleManager: Display: Found up-to-date module file ../../../Engine/Plugins/Editor/SpeedTreeImporter/Binaries/Win64/UE4Editor-SpeedTreeImporter.dll (API version 3709383).
LogModuleManager: Display: Found up-to-date module file ../../../Engine/Plugins/Experimental/AlembicImporter/Binaries/Win64/UE4Editor-AlembicImporter.dll (API version 3709383).
LogModuleManager: Display: Found up-to-date module file ../../../Engine/Plugins/Experimental/AlembicImporter/Binaries/Win64/UE4Editor-AlembicLibrary.dll (API version 3709383).
LogModuleManager: Display: Found up-to-date module file ../../../Engine/Plugins/Experimental/CharacterAI/Binaries/Win64/UE4Editor-CharacterAI.dll (API version 3709383).
LogModuleManager: Display: Found up-to-date module file ../../../Engine/Plugins/Experimental/HTML5Networking/Binaries/Win64/UE4Editor-HTML5Networking.dll (API version 3709383).
LogModuleManager: Display: Found up-to-date module file ../../../Engine/Plugins/Media/AndroidMedia/Binaries/Win64/UE4Editor-AndroidMediaEditor.dll (API version 3709383).
LogModuleManager: Display: Found up-to-date module file ../../../Engine/Plugins/Media/AndroidMedia/Binaries/Win64/UE4Editor-AndroidMediaFactory.dll (API version 3709383).
LogModuleManager: Display: Found up-to-date module file ../../../Engine/Plugins/Media/AvfMedia/Binaries/Win64/UE4Editor-AvfMediaEditor.dll (API version 3709383).
LogModuleManager: Display: Found up-to-date module file ../../../Engine/Plugins/Media/AvfMedia/Binaries/Win64/UE4Editor-AvfMediaFactory.dll (API version 3709383).
LogModuleManager: Display: Found up-to-date module file ../../../Engine/Plugins/Media/AvfMedia/Binaries/Win64/UE4Editor-AvfMediaFactory.dll (API version 3709383).
LogModuleManager: Display: Found up-to-date module file ../../../Engine/Plugins/Media/ImgMedia/Binaries/Win64/UE4Editor-ImgMedia.dll (API version 3709383).
LogModuleManager: Display: Found up-to-date module file ../../../Engine/Plugins/Media/ImgMedia/Binaries/Win64/UE4Editor-ImgMediaEditor.dll (API version 3709383).
LogModuleManager: Display: Found up-to-date module file ../../../Engine/Plugins/Media/ImgMedia/Binaries/Win64/UE4Editor-ImgMediaFactory.dll (API version 3709383).
LogModuleManager: Display: Found up-to-date module file ../../../Engine/Plugins/Media/ImgMedia/Binaries/Win64/UE4Editor-ImgMediaFactory.dll (API version 3709383).
LogModuleManager: Display: Found up-to-date module file ../../../Engine/Plugins/Media/ImgMedia/Binaries/Win64/UE4Editor-OpenExrWrapper.dll (API version 3709383).
LogModuleManager: Display: Found up-to-date module file ../../../Engine/Plugins/Media/MediaCompositing/Binaries/Win64/UE4Editor-MediaCompositing.dll (API version 3709383).
LogModuleManager: Display: Found up-to-date module file ../../../Engine/Plugins/Media/MediaCompositing/Binaries/Win64/UE4Editor-MediaCompositingEditor.dll (API version 3709383).
LogModuleManager: Display: Found up-to-date module file ../../../Engine/Plugins/Media/MediaPlayerEditor/Binaries/Win64/UE4Editor-MediaPlayerEditor.dll (API version 3709383).
LogModuleManager: Display: Found up-to-date module file ../../../Engine/Plugins/Media/WmfMedia/Binaries/Win64/UE4Editor-WmfMedia.dll (API version 3709383).
LogModuleManager: Display: Found up-to-date module file ../../../Engine/Plugins/Media/WmfMedia/Binaries/Win64/UE4Editor-WmfMediaEditor.dll (API version 3709383).
LogModuleManager: Display: Found up-to-date module file ../../../Engine/Plugins/Media/WmfMedia/Binaries/Win64/UE4Editor-WmfMediaFactory.dll (API version 3709383).
LogModuleManager: Display: Found up-to-date module file ../../../Engine/Plugins/Media/WmfMedia/Binaries/Win64/UE4Editor-WmfMediaFactory.dll (API version 3709383).
LogModuleManager: Display: Found up-to-date module file ../../../Engine/Plugins/Messaging/TcpMessaging/Binaries/Win64/UE4Editor-TcpMessaging.dll (API version 3709383).
LogModuleManager: Display: Found up-to-date module file ../../../Engine/Plugins/Messaging/UdpMessaging/Binaries/Win64/UE4Editor-UdpMessaging.dll (API version 3709383).
LogModuleManager: Display: Found up-to-date module file ../../../Engine/Plugins/MovieScene/ActorSequence/Binaries/Win64/UE4Editor-ActorSequence.dll (API version 3709383).
LogModuleManager: Display: Found up-to-date module file ../../../Engine/Plugins/MovieScene/LevelSequenceEditor/Binaries/Win64/UE4Editor-LevelSequenceEditor.dll (API version 3709383).
LogModuleManager: Display: Found up-to-date module file ../../../Engine/Plugins/MovieScene/MatineeToLevelSequence/Binaries/Win64/UE4Editor-MatineeToLevelSequence.dll (API version 3709383).
LogModuleManager: Display: Found up-to-date module file ../../../Engine/Plugins/Online/OnlineSubsystem/Binaries/Win64/UE4Editor-OnlineSubsystem.dll (API version 3709383).
LogModuleManager: Display: Found up-to-date module file ../../../Engine/Plugins/Runtime/AndroidPermission/Binaries/Win64/UE4Editor-AndroidPermission.dll (API version 3709383).
LogModuleManager: Display: Found up-to-date module file ../../../Engine/Plugins/Online/OnlineSubsystemNull/Binaries/Win64/UE4Editor-OnlineSubsystemNull.dll (API version 3709383).
LogModuleManager: Display: Found up-to-date module file ../../../Engine/Plugins/Online/OnlineSubsystemUtils/Binaries/Win64/UE4Editor-OnlineSubsystemUtils.dll (API version 3709383).
LogModuleManager: Display: Found up-to-date module file ../../../Engine/Plugins/Online/OnlineSubsystemUtils/Binaries/Win64/UE4Editor-OnlineBlueprintSupport.dll (API version 3709383).
LogModuleManager: Display: Found up-to-date module file ../../../Engine/Plugins/Runtime/AndroidDeviceProfileSelector/Binaries/Win64/UE4Editor-AndroidDeviceProfileSelector.dll (API version 3709383).
LogModuleManager: Display: Found up-to-date module file ../../../Engine/Plugins/Runtime/AppleARKit/Binaries/Win64/UE4Editor-AppleARKit.dll (API version 3709383).
LogModuleManager: Display: Found up-to-date module file ../../../Engine/Plugins/Runtime/ArchVisCharacter/Binaries/Win64/UE4Editor-ArchVisCharacter.dll (API version 3709383).
LogModuleManager: Display: Found up-to-date module file ../../../Engine/Plugins/Runtime/CableComponent/Binaries/Win64/UE4Editor-CableComponent.dll (API version 3709383).
LogModuleManager: Display: Found up-to-date module file ../../../Engine/Plugins/Runtime/CustomMeshComponent/Binaries/Win64/UE4Editor-CustomMeshComponent.dll (API version 3709383).
LogModuleManager: Display: Found up-to-date module file ../../../Engine/Plugins/Runtime/ExampleDeviceProfileSelector/Binaries/Win64/UE4Editor-ExampleDeviceProfileSelector.dll (API version 3709383).
LogModuleManager: Display: Found up-to-date module file ../../../Engine/Plugins/Runtime/ImmediatePhysics/Binaries/Win64/UE4Editor-ImmediatePhysics.dll (API version 3709383).
LogModuleManager: Display: Found up-to-date module file ../../../Engine/Plugins/Runtime/ImmediatePhysics/Binaries/Win64/UE4Editor-ImmediatePhysicsEditor.dll (API version 3709383).
LogModuleManager: Display: Found up-to-date module file ../../../Engine/Plugins/Runtime/LocationServicesBPLibrary/Binaries/Win64/UE4Editor-LocationServicesBPLibrary.dll (API version 3709383).
LogModuleManager: Display: Found up-to-date module file ../../../Engine/Plugins/Runtime/MobilePatchingUtils/Binaries/Win64/UE4Editor-MobilePatchingUtils.dll (API version 3709383).
LogModuleManager: Display: Found up-to-date module file ../../../Engine/Plugins/Runtime/Oculus/OculusVR/Binaries/Win64/UE4Editor-OculusHMD.dll (API version 3709383).
LogModuleManager: Display: Found up-to-date module file ../../../Engine/Plugins/Runtime/Oculus/OculusVR/Binaries/Win64/UE4Editor-OculusInput.dll (API version 3709383).
LogModuleManager: Display: Found up-to-date module file ../../../Engine/Plugins/Runtime/Oculus/OculusVR/Binaries/Win64/UE4Editor-OculusEditor.dll (API version 3709383).
LogModuleManager: Display: Found up-to-date module file ../../../Engine/Plugins/Runtime/PhysXVehicles/Binaries/Win64/UE4Editor-PhysXVehicles.dll (API version 3709383).
LogModuleManager: Display: Found up-to-date module file ../../../Engine/Plugins/Runtime/PhysXVehicles/Binaries/Win64/UE4Editor-PhysXVehiclesEditor.dll (API version 3709383).
LogModuleManager: Display: Found up-to-date module file ../../../Engine/Plugins/Runtime/ProceduralMeshComponent/Binaries/Win64/UE4Editor-ProceduralMeshComponent.dll (API version 3709383).
LogModuleManager: Display: Found up-to-date module file ../../../Engine/Plugins/Runtime/ProceduralMeshComponent/Binaries/Win64/UE4Editor-ProceduralMeshComponentEditor.dll (API version 3709383).
LogModuleManager: Display: Found up-to-date module file ../../../Engine/Plugins/Runtime/RuntimePhysXCooking/Binaries/Win64/UE4Editor-RuntimePhysXCooking.dll (API version 3709383).
LogModuleManager: Display: Found up-to-date module file ../../../Engine/Plugins/Runtime/Steam/SteamVR/Binaries/Win64/UE4Editor-SteamVR.dll (API version 3709383).
LogModuleManager: Display: Found up-to-date module file ../../../Engine/Plugins/Runtime/Steam/SteamVR/Binaries/Win64/UE4Editor-SteamVRController.dll (API version 3709383).
LogModuleManager: Display: Found up-to-date module file ../../../Engine/Plugins/Runtime/WindowsMoviePlayer/Binaries/Win64/UE4Editor-WindowsMoviePlayer.dll (API version 3709383).
LogPluginManager: Mounting plugin Paper2D
LogPluginManager: Mounting plugin LightPropagationVolume
LogPluginManager: Mounting plugin CodeLiteSourceCodeAccess
LogPluginManager: Mounting plugin GitSourceControl
LogPluginManager: Mounting plugin KDevelopSourceCodeAccess
LogPluginManager: Mounting plugin NullSourceCodeAccess
LogPluginManager: Mounting plugin PerforceSourceControl
LogPluginManager: Mounting plugin SubversionSourceControl
LogPluginManager: Mounting plugin UObjectPlugin
LogPluginManager: Mounting plugin VisualStudioCodeSourceCodeAccess
LogPluginManager: Mounting plugin VisualStudioSourceCodeAccess
LogPluginManager: Mounting plugin XCodeSourceCodeAccess
LogPluginManager: Mounting plugin AssetManagerEditor
LogPluginManager: Mounting plugin AudioCapture
LogPluginManager: Mounting plugin FacialAnimation
LogPluginManager: Mounting plugin GameplayTagsEditor
LogPluginManager: Mounting plugin MobileLauncherProfileWizard
LogPluginManager: Mounting plugin PluginBrowser
LogPluginManager: Mounting plugin SpeedTreeImporter
LogPluginManager: Mounting plugin AlembicImporter
LogPluginManager: Mounting plugin CharacterAI
LogPluginManager: Mounting plugin HTML5Networking
LogPluginManager: Mounting plugin AndroidMedia
LogPluginManager: Mounting plugin AvfMedia
LogPluginManager: Mounting plugin ImgMedia
LogPluginManager: Mounting plugin MediaCompositing
LogPluginManager: Mounting plugin MediaPlayerEditor
LogPluginManager: Mounting plugin WmfMedia
LogPluginManager: Mounting plugin TcpMessaging
LogPluginManager: Mounting plugin UdpMessaging
LogPluginManager: Mounting plugin ActorSequence
LogPluginManager: Mounting plugin LevelSequenceEditor
LogPluginManager: Mounting plugin MatineeToLevelSequence
LogPluginManager: Mounting plugin OnlineSubsystemGooglePlay
LogPluginManager: Mounting plugin OnlineSubsystemIOS
LogPluginManager: Mounting plugin OnlineSubsystem
LogPluginManager: Mounting plugin OnlineSubsystemNull
LogPluginManager: Mounting plugin OnlineSubsystemUtils
LogPluginManager: Mounting plugin AndroidDeviceProfileSelector
LogPluginManager: Mounting plugin AndroidMoviePlayer
LogPluginManager: Mounting plugin AndroidPermission
LogPluginManager: Mounting plugin AppleARKit
LogPluginManager: Mounting plugin AppleMoviePlayer
LogPluginManager: Mounting plugin ArchVisCharacter
LogPluginManager: Mounting plugin CableComponent
LogPluginManager: Mounting plugin CustomMeshComponent
LogPluginManager: Mounting plugin ExampleDeviceProfileSelector
LogPluginManager: Mounting plugin GoogleCloudMessaging
LogPluginManager: Mounting plugin ImmediatePhysics
LogPluginManager: Mounting plugin IOSDeviceProfileSelector
LogPluginManager: Mounting plugin LinuxDeviceProfileSelector
LogPluginManager: Mounting plugin LocationServicesBPLibrary
LogPluginManager: Mounting plugin MobilePatchingUtils
LogPluginManager: Mounting plugin OculusVR
LogPluginManager: Plugin shader directory ../../../Engine/Plugins/Runtime/Oculus/OculusVR/Shaders found
LogPluginManager: Mapping shader source directory ../../../Engine/Plugins/Runtime/Oculus/OculusVR/Shaders to virtual directory /Plugin/OculusVR
LogPluginManager: Mounting plugin PhysXVehicles
LogPluginManager: Mounting plugin ProceduralMeshComponent
LogPluginManager: Mounting plugin RuntimePhysXCooking
LogPluginManager: Mounting plugin SteamVR
LogPluginManager: Mounting plugin WindowsMoviePlayer
LogInit: Using libcurl 7.47.1
LogInit:  - built for x86_64-pc-win32
LogInit:  - supports SSL with OpenSSL/1.0.2g
LogInit:  - supports HTTP deflate (compression) using libz 1.2.8
LogInit:  - other features:
LogInit:      CURL_VERSION_SSL
LogInit:      CURL_VERSION_LIBZ
LogInit:      CURL_VERSION_IPV6
LogInit:      CURL_VERSION_ASYNCHDNS
LogInit:      CURL_VERSION_LARGEFILE
LogInit:      CURL_VERSION_IDN
LogInit:  CurlRequestOptions (configurable via config and command line):
LogInit:  - bVerifyPeer = false  - Libcurl will NOT verify peer certificate
LogInit:  - bUseHttpProxy = false  - Libcurl will NOT use HTTP proxy
LogInit:  - bDontReuseConnections = false  - Libcurl will reuse connections
LogInit:  - CertBundlePath = nullptr  - Libcurl will use whatever was configured at build time.
LogHMD: Failed initializing OVRPlugin 1.19.0
LogInit: Build: ++UE4+Release-4.18-CL-3832480
LogInit: Engine Version: 4.18.3-3832480+++UE4+Release-4.18
LogInit: Compatible Engine Version: 4.18.0-3709383+++UE4+Release-4.18
LogInit: Net CL: 3709383
LogDevObjectVersion: Number of dev versions registered: 16
LogDevObjectVersion:   Dev-Blueprints (B0D832E4-1F89-4F0D-ACCF-7EB736FD4AA2): 10
LogDevObjectVersion:   Dev-Build (E1C64328-A22C-4D53-A36C-8E866417BD8C): 0
LogDevObjectVersion:   Dev-Core (375EC13C-06E4-48FB-B500-84F0262A717E): 2
LogDevObjectVersion:   Dev-Editor (E4B068ED-F494-42E9-A231-DA0B2E46BB41): 20
LogDevObjectVersion:   Dev-Framework (CFFC743F-43B0-4480-9391-14DF171D2073): 30
LogDevObjectVersion:   Dev-Mobile (B02B49B5-BB20-44E9-A304-32B752E40360): 0
LogDevObjectVersion:   Dev-Networking (A4E4105C-59A1-49B5-A7C5-40C4547EDFEE): 0
LogDevObjectVersion:   Dev-Online (39C831C9-5AE6-47DC-9A44-9C173E1C8E7C): 0
LogDevObjectVersion:   Dev-Physics (78F01B33-EBEA-4F98-B9B4-84EACCB95AA2): 0
LogDevObjectVersion:   Dev-Platform (6631380F-2D4D-43E0-8009-CF276956A95A): 0
LogDevObjectVersion:   Dev-Rendering (12F88B9F-8875-4AFC-A67C-D90C383ABD29): 20
LogDevObjectVersion:   Dev-Sequencer (7B5AE74C-D270-4C10-A958-57980B212A5A): 4
LogDevObjectVersion:   Dev-VR (D7296918-1DD6-4BDD-9DE2-64A83CC13884): 0
LogDevObjectVersion:   Dev-LoadTimes (C2A15278-BFE7-4AFE-6C17-90FF531DF755): 1
LogDevObjectVersion:   Private-Geometry (6EACA3D4-40EC-4CC1-B786-8BED09428FC5): 1
LogDevObjectVersion:   Dev-AnimPhys (29E575DD-E0A3-4627-9D10-D276232CDCEA): 12
LogInit: Compiled (64-bit): Jan 12 2018 02:04:55
LogInit: Compiled with Visual C++: 19.00.24215.01
LogInit: Build Configuration: Development
LogInit: Branch Name: ++UE4+Release-4.18
LogInit: Command line: -EpicPortal 
LogInit: Base directory: C:/Program Files/Epic Games/UE_4.18/Engine/Binaries/Win64/
LogInit: Installed Engine Build: 1
LogInit: Presizing for max 8388607 objects, including 0 objects not considered by GC, pre-allocating 0 bytes for permanent pool.
LogInit: Object subsystem initialized
[2018.01.28-13.20.45:776][  0]LogInit: Selected Device Profile: [Windows]
[2018.01.28-13.20.45:776][  0]LogInit: Applying CVar settings loaded from the selected device profile: [Windows]
[2018.01.28-13.20.45:790][  0]LogInit: Computer: BRAD-MACHINE
[2018.01.28-13.20.45:790][  0]LogInit: User: Brad
[2018.01.28-13.20.45:790][  0]LogInit: CPU Page size=4096, Cores=8
[2018.01.28-13.20.45:790][  0]LogInit: High frequency timer resolution =3.124091 MHz
[2018.01.28-13.20.45:791][  0]LogMemory: Memory total: Physical=31.9GB (32GB approx)
[2018.01.28-13.20.45:791][  0]LogMemory: Platform Memory Stats for Windows
[2018.01.28-13.20.45:791][  0]LogMemory: Process Physical Memory: 278.11 MB used, 278.11 MB peak
[2018.01.28-13.20.45:791][  0]LogMemory: Process Virtual Memory: 275.01 MB used, 275.01 MB peak
[2018.01.28-13.20.45:791][  0]LogMemory: Physical Memory: 6752.89 MB used,  25935.54 MB free, 32688.42 MB total
[2018.01.28-13.20.45:791][  0]LogMemory: Virtual Memory: 741.25 MB used,  25935.54 MB free, 134217728.00 MB total
[2018.01.28-13.20.45:951][  0]LogInit: Using OS detected language (en-US).
[2018.01.28-13.20.45:951][  0]LogInit: Using OS detected locale (en-US).
[2018.01.28-13.20.45:954][  0]LogTextLocalizationManager: No specific localization for 'en-US' exists, so the 'en' localization will be used.
[2018.01.28-13.20.46:355][  0]LogInit: Setting process to per monitor DPI aware
[2018.01.28-13.20.46:616][  0]LogD3D11RHI: D3D11 adapters:
[2018.01.28-13.20.46:661][  0]LogD3D11RHI:    0. 'NVIDIA GeForce GTX 1080' (Feature Level 11_0)
[2018.01.28-13.20.46:661][  0]LogD3D11RHI:       8086/0/16344 MB DedicatedVideo/DedicatedSystem/SharedSystem, Outputs:1, VendorId:0x10de
[2018.01.28-13.20.46:664][  0]LogD3D11RHI:    1. 'Microsoft Basic Render Driver' (Feature Level 11_0)
[2018.01.28-13.20.46:664][  0]LogD3D11RHI:       0/0/16344 MB DedicatedVideo/DedicatedSystem/SharedSystem, Outputs:0, VendorId:0x1414
[2018.01.28-13.20.46:664][  0]LogD3D11RHI: Chosen D3D11 Adapter: 0
[2018.01.28-13.20.46:672][  0]LogD3D11RHI: Creating new Direct3DDevice
[2018.01.28-13.20.46:672][  0]LogD3D11RHI:     GPU DeviceId: 0x1b80 (for the marketing name, search the web for "GPU Device Id")
[2018.01.28-13.20.46:672][  0]LogWindows: EnumDisplayDevices:
[2018.01.28-13.20.46:672][  0]LogWindows:    0. 'NVIDIA GeForce GTX 1080' (P:1 D:1)
[2018.01.28-13.20.46:672][  0]LogWindows:    1. 'NVIDIA GeForce GTX 1080' (P:0 D:0)
[2018.01.28-13.20.46:672][  0]LogWindows:    2. 'NVIDIA GeForce GTX 1080' (P:0 D:0)
[2018.01.28-13.20.46:672][  0]LogWindows:    3. 'NVIDIA GeForce GTX 1080' (P:0 D:0)
[2018.01.28-13.20.46:673][  0]LogWindows: DebugString: GetVideoDriverDetailsInvalid PrimaryIsNotTheChoosenAdapter GetVideoDriverDetailsInvalid PrimaryIsNotTheChoosenAdapter GetVideoDriverDetailsInvalid PrimaryIsNotTheChoosenAdapter GetVideoDriverDetailsInvalid PrimaryIsNotTheChoosenAdapter FoundDriverCount:0 
[2018.01.28-13.20.46:673][  0]LogD3D11RHI:     Adapter Name: NVIDIA GeForce GTX 1080
[2018.01.28-13.20.46:673][  0]LogD3D11RHI:   Driver Version: Unknown (internal:Unknown, unified:Unknown)
[2018.01.28-13.20.46:673][  0]LogD3D11RHI:      Driver Date: Unknown
[2018.01.28-13.20.46:673][  0]LogRHI: Texture pool is 5660 MB (70% of 8086 MB)
[2018.01.28-13.20.46:695][  0]LogD3D11RHI: Async texture creation enabled
[2018.01.28-13.20.46:741][  0]LogD3D11RHI: GPU Timing Frequency: 1000.000000 (Debug: 2 1)
[2018.01.28-13.20.46:742][  0]LogShaderCompilers: Guid format shader working directory is 0 characters bigger than the processId version (D:/Misc/Global Game Jam 2018/UE4/XDetectorVR/Intermediate/Shaders/WorkingDirectory/12720/).
[2018.01.28-13.20.46:742][  0]LogShaderCompilers: Cleaned the shader compiler working directory 'C:/Users/Brad/AppData/Local/Temp/UnrealShaderWorkingDir/66F2200942AD378EFFFA1CA64CF3B325/'.
[2018.01.28-13.20.46:743][  0]LogShaderCompilers: Display: Using Local Shader Compiler.
[2018.01.28-13.20.47:761][  0]LogTemp: Display: Loaded TP AllDesktopTargetPlatform
[2018.01.28-13.20.47:826][  0]LogTemp: Display: Loaded TP MacClientTargetPlatform
[2018.01.28-13.20.47:880][  0]LogTemp: Display: Loaded TP MacNoEditorTargetPlatform
[2018.01.28-13.20.47:937][  0]LogTemp: Display: Loaded TP MacServerTargetPlatform
[2018.01.28-13.20.47:995][  0]LogTemp: Display: Loaded TP MacTargetPlatform
[2018.01.28-13.20.48:053][  0]LogTemp: Display: Loaded TP WindowsClientTargetPlatform
[2018.01.28-13.20.48:116][  0]LogTemp: Display: Loaded TP WindowsNoEditorTargetPlatform
[2018.01.28-13.20.48:186][  0]LogTemp: Display: Loaded TP WindowsServerTargetPlatform
[2018.01.28-13.20.48:236][  0]LogTemp: Display: Loaded TP WindowsTargetPlatform
[2018.01.28-13.20.48:288][  0]LogTemp: Display: Loaded TP Android_ASTCTargetPlatform
[2018.01.28-13.20.48:341][  0]LogTemp: Display: Loaded TP Android_ATCTargetPlatform
[2018.01.28-13.20.48:401][  0]LogTemp: Display: Loaded TP Android_DXTTargetPlatform
[2018.01.28-13.20.48:462][  0]LogTemp: Display: Loaded TP Android_ETC1TargetPlatform
[2018.01.28-13.20.48:522][  0]LogTemp: Display: Loaded TP Android_ETC2TargetPlatform
[2018.01.28-13.20.48:635][  0]LogTemp: Display: Loaded TP Android_MultiTargetPlatform
[2018.01.28-13.20.48:635][  0]LogTemp: Display: Loaded TP Android_PVRTCTargetPlatform
[2018.01.28-13.20.48:690][  0]LogTemp: Display: Loaded TP AndroidTargetPlatform
[2018.01.28-13.20.48:733][  0]LogTemp: Display: Loaded TP HTML5TargetPlatform
[2018.01.28-13.20.48:827][  0]LogTemp: Display: Loaded TP IOSTargetPlatform
[2018.01.28-13.20.48:860][  0]LogTemp: Display: Loaded TP TVOSTargetPlatform
[2018.01.28-13.20.48:916][  0]LogTemp: Display: Loaded TP LinuxClientTargetPlatform
[2018.01.28-13.20.48:969][  0]LogTemp: Display: Loaded TP LinuxNoEditorTargetPlatform
[2018.01.28-13.20.49:028][  0]LogTemp: Display: Loaded TP LinuxServerTargetPlatform
[2018.01.28-13.20.49:081][  0]LogTemp: Display: Loaded TP LinuxTargetPlatform
[2018.01.28-13.20.49:081][  0]LogTargetPlatformManager: Display: Building Assets For Windows
[2018.01.28-13.20.49:628][  0]LogDerivedDataCache: Display: Max Cache Size: 512 MB
[2018.01.28-13.20.49:724][  0]LogDerivedDataCache: Loaded boot cache 0.10s 92MB C:/Users/Brad/AppData/Local/UnrealEngine/4.18/DerivedDataCache/Boot.ddc.
[2018.01.28-13.20.49:725][  0]LogDerivedDataCache: Display: Loaded Boot cache: C:/Users/Brad/AppData/Local/UnrealEngine/4.18/DerivedDataCache/Boot.ddc
[2018.01.28-13.20.49:725][  0]LogDerivedDataCache: FDerivedDataBackendGraph:  Pak pak cache file D:/Misc/Global Game Jam 2018/UE4/XDetectorVR/DerivedDataCache/DDC.ddp not found, will not use a pak cache.
[2018.01.28-13.20.49:725][  0]LogDerivedDataCache: Unable to find inner node Pak for hierarchical cache Hierarchy.
[2018.01.28-13.20.49:725][  0]LogDerivedDataCache: FDerivedDataBackendGraph:  CompressedPak pak cache file D:/Misc/Global Game Jam 2018/UE4/XDetectorVR/DerivedDataCache/Compressed.ddp not found, will not use a pak cache.
[2018.01.28-13.20.49:725][  0]LogDerivedDataCache: Unable to find inner node CompressedPak for hierarchical cache Hierarchy.
[2018.01.28-13.20.49:748][  0]LogDerivedDataCache: Display: Pak cache opened for reading ../../../Engine/DerivedDataCache/Compressed.ddp.
[2018.01.28-13.20.49:762][  0]LogDerivedDataCache: Using Local data cache path C:/Users/Brad/AppData/Local/UnrealEngine/Common/DerivedDataCache: Writable
[2018.01.28-13.20.49:772][  0]LogMaterial: Verifying Global Shaders for PCD3D_SM5
[2018.01.28-13.20.49:772][  0]LogSlate: Using Freetype 2.6.0
[2018.01.28-13.20.49:773][  0]LogSlate: SlateFontCache - WITH_FREETYPE: 1, WITH_HARFBUZZ: 1
[2018.01.28-13.20.49:773][  0]LogSlate: SlateFontCache - WITH_FREETYPE: 1, WITH_HARFBUZZ: 1
[2018.01.28-13.20.50:120][  0]LogInit: Selected Device Profile: [Windows]
[2018.01.28-13.20.50:470][  0]LogSimplygon: Simplygon DLL not present - disabling.
[2018.01.28-13.20.50:530][  0]LogMeshReduction: Using SimplygonSwarm for distributed automatic mesh merging
[2018.01.28-13.20.50:530][  0]LogMeshReduction: Using QuadricMeshReduction for automatic static mesh reduction
[2018.01.28-13.20.50:530][  0]LogMeshReduction: No automatic skeletal mesh reduction module available
[2018.01.28-13.20.50:530][  0]LogMeshReduction: No automatic mesh merging module available
[2018.01.28-13.20.50:530][  0]LogMeshMerging: No automatic mesh merging module available
[2018.01.28-13.20.50:556][  0]LogNetVersion: XDetectorVR , NetCL: 3709383, EngineNetVer: 2, GameNetVer: 0 (Checksum: 1636529592)
[2018.01.28-13.20.50:729][  0]LogAssetRegistry: FAssetRegistry took 0.0258 seconds to start up
[2018.01.28-13.20.51:283][  0]LogPackageLocalizationCache: Processed 7 localized package path(s) for 2 prioritized culture(s) in 0.054680 seconds
[2018.01.28-13.20.51:287][  0]LogUObjectArray: 35870 objects as part of root set at end of initial load.
[2018.01.28-13.20.51:287][  0]LogUObjectAllocator: 7363704 out of 0 bytes used by permanent object pool.
[2018.01.28-13.20.51:287][  0]LogUObjectArray: CloseDisregardForGC: 0/0 objects in disregard for GC pool
[2018.01.28-13.20.51:341][  0]LogInit: WinSock: version 1.1 (2.2), MaxSocks=32767, MaxUdp=65467
[2018.01.28-13.20.54:256][  0]LogTcpMessaging: Initializing TcpMessaging bridge
[2018.01.28-13.20.54:306][  0]LogUdpMessaging: Initializing bridge on interface 0.0.0.0:0 to multicast group 230.0.0.1:6666.
[2018.01.28-13.20.55:091][  0]LogMaterial: Uniform references updated for custom material expression Custom.
[2018.01.28-13.20.55:577][  0]SourceControl: Source control is disabled
[2018.01.28-13.20.55:577][  0]SourceControl: Source control is disabled
[2018.01.28-13.20.55:656][  0]SourceControl: Source control is disabled
[2018.01.28-13.20.55:711][  0]SourceControl: Source control is disabled
[2018.01.28-13.20.56:713][  0]LogAndroidPermission: UAndroidPermissionCallbackProxy::GetInstance
[2018.01.28-13.20.57:043][  0]LogOcInput: OculusInput pre-init called
[2018.01.28-13.20.57:382][  0]LogEngine: Initializing Engine...
[2018.01.28-13.21.03:455][  0]LogHMD: Failed to initialize OpenVR with code 108
[2018.01.28-13.21.03:674][  0]LogStats: UGameplayTagsManager::ConstructGameplayTagTree: Construct from data asset -  0.000 s
[2018.01.28-13.21.03:674][  0]LogStats: UGameplayTagsManager::ConstructGameplayTagTree: GameplayTagTreeChangedEvent.Broadcast -  0.000 s
[2018.01.28-13.21.03:841][  0]LogAIModule: Creating AISystem for world Untitled
[2018.01.28-13.21.03:873][  0]LogInit: XAudio2 using 'Headphones (High Definition Audio Device)' : 2 channels at 48 kHz using 16 bits per sample (channel mask 0x3)
[2018.01.28-13.21.03:917][  0]LogInit: FAudioDevice initialized.
[2018.01.28-13.21.04:141][  0]LogDerivedDataCache: Saved boot cache 0.22s 92MB C:/Users/Brad/AppData/Local/UnrealEngine/4.18/DerivedDataCache/Boot.ddc.
[2018.01.28-13.21.04:154][  0]LogInit: Texture streaming: Enabled
[2018.01.28-13.21.04:271][  0]LogEngineSessionManager: EngineSessionManager initialized
[2018.01.28-13.21.04:431][  0]LogInit: Transaction tracking system initialized
[2018.01.28-13.21.04:804][  0]BlueprintLog: New page: Editor Load
[2018.01.28-13.21.05:804][  0]LocalizationService: Localization service is disabled
[2018.01.28-13.21.06:612][  0]LogConsoleResponse: Display: 
[2018.01.28-13.21.06:986][  0]LogCook: Display: Max memory allowance for cook 16384mb min free memory 0mb
[2018.01.28-13.21.06:986][  0]LogCook: Display: Mobile HDR setting 1
[2018.01.28-13.21.06:986][  0]LogGameplayTags: Display: UGameplayTagsManager::DoneAddingNativeTags. DelegateIsBound: 0
[2018.01.28-13.21.07:053][  0]LogFileCache: Scanning file cache for directory 'D:/Misc/Global Game Jam 2018/UE4/XDetectorVR/Content/' took 0.02s
[2018.01.28-13.21.08:332][  0]SourceControl: Source control is disabled
[2018.01.28-13.21.08:332][  0]Cmd: MAP LOAD FILE="D:/Misc/Global Game Jam 2018/UE4/XDetectorVR/Content/Maps/GridWorld.umap" TEMPLATE=0 SHOWPROGRESS=1 FEATURELEVEL=3
[2018.01.28-13.21.08:339][  0]LightingResults: New page: Lighting Build
[2018.01.28-13.21.08:384][  0]MapCheck: New page: Map Check
[2018.01.28-13.21.08:384][  0]LightingResults: New page: Lighting Build
[2018.01.28-13.21.09:509][  0]LogAIModule: Creating AISystem for world GridWorld
[2018.01.28-13.21.09:517][  0]LogEditorServer: Finished looking for orphan Actors (0.000 secs)
[2018.01.28-13.21.09:537][  0]Cmd: MAP CHECKDEP NOCLEARLOG
[2018.01.28-13.21.09:602][  0]MapCheck: Map check complete: 0 Error(s), 0 Warning(s), took 65.37ms to complete.
[2018.01.28-13.21.09:602][  0]LogFileHelpers: Loading map 'GridWorld' took 1.271
[2018.01.28-13.21.09:663][  0]LogWindowsTextInputMethodSystem: Display: IME system now deactivated.
[2018.01.28-13.21.09:789][  0]LogCollectionManager: Loaded 0 collections in 0.002353 seconds
[2018.01.28-13.21.09:875][  0]LogFileCache: Scanning file cache for directory 'D:/Misc/Global Game Jam 2018/UE4/XDetectorVR/Saved/Collections/' took 0.01s
[2018.01.28-13.21.09:875][  0]LogFileCache: Scanning file cache for directory 'D:/Misc/Global Game Jam 2018/UE4/XDetectorVR/Content/Developers/Brad/Collections/' took 0.01s
[2018.01.28-13.21.09:875][  0]LogFileCache: Scanning file cache for directory 'D:/Misc/Global Game Jam 2018/UE4/XDetectorVR/Content/Collections/' took 0.01s
[2018.01.28-13.21.09:875][  0]LogCollectionManager: Rebuilt the GUID cache for 0 collections in 0.000000 seconds
[2018.01.28-13.21.09:884][  0]LogContentBrowser: Native class hierarchy populated in 0.0080 seconds. Added 2363 classes and 519 folders.
[2018.01.28-13.21.09:951][  0]LogContentBrowser: Native class hierarchy updated for 'WidgetCarousel' in 0.0002 seconds. Added 0 classes and 0 folders.
[2018.01.28-13.21.10:274][  0]LogContentBrowser: Native class hierarchy updated for 'AddContentDialog' in 0.0003 seconds. Added 0 classes and 0 folders.
[2018.01.28-13.21.10:348][  0]LogContentBrowser: Native class hierarchy updated for 'SceneOutliner' in 0.0002 seconds. Added 1 classes and 2 folders.
[2018.01.28-13.21.10:416][  0]LogSlate: Took 0.000221 seconds to synchronously load lazily loaded font '../../../Engine/Content/Slate/Fonts/Roboto-Regular.ttf' (155K)
[2018.01.28-13.21.10:418][  0]LogSlate: Took 0.000180 seconds to synchronously load lazily loaded font '../../../Engine/Content/Slate/Fonts/Roboto-Bold.ttf' (160K)
[2018.01.28-13.21.10:429][  0]LogSlate: Took 0.005320 seconds to synchronously load lazily loaded font '../../../Engine/Content/Editor/Slate/Fonts/FontAwesome.ttf' (139K)
[2018.01.28-13.21.10:570][  0]LogRenderer: Reallocating scene render targets to support 1176x584 Format 26 NumSamples 1 (Frame:1).
[2018.01.28-13.21.10:781][  0]LogContentBrowser: Native class hierarchy updated for 'HierarchicalLODOutliner' in 0.0002 seconds. Added 1 classes and 2 folders.
[2018.01.28-13.21.10:781][  0]LogLoad: (Engine Initialization) Total time: 28.46 seconds
[2018.01.28-13.21.10:781][  0]LogLoad: (Engine Initialization) Total Blueprint compile time: 0.00 seconds
[2018.01.28-13.21.10:781][  0]LogExternalProfiler: No external profilers were discovered.  External profiling features will not be available.
[2018.01.28-13.21.10:808][  0]LogAssetRegistry: Asset discovery search completed in 20.1008 seconds
[2018.01.28-13.21.10:810][  0]LogCollectionManager: Rebuilt the object cache for 0 collections in 0.000000 seconds (found 0 objects)
[2018.01.28-13.21.10:810][  0]LogCollectionManager: Fixed up redirectors for 0 collections in 0.000040 seconds (updated 0 objects)
[2018.01.28-13.21.10:812][  0]LogContentStreaming: Texture pool size now 1000 MB
[2018.01.28-13.21.10:877][  0]LogSlate: Took 0.005488 seconds to synchronously load lazily loaded font '../../../Engine/Content/Slate/Fonts/Roboto-Light.ttf' (159K)
[2018.01.28-13.26.07:681][667]LogSlate: Took 0.000407 seconds to synchronously load lazily loaded font '../../../Engine/Content/Slate/Fonts/Roboto-Light.ttf' (159K)
[2018.01.28-13.26.07:705][667]LogFactory: FactoryCreateFile: FileMediaSource with WmfFileMediaSourceFactory (0 0 D:\Misc\Global Game Jam 2018\Sounds Music\Noise_01.mp3)
[2018.01.28-13.26.14:712][688]LogFactory: FactoryCreateFile: FileMediaSource with WmfFileMediaSourceFactory (0 0 D:\Misc\Global Game Jam 2018\Sounds Music\Wham! - Wake Me Up Before You Go-Go (Official Video).mp3)
[2018.01.28-13.31.03:097][351]LogSlate: Took 0.000495 seconds to synchronously load lazily loaded font '../../../Engine/Content/Slate/Fonts/Roboto-Light.ttf' (159K)
[2018.01.28-13.31.12:163][378]LogFileHelpers: Editor autosave (incl. sublevels) for '/Game/Maps/GridWorld' took 0.038
[2018.01.28-13.31.12:166][378]OBJ SavePackage: Generating thumbnails for [0] asset(s) in package [/Game/X_Sounds/Noise_01] ([1] browsable assets)...
[2018.01.28-13.31.12:166][378]OBJ SavePackage: Finished generating thumbnails for package [/Game/X_Sounds/Noise_01]
[2018.01.28-13.31.12:166][378]Cmd: OBJ SAVEPACKAGE PACKAGE="/Game/X_Sounds/Noise_01" FILE="D:/Misc/Global Game Jam 2018/UE4/XDetectorVR/Saved/Autosaves/Game/X_Sounds/Noise_01_Auto1.uasset" SILENT=false AUTOSAVING=true
[2018.01.28-13.31.12:175][378]LogSavePackage: Save=6.85ms
[2018.01.28-13.31.12:175][378]LogSavePackage: Moving 'D:/Misc/Global Game Jam 2018/UE4/XDetectorVR/Saved/Noise_01_Auto1B0A051794E23396284E907974C8FE414.tmp' to 'D:/Misc/Global Game Jam 2018/UE4/XDetectorVR/Saved/Autosaves/Game/X_Sounds/Noise_01_Auto1.uasset'
[2018.01.28-13.31.12:176][378]LogSavePackage: Display: Finished SavePackage D:/Misc/Global Game Jam 2018/UE4/XDetectorVR/Saved/Autosaves/Game/X_Sounds/Noise_01_Auto1.uasset
[2018.01.28-13.31.12:177][378]OBJ SavePackage: Generating thumbnails for [0] asset(s) in package [/Game/X_Sounds/Wham__-_Wake_Me_Up_Before_You_Go-Go__Official_Video_] ([1] browsable assets)...
[2018.01.28-13.31.12:177][378]OBJ SavePackage: Finished generating thumbnails for package [/Game/X_Sounds/Wham__-_Wake_Me_Up_Before_You_Go-Go__Official_Video_]
[2018.01.28-13.31.12:184][378]LogSavePackage: Save=5.70ms
[2018.01.28-13.31.12:185][378]LogSavePackage: Moving 'D:/Misc/Global Game Jam 2018/UE4/XDetectorVR/Saved/Wham__-_Wake_Me_Up_Before_You_Go7347C47F41971E1C428FA0ABE6F0372E.tmp' to 'D:/Misc/Global Game Jam 2018/UE4/XDetectorVR/Saved/Autosaves/Game/X_Sounds/Wham__-_Wake_Me_Up_Before_You_Go-Go__Official_Video__Auto1.uasset'
[2018.01.28-13.31.12:185][378]LogSavePackage: Display: Finished SavePackage D:/Misc/Global Game Jam 2018/UE4/XDetectorVR/Saved/Autosaves/Game/X_Sounds/Wham__-_Wake_Me_Up_Before_You_Go-Go__Official_Video__Auto1.uasset
[2018.01.28-13.31.12:185][378]LogFileHelpers: Auto-saving content packages took 0.021
[2018.01.28-13.45.00:239][192]LogBlueprintUserMessages: Early PlayInEditor Detection: Level '/Game/Maps/GridWorld.GridWorld:PersistentLevel' has LevelScriptBlueprint '/Game/Maps/GridWorld.GridWorld:PersistentLevel.GridWorld' with GeneratedClass '/Game/Maps/GridWorld.GridWorld_C' with ClassGeneratedBy '/Game/Maps/GridWorld.GridWorld:PersistentLevel.GridWorld'
[2018.01.28-13.45.00:239][192]LogPlayLevel: PlayLevel: No blueprints needed recompiling
[2018.01.28-13.45.00:241][192]PIE: New page: SIE session: GridWorld (Jan 28, 2018, 3:45:00 AM)
[2018.01.28-13.45.00:241][192]LogPlayLevel: Creating play world package: /Game/Maps/UEDPIE_0_GridWorld
[2018.01.28-13.45.00:262][192]LogPlayLevel: PIE: StaticDuplicateObject took: (0.020781s)
[2018.01.28-13.45.00:262][192]LogAIModule: Creating AISystem for world GridWorld
[2018.01.28-13.45.00:263][192]LogPlayLevel: PIE: World Init took: (0.000749s)
[2018.01.28-13.45.00:263][192]LogPlayLevel: PIE: Created PIE world by copying editor world from /Game/Maps/GridWorld.GridWorld to /Game/Maps/UEDPIE_0_GridWorld.GridWorld (0.021867s)
[2018.01.28-13.45.00:303][192]LogInit: XAudio2 using 'Headphones (High Definition Audio Device)' : 2 channels at 48 kHz using 16 bits per sample (channel mask 0x3)
[2018.01.28-13.45.00:316][192]LogInit: FAudioDevice initialized.
[2018.01.28-13.45.00:365][192]LogUObjectGlobals: Warning: Failed to find object 'Class None.'
[2018.01.28-13.45.00:365][192]LogLoad: Game class is 'GameModeBase'
[2018.01.28-13.45.00:374][192]LogWorld: Bringing World /Game/Maps/UEDPIE_0_GridWorld.GridWorld up for play (max tick rate 0) at 2018.01.28-08.45.00
[2018.01.28-13.45.00:375][192]LogWorld: Bringing up level for play took: 0.005412
[2018.01.28-13.45.00:376][192]LogGameMode: FindPlayerStart: PATHS NOT DEFINED or NO PLAYERSTART with positive rating
[2018.01.28-13.45.00:451][192]LogContentBrowser: Native class hierarchy updated for 'MovieSceneCapture' in 0.0003 seconds. Added 11 classes and 0 folders.
[2018.01.28-13.45.00:459][192]PIE: Play in editor start time for /Game/Maps/UEDPIE_0_GridWorld 0.285
[2018.01.28-13.45.00:481][192]LogBlueprintUserMessages: Late PlayInEditor Detection: Level '/Game/Maps/GridWorld.GridWorld:PersistentLevel' has LevelScriptBlueprint '/Game/Maps/GridWorld.GridWorld:PersistentLevel.GridWorld' with GeneratedClass '/Game/Maps/GridWorld.GridWorld_C' with ClassGeneratedBy '/Game/Maps/GridWorld.GridWorld:PersistentLevel.GridWorld'
[2018.01.28-13.45.31:916][160]PIE: Warning: Mobility of /Game/Maps/UEDPIE_0_GridWorld.GridWorld:PersistentLevel.BoxBrush9 : BrushComponent0 has to be 'Movable' if you'd like to move. 
[2018.01.28-13.45.31:916][160]PIE: Warning: Mobility of /Game/Maps/UEDPIE_0_GridWorld.GridWorld:PersistentLevel.BoxBrush9 : BrushComponent0 has to be 'Movable' if you'd like to move. 
[2018.01.28-13.45.31:962][163]PIE: Warning: Mobility of /Game/Maps/UEDPIE_0_GridWorld.GridWorld:PersistentLevel.BoxBrush9 : BrushComponent0 has to be 'Movable' if you'd like to move. 
[2018.01.28-13.45.31:962][163]PIE: Warning: Mobility of /Game/Maps/UEDPIE_0_GridWorld.GridWorld:PersistentLevel.BoxBrush9 : BrushComponent0 has to be 'Movable' if you'd like to move. 
[2018.01.28-13.45.32:024][167]PIE: Warning: Mobility of /Game/Maps/UEDPIE_0_GridWorld.GridWorld:PersistentLevel.BoxBrush9 : BrushComponent0 has to be 'Movable' if you'd like to move. 
[2018.01.28-13.45.32:024][167]PIE: Warning: Mobility of /Game/Maps/UEDPIE_0_GridWorld.GridWorld:PersistentLevel.BoxBrush9 : BrushComponent0 has to be 'Movable' if you'd like to move. 
[2018.01.28-13.45.32:080][171]PIE: Warning: Mobility of /Game/Maps/UEDPIE_0_GridWorld.GridWorld:PersistentLevel.BoxBrush9 : BrushComponent0 has to be 'Movable' if you'd like to move. 
[2018.01.28-13.45.32:080][171]PIE: Warning: Mobility of /Game/Maps/UEDPIE_0_GridWorld.GridWorld:PersistentLevel.BoxBrush9 : BrushComponent0 has to be 'Movable' if you'd like to move. 
[2018.01.28-13.45.32:205][180]PIE: Warning: Mobility of /Game/Maps/UEDPIE_0_GridWorld.GridWorld:PersistentLevel.BoxBrush9 : BrushComponent0 has to be 'Movable' if you'd like to move. 
[2018.01.28-13.45.32:205][180]PIE: Warning: Mobility of /Game/Maps/UEDPIE_0_GridWorld.GridWorld:PersistentLevel.BoxBrush9 : BrushComponent0 has to be 'Movable' if you'd like to move. 
[2018.01.28-13.45.32:309][188]PIE: Warning: Mobility of /Game/Maps/UEDPIE_0_GridWorld.GridWorld:PersistentLevel.BoxBrush9 : BrushComponent0 has to be 'Movable' if you'd like to move. 
[2018.01.28-13.45.32:309][188]PIE: Warning: Mobility of /Game/Maps/UEDPIE_0_GridWorld.GridWorld:PersistentLevel.BoxBrush9 : BrushComponent0 has to be 'Movable' if you'd like to move. 
[2018.01.28-13.45.32:399][195]PIE: Warning: Mobility of /Game/Maps/UEDPIE_0_GridWorld.GridWorld:PersistentLevel.BoxBrush9 : BrushComponent0 has to be 'Movable' if you'd like to move. 
[2018.01.28-13.45.32:399][195]PIE: Warning: Mobility of /Game/Maps/UEDPIE_0_GridWorld.GridWorld:PersistentLevel.BoxBrush9 : BrushComponent0 has to be 'Movable' if you'd like to move. 
[2018.01.28-13.45.32:675][216]PIE: Warning: Mobility of /Game/Maps/UEDPIE_0_GridWorld.GridWorld:PersistentLevel.BoxBrush9 : BrushComponent0 has to be 'Movable' if you'd like to move. 
[2018.01.28-13.45.32:675][216]PIE: Warning: Mobility of /Game/Maps/UEDPIE_0_GridWorld.GridWorld:PersistentLevel.BoxBrush9 : BrushComponent0 has to be 'Movable' if you'd like to move. 
[2018.01.28-13.45.32:691][217]PIE: Warning: Mobility of /Game/Maps/UEDPIE_0_GridWorld.GridWorld:PersistentLevel.BoxBrush9 : BrushComponent0 has to be 'Movable' if you'd like to move. 
[2018.01.28-13.45.32:691][217]PIE: Warning: Mobility of /Game/Maps/UEDPIE_0_GridWorld.GridWorld:PersistentLevel.BoxBrush9 : BrushComponent0 has to be 'Movable' if you'd like to move. 
[2018.01.28-13.45.32:704][218]PIE: Warning: Mobility of /Game/Maps/UEDPIE_0_GridWorld.GridWorld:PersistentLevel.BoxBrush9 : BrushComponent0 has to be 'Movable' if you'd like to move. 
[2018.01.28-13.45.32:704][218]PIE: Warning: Mobility of /Game/Maps/UEDPIE_0_GridWorld.GridWorld:PersistentLevel.BoxBrush9 : BrushComponent0 has to be 'Movable' if you'd like to move. 
[2018.01.28-13.45.32:718][219]PIE: Warning: Mobility of /Game/Maps/UEDPIE_0_GridWorld.GridWorld:PersistentLevel.BoxBrush9 : BrushComponent0 has to be 'Movable' if you'd like to move. 
[2018.01.28-13.45.32:718][219]PIE: Warning: Mobility of /Game/Maps/UEDPIE_0_GridWorld.GridWorld:PersistentLevel.BoxBrush9 : BrushComponent0 has to be 'Movable' if you'd like to move. 
[2018.01.28-13.45.32:731][220]PIE: Warning: Mobility of /Game/Maps/UEDPIE_0_GridWorld.GridWorld:PersistentLevel.BoxBrush9 : BrushComponent0 has to be 'Movable' if you'd like to move. 
[2018.01.28-13.45.32:731][220]PIE: Warning: Mobility of /Game/Maps/UEDPIE_0_GridWorld.GridWorld:PersistentLevel.BoxBrush9 : BrushComponent0 has to be 'Movable' if you'd like to move. 
[2018.01.28-13.45.36:323][352]LogBlueprintUserMessages: Early EndPlayMap Detection: Level '/Game/Maps/GridWorld.GridWorld:PersistentLevel' has LevelScriptBlueprint '/Game/Maps/GridWorld.GridWorld:PersistentLevel.GridWorld' with GeneratedClass '/Game/Maps/GridWorld.GridWorld_C' with ClassGeneratedBy '/Game/Maps/GridWorld.GridWorld:PersistentLevel.GridWorld'
[2018.01.28-13.45.36:386][352]LogBlueprintUserMessages: Late EndPlayMap Detection: Level '/Game/Maps/GridWorld.GridWorld:PersistentLevel' has LevelScriptBlueprint '/Game/Maps/GridWorld.GridWorld:PersistentLevel.GridWorld' with GeneratedClass '/Game/Maps/GridWorld.GridWorld_C' with ClassGeneratedBy '/Game/Maps/GridWorld.GridWorld:PersistentLevel.GridWorld'
[2018.01.28-13.45.47:725][795]LogEditorViewport: Clicking on Actor (LMB): NavModifierVolume (NavModifierVolume3)
[2018.01.28-13.46.41:681][191]LogBlueprintUserMessages: Early PlayInEditor Detection: Level '/Game/Maps/GridWorld.GridWorld:PersistentLevel' has LevelScriptBlueprint '/Game/Maps/GridWorld.GridWorld:PersistentLevel.GridWorld' with GeneratedClass '/Game/Maps/GridWorld.GridWorld_C' with ClassGeneratedBy '/Game/Maps/GridWorld.GridWorld:PersistentLevel.GridWorld'
[2018.01.28-13.46.41:681][191]LogPlayLevel: PlayLevel: No blueprints needed recompiling
[2018.01.28-13.46.41:682][191]PIE: New page: PIE session: GridWorld (Jan 28, 2018, 3:46:41 AM)
[2018.01.28-13.46.41:682][191]LogPlayLevel: Creating play world package: /Game/Maps/UEDPIE_0_GridWorld
[2018.01.28-13.46.41:692][191]LogPlayLevel: PIE: StaticDuplicateObject took: (0.010487s)
[2018.01.28-13.46.41:693][191]LogAIModule: Creating AISystem for world GridWorld
[2018.01.28-13.46.41:693][191]LogPlayLevel: PIE: World Init took: (0.000604s)
[2018.01.28-13.46.41:693][191]LogPlayLevel: PIE: Created PIE world by copying editor world from /Game/Maps/GridWorld.GridWorld to /Game/Maps/UEDPIE_0_GridWorld.GridWorld (0.011329s)
[2018.01.28-13.46.41:727][191]LogInit: XAudio2 using 'Headphones (High Definition Audio Device)' : 2 channels at 48 kHz using 16 bits per sample (channel mask 0x3)
[2018.01.28-13.46.41:736][191]LogInit: FAudioDevice initialized.
[2018.01.28-13.46.41:769][191]LogUObjectGlobals: Warning: Failed to find object 'Class None.'
[2018.01.28-13.46.41:769][191]LogLoad: Game class is 'GameModeBase'
[2018.01.28-13.46.41:772][191]LogWorld: Bringing World /Game/Maps/UEDPIE_0_GridWorld.GridWorld up for play (max tick rate 0) at 2018.01.28-08.46.41
[2018.01.28-13.46.41:772][191]LogWorld: Bringing up level for play took: 0.002171
[2018.01.28-13.46.41:775][191]PIE: Play in editor start time for /Game/Maps/UEDPIE_0_GridWorld -0.398
[2018.01.28-13.46.41:775][191]LogBlueprintUserMessages: Late PlayInEditor Detection: Level '/Game/Maps/GridWorld.GridWorld:PersistentLevel' has LevelScriptBlueprint '/Game/Maps/GridWorld.GridWorld:PersistentLevel.GridWorld' with GeneratedClass '/Game/Maps/GridWorld.GridWorld_C' with ClassGeneratedBy '/Game/Maps/GridWorld.GridWorld:PersistentLevel.GridWorld'
[2018.01.28-13.46.44:243][480]LogBlueprintUserMessages: Early EndPlayMap Detection: Level '/Game/Maps/GridWorld.GridWorld:PersistentLevel' has LevelScriptBlueprint '/Game/Maps/GridWorld.GridWorld:PersistentLevel.GridWorld' with GeneratedClass '/Game/Maps/GridWorld.GridWorld_C' with ClassGeneratedBy '/Game/Maps/GridWorld.GridWorld:PersistentLevel.GridWorld'
[2018.01.28-13.46.44:278][480]LogBlueprintUserMessages: Late EndPlayMap Detection: Level '/Game/Maps/GridWorld.GridWorld:PersistentLevel' has LevelScriptBlueprint '/Game/Maps/GridWorld.GridWorld:PersistentLevel.GridWorld' with GeneratedClass '/Game/Maps/GridWorld.GridWorld_C' with ClassGeneratedBy '/Game/Maps/GridWorld.GridWorld:PersistentLevel.GridWorld'
[2018.01.28-13.49.22:185][ 25]Cmd: TRANSACTION UNDO
[2018.01.28-13.49.22:185][ 25]LogEditorTransaction: Undo Move Actors
[2018.01.28-13.49.52:926][211]Cmd: OBJ SAVEPACKAGE PACKAGE="/Game/Maps/GridWorld" FILE="D:/Misc/Global Game Jam 2018/UE4/XDetectorVR/Saved/Autosaves/Game/Maps/GridWorld_Auto2.umap" SILENT=true AUTOSAVING=true KEEPDIRTY=false
[2018.01.28-13.49.53:184][211]LogSavePackage: Save=249.37ms
[2018.01.28-13.49.53:184][211]LogSavePackage: Moving 'D:/Misc/Global Game Jam 2018/UE4/XDetectorVR/Saved/GridWorld_Auto2A1F0C0594D7BF4877C4B9EA2AFA126EA.tmp' to 'D:/Misc/Global Game Jam 2018/UE4/XDetectorVR/Saved/Autosaves/Game/Maps/GridWorld_Auto2.umap'
[2018.01.28-13.49.53:185][211]LogSavePackage: Display: Finished SavePackage D:/Misc/Global Game Jam 2018/UE4/XDetectorVR/Saved/Autosaves/Game/Maps/GridWorld_Auto2.umap
[2018.01.28-13.49.53:188][211]LogFileHelpers: Editor autosave (incl. sublevels) for '/Game/Maps/GridWorld' took 0.322
[2018.01.28-13.49.53:188][211]LogFileHelpers: Editor autosave (incl. sublevels) for all levels took 0.322
[2018.01.28-13.49.53:245][211]OBJ SavePackage: Generating thumbnails for [0] asset(s) in package [/Game/X_Sounds/Noise] ([1] browsable assets)...
[2018.01.28-13.49.53:245][211]OBJ SavePackage: Finished generating thumbnails for package [/Game/X_Sounds/Noise]
[2018.01.28-13.49.53:245][211]Cmd: OBJ SAVEPACKAGE PACKAGE="/Game/X_Sounds/Noise" FILE="D:/Misc/Global Game Jam 2018/UE4/XDetectorVR/Saved/Autosaves/Game/X_Sounds/Noise_Auto2.uasset" SILENT=false AUTOSAVING=true
[2018.01.28-13.49.53:258][211]LogSavePackage: Save=10.14ms
[2018.01.28-13.49.53:258][211]LogSavePackage: Moving 'D:/Misc/Global Game Jam 2018/UE4/XDetectorVR/Saved/Noise_Auto23B591D5D418EF5BD5D82F09C8F946EEE.tmp' to 'D:/Misc/Global Game Jam 2018/UE4/XDetectorVR/Saved/Autosaves/Game/X_Sounds/Noise_Auto2.uasset'
[2018.01.28-13.49.53:258][211]LogSavePackage: Display: Finished SavePackage D:/Misc/Global Game Jam 2018/UE4/XDetectorVR/Saved/Autosaves/Game/X_Sounds/Noise_Auto2.uasset
[2018.01.28-13.49.53:259][211]OBJ SavePackage: Generating thumbnails for [0] asset(s) in package [/Game/X_Sounds/WakeMeUp] ([1] browsable assets)...
[2018.01.28-13.49.53:259][211]OBJ SavePackage: Finished generating thumbnails for package [/Game/X_Sounds/WakeMeUp]
[2018.01.28-13.49.53:259][211]Cmd: OBJ SAVEPACKAGE PACKAGE="/Game/X_Sounds/WakeMeUp" FILE="D:/Misc/Global Game Jam 2018/UE4/XDetectorVR/Saved/Autosaves/Game/X_Sounds/WakeMeUp_Auto2.uasset" SILENT=false AUTOSAVING=true
[2018.01.28-13.49.53:271][211]LogSavePackage: Save=10.15ms
[2018.01.28-13.49.53:271][211]LogSavePackage: Moving 'D:/Misc/Global Game Jam 2018/UE4/XDetectorVR/Saved/WakeMeUp_Auto2D793741445C176AEB5D12CADA544FFA5.tmp' to 'D:/Misc/Global Game Jam 2018/UE4/XDetectorVR/Saved/Autosaves/Game/X_Sounds/WakeMeUp_Auto2.uasset'
[2018.01.28-13.49.53:272][211]LogSavePackage: Display: Finished SavePackage D:/Misc/Global Game Jam 2018/UE4/XDetectorVR/Saved/Autosaves/Game/X_Sounds/WakeMeUp_Auto2.uasset
[2018.01.28-13.49.53:272][211]OBJ SavePackage: Generating thumbnails for [0] asset(s) in package [/Game/X_Sounds/NoiseAtt] ([1] browsable assets)...
[2018.01.28-13.49.53:272][211]OBJ SavePackage: Finished generating thumbnails for package [/Game/X_Sounds/NoiseAtt]
[2018.01.28-13.49.53:272][211]Cmd: OBJ SAVEPACKAGE PACKAGE="/Game/X_Sounds/NoiseAtt" FILE="D:/Misc/Global Game Jam 2018/UE4/XDetectorVR/Saved/Autosaves/Game/X_Sounds/NoiseAtt_Auto2.uasset" SILENT=false AUTOSAVING=true
[2018.01.28-13.49.53:279][211]LogSavePackage: Save=4.73ms
[2018.01.28-13.49.53:279][211]LogSavePackage: Moving 'D:/Misc/Global Game Jam 2018/UE4/XDetectorVR/Saved/NoiseAtt_Auto29B1A23354BB8E2C4C31E0C994C387BCC.tmp' to 'D:/Misc/Global Game Jam 2018/UE4/XDetectorVR/Saved/Autosaves/Game/X_Sounds/NoiseAtt_Auto2.uasset'
[2018.01.28-13.49.53:280][211]LogSavePackage: Display: Finished SavePackage D:/Misc/Global Game Jam 2018/UE4/XDetectorVR/Saved/Autosaves/Game/X_Sounds/NoiseAtt_Auto2.uasset
[2018.01.28-13.49.53:280][211]LogFileHelpers: Auto-saving content packages took 0.035
[2018.01.28-13.56.32:605][ 19]Cmd: TRANSACTION UNDO
[2018.01.28-13.56.32:605][ 19]LogEditorTransaction: Undo Move Actors
[2018.01.28-13.56.32:608][ 19]LogActorComponent: ~FComponentReregisterContext: (/Game/Maps/GridWorld.GridWorld:PersistentLevel.BoxBrush8.BrushComponent0) Component already registered.
[2018.01.28-13.56.32:609][ 19]LogActorComponent: ~FComponentReregisterContext: (/Game/Maps/GridWorld.GridWorld:PersistentLevel.BoxBrush3.BrushComponent0) Component already registered.
[2018.01.28-13.56.32:609][ 19]LogActorComponent: ~FComponentReregisterContext: (/Game/Maps/GridWorld.GridWorld:PersistentLevel.BoxBrush13.BrushComponent0) Component already registered.
[2018.01.28-13.57.40:678][584]LogEditorViewport: Clicking on Actor (LMB): BP_PickupCube_C (EditorCube32)
[2018.01.28-13.58.16:271][871]LogMetaData: Removing '/Game/X_Meshes/BP_PickupCube.BP_PickupCube:UserConstructionScript.K2Node_FunctionEntry_0' ref from Metadata '/Game/VirtualRealityBP/Blueprints/BP_PickupCube.PackageMetaData'
[2018.01.28-13.58.16:271][871]LogMetaData: Removing '/Game/X_Meshes/BP_PickupCube.BP_PickupCube_C' ref from Metadata '/Game/VirtualRealityBP/Blueprints/BP_PickupCube.PackageMetaData'
[2018.01.28-13.58.16:271][871]LogMetaData: Removing '/Game/X_Meshes/BP_PickupCube.BP_PickupCube:EventGraph.K2Node_Event_0' ref from Metadata '/Game/VirtualRealityBP/Blueprints/BP_PickupCube.PackageMetaData'
[2018.01.28-13.58.16:271][871]LogMetaData: Removing '/Game/X_Meshes/BP_PickupCube.BP_PickupCube:EventGraph.K2Node_Event_1' ref from Metadata '/Game/VirtualRealityBP/Blueprints/BP_PickupCube.PackageMetaData'
[2018.01.28-13.58.16:271][871]LogMetaData: Removing '/Game/X_Meshes/BP_PickupCube.BP_PickupCube:EventGraph.K2Node_Event_2' ref from Metadata '/Game/VirtualRealityBP/Blueprints/BP_PickupCube.PackageMetaData'
[2018.01.28-13.58.16:271][871]LogMetaData: Removing '/Game/X_Meshes/BP_PickupCube.SKEL_BP_PickupCube_C:ReceiveBeginPlay' ref from Metadata '/Game/VirtualRealityBP/Blueprints/BP_PickupCube.PackageMetaData'
[2018.01.28-13.58.16:271][871]LogMetaData: Removing '/Game/X_Meshes/BP_PickupCube.SKEL_BP_PickupCube_C:ReceiveActorBeginOverlap' ref from Metadata '/Game/VirtualRealityBP/Blueprints/BP_PickupCube.PackageMetaData'
[2018.01.28-13.58.16:271][871]LogMetaData: Removing '/Game/X_Meshes/BP_PickupCube.SKEL_BP_PickupCube_C:ReceiveTick' ref from Metadata '/Game/VirtualRealityBP/Blueprints/BP_PickupCube.PackageMetaData'
[2018.01.28-13.58.16:271][871]LogMetaData: Removing '/Game/X_Meshes/BP_PickupCube.SKEL_BP_PickupCube_C:UserConstructionScript' ref from Metadata '/Game/VirtualRealityBP/Blueprints/BP_PickupCube.PackageMetaData'
[2018.01.28-13.58.16:271][871]LogMetaData: Removing '/Game/X_Meshes/BP_PickupCube.SKEL_BP_PickupCube_C' ref from Metadata '/Game/VirtualRealityBP/Blueprints/BP_PickupCube.PackageMetaData'
[2018.01.28-13.58.16:271][871]LogMetaData: Removing '/Game/X_Meshes/BP_PickupCube.BP_PickupCube_C:UserConstructionScript' ref from Metadata '/Game/VirtualRealityBP/Blueprints/BP_PickupCube.PackageMetaData'
[2018.01.28-13.58.16:271][871]LogMetaData: Removing '/Game/X_Meshes/BP_PickupCube.BP_PickupCube_C:ExecuteUbergraph_BP_PickupCube' ref from Metadata '/Game/VirtualRealityBP/Blueprints/BP_PickupCube.PackageMetaData'
[2018.01.28-13.58.16:337][871]Cmd: OBJ SAVEPACKAGE PACKAGE="/Game/X_Meshes/BP_PickupCube" FILE="D:/Misc/Global Game Jam 2018/UE4/XDetectorVR/Content/X_Meshes/BP_PickupCube.uasset" SILENT=true
[2018.01.28-13.58.16:385][871]LogSavePackage: Save=45.69ms
[2018.01.28-13.58.16:385][871]LogSavePackage: Moving 'D:/Misc/Global Game Jam 2018/UE4/XDetectorVR/Saved/BP_PickupCube62352CC3485A650541F7988BD8D199A7.tmp' to 'D:/Misc/Global Game Jam 2018/UE4/XDetectorVR/Content/X_Meshes/BP_PickupCube.uasset'
[2018.01.28-13.58.16:388][871]LogSavePackage: Display: Finished SavePackage D:/Misc/Global Game Jam 2018/UE4/XDetectorVR/Content/X_Meshes/BP_PickupCube.uasset
[2018.01.28-13.58.16:392][871]Cmd: OBJ SAVEPACKAGE PACKAGE="/Game/VirtualRealityBP/Blueprints/BP_PickupCube" FILE="D:/Misc/Global Game Jam 2018/UE4/XDetectorVR/Content/VirtualRealityBP/Blueprints/BP_PickupCube.uasset" SILENT=true
[2018.01.28-13.58.16:409][871]LogSavePackage: Save=6.18ms
[2018.01.28-13.58.16:409][871]LogSavePackage: Moving 'D:/Misc/Global Game Jam 2018/UE4/XDetectorVR/Saved/BP_PickupCube8D63F24547D458F84061D18519697B8B.tmp' to 'D:/Misc/Global Game Jam 2018/UE4/XDetectorVR/Content/VirtualRealityBP/Blueprints/BP_PickupCube.uasset'
[2018.01.28-13.58.16:412][871]LogSavePackage: Display: Finished SavePackage D:/Misc/Global Game Jam 2018/UE4/XDetectorVR/Content/VirtualRealityBP/Blueprints/BP_PickupCube.uasset
[2018.01.28-13.58.18:668][120]LogEditorViewport: Clicking on Actor (LMB): BP_PickupSHoe_C (BP_PickupSHoe)
[2018.01.28-13.58.19:222][181]LogEditorViewport: Clicking on Actor (context menu): BP_PickupSHoe_C (BP_PickupSHoe)
[2018.01.28-14.03.43:266][372]LogEditorViewport: Clicking on Actor (LMB): TextRenderActor (TextRenderActor)
[2018.01.28-14.03.46:749][783]LogEditorViewport: Clicking on Actor (LMB): TextRenderActor (TextRenderActor2)
[2018.01.28-14.03.50:508][228]LogEditorViewport: Clicking on Actor (LMB): StaticMeshActor (Shoe)
[2018.01.28-14.03.53:219][548]Cmd: DELETE
[2018.01.28-14.03.53:219][548]Cmd: ACTOR DELETE
[2018.01.28-14.03.53:224][548]LogEditorActor: Deleted Actor: StaticMeshActor
[2018.01.28-14.03.53:255][548]LogEditorActor: Deleted 1 Actors (0.036 secs)
[2018.01.28-14.03.55:266][789]LogEditorViewport: Clicking on Actor (LMB): StaticMeshActor (Radio_03)
[2018.01.28-14.03.56:216][898]Cmd: DELETE
[2018.01.28-14.03.56:216][898]Cmd: ACTOR DELETE
[2018.01.28-14.03.56:220][898]LogEditorActor: Deleted Actor: StaticMeshActor
[2018.01.28-14.03.56:246][898]LogEditorActor: Deleted 1 Actors (0.030 secs)
[2018.01.28-14.03.57:140][  5]LogEditorViewport: Clicking on Actor (LMB): StaticMeshActor (Radio_04)
[2018.01.28-14.03.57:514][ 45]Cmd: DELETE
[2018.01.28-14.03.57:514][ 45]Cmd: ACTOR DELETE
[2018.01.28-14.03.57:518][ 45]LogEditorActor: Deleted Actor: StaticMeshActor
[2018.01.28-14.03.57:549][ 45]LogEditorActor: Deleted 1 Actors (0.035 secs)
[2018.01.28-14.03.58:582][168]LogEditorViewport: Clicking on Actor (LMB): StaticMeshActor (Radio_01)
[2018.01.28-14.03.58:877][197]Cmd: DELETE
[2018.01.28-14.03.58:877][197]Cmd: ACTOR DELETE
[2018.01.28-14.03.58:882][197]LogEditorActor: Deleted Actor: StaticMeshActor
[2018.01.28-14.03.58:908][197]LogEditorActor: Deleted 1 Actors (0.031 secs)
[2018.01.28-14.04.12:989][886]LogEditorViewport: Clicking on Actor (LMB): StaticMeshActor (Radio_02)
[2018.01.28-14.04.13:364][926]Cmd: DELETE
[2018.01.28-14.04.13:364][926]Cmd: ACTOR DELETE
[2018.01.28-14.04.13:368][926]LogEditorActor: Deleted Actor: StaticMeshActor
[2018.01.28-14.04.13:399][926]LogEditorActor: Deleted 1 Actors (0.035 secs)
[2018.01.28-14.04.25:791][946]Cmd: OBJ SAVEPACKAGE PACKAGE="/Game/X_Meshes/stool" FILE="D:/Misc/Global Game Jam 2018/UE4/XDetectorVR/Content/X_Meshes/stool.uasset" SILENT=true
[2018.01.28-14.04.25:815][946]LogSavePackage: Save=21.12ms
[2018.01.28-14.04.25:815][946]LogSavePackage: Moving 'D:/Misc/Global Game Jam 2018/UE4/XDetectorVR/Saved/stool21FB19B1435189C9985699B60333FA45.tmp' to 'D:/Misc/Global Game Jam 2018/UE4/XDetectorVR/Content/X_Meshes/stool.uasset'
[2018.01.28-14.04.25:822][946]LogSavePackage: Display: Finished SavePackage D:/Misc/Global Game Jam 2018/UE4/XDetectorVR/Content/X_Meshes/stool.uasset
[2018.01.28-14.04.36:229][797]Cmd: OBJ SAVEPACKAGE PACKAGE="/Game/X_Meshes/Stool/Stool_Mat" FILE="D:/Misc/Global Game Jam 2018/UE4/XDetectorVR/Content/X_Meshes/Stool/Stool_Mat.uasset" SILENT=true
[2018.01.28-14.04.36:251][797]LogSavePackage: Save=19.68ms
[2018.01.28-14.04.36:251][797]LogSavePackage: Moving 'D:/Misc/Global Game Jam 2018/UE4/XDetectorVR/Saved/Stool_Mat946ACB164A8AEF31E86B9B9EA6DB0D93.tmp' to 'D:/Misc/Global Game Jam 2018/UE4/XDetectorVR/Content/X_Meshes/Stool/Stool_Mat.uasset'
[2018.01.28-14.04.36:253][797]LogSavePackage: Display: Finished SavePackage D:/Misc/Global Game Jam 2018/UE4/XDetectorVR/Content/X_Meshes/Stool/Stool_Mat.uasset
[2018.01.28-14.04.36:285][797]LogSavePackage: Save=14.24ms
[2018.01.28-14.04.36:285][797]LogSavePackage: Moving 'D:/Misc/Global Game Jam 2018/UE4/XDetectorVR/Saved/stool_1001_OcclusionRoughnessMet9126D4BD44DBDEAE5B43E186207D8E43.tmp' to 'D:/Misc/Global Game Jam 2018/UE4/XDetectorVR/Content/X_Meshes/Stool/stool_1001_OcclusionRoughnessMetallic.uasset'
[2018.01.28-14.04.36:287][797]LogSavePackage: Display: Finished SavePackage D:/Misc/Global Game Jam 2018/UE4/XDetectorVR/Content/X_Meshes/Stool/stool_1001_OcclusionRoughnessMetallic.uasset
[2018.01.28-14.04.36:304][797]Cmd: OBJ SAVEPACKAGE PACKAGE="/Game/X_Meshes/Stool/stool_1001_Normal" FILE="D:/Misc/Global Game Jam 2018/UE4/XDetectorVR/Content/X_Meshes/Stool/stool_1001_Normal.uasset" SILENT=true
[2018.01.28-14.04.36:372][797]LogSavePackage: Save=66.45ms
[2018.01.28-14.04.36:372][797]LogSavePackage: Moving 'D:/Misc/Global Game Jam 2018/UE4/XDetectorVR/Saved/stool_1001_Normal3425EC5C4138591789357E818790EF9C.tmp' to 'D:/Misc/Global Game Jam 2018/UE4/XDetectorVR/Content/X_Meshes/Stool/stool_1001_Normal.uasset'
[2018.01.28-14.04.36:377][797]LogSavePackage: Display: Finished SavePackage D:/Misc/Global Game Jam 2018/UE4/XDetectorVR/Content/X_Meshes/Stool/stool_1001_Normal.uasset
[2018.01.28-14.04.36:389][797]Cmd: OBJ SAVEPACKAGE PACKAGE="/Game/X_Meshes/Stool/stool_1001_Emissive" FILE="D:/Misc/Global Game Jam 2018/UE4/XDetectorVR/Content/X_Meshes/Stool/stool_1001_Emissive.uasset" SILENT=true
[2018.01.28-14.04.36:419][797]LogSavePackage: Save=26.69ms
[2018.01.28-14.04.36:419][797]LogSavePackage: Moving 'D:/Misc/Global Game Jam 2018/UE4/XDetectorVR/Saved/stool_1001_Emissive398318A54FAA45224BAEB7A68E584EE5.tmp' to 'D:/Misc/Global Game Jam 2018/UE4/XDetectorVR/Content/X_Meshes/Stool/stool_1001_Emissive.uasset'
[2018.01.28-14.04.36:422][797]LogSavePackage: Display: Finished SavePackage D:/Misc/Global Game Jam 2018/UE4/XDetectorVR/Content/X_Meshes/Stool/stool_1001_Emissive.uasset
[2018.01.28-14.04.36:438][797]Cmd: OBJ SAVEPACKAGE PACKAGE="/Game/X_Meshes/Stool/stool_1001_BaseColor" FILE="D:/Misc/Global Game Jam 2018/UE4/XDetectorVR/Content/X_Meshes/Stool/stool_1001_BaseColor.uasset" SILENT=true
[2018.01.28-14.04.36:503][797]LogSavePackage: Save=63.05ms
[2018.01.28-14.04.36:503][797]LogSavePackage: Moving 'D:/Misc/Global Game Jam 2018/UE4/XDetectorVR/Saved/stool_1001_BaseColor3AB17556403B53B76EA027B69EF8A2CC.tmp' to 'D:/Misc/Global Game Jam 2018/UE4/XDetectorVR/Content/X_Meshes/Stool/stool_1001_BaseColor.uasset'
[2018.01.28-14.04.36:505][797]LogSavePackage: Display: Finished SavePackage D:/Misc/Global Game Jam 2018/UE4/XDetectorVR/Content/X_Meshes/Stool/stool_1001_BaseColor.uasset
[2018.01.28-14.04.36:806][797]Cmd: OBJ SAVEPACKAGE PACKAGE="/Game/X_Meshes/stool" FILE="D:/Misc/Global Game Jam 2018/UE4/XDetectorVR/Content/X_Meshes/stool.uasset" SILENT=true
[2018.01.28-14.04.36:849][797]LogSavePackage: Save=12.42ms
[2018.01.28-14.04.36:849][797]LogSavePackage: Moving 'D:/Misc/Global Game Jam 2018/UE4/XDetectorVR/Saved/stoolDD0592E648C7678674EED6A9DB4F8324.tmp' to 'D:/Misc/Global Game Jam 2018/UE4/XDetectorVR/Content/X_Meshes/stool.uasset'
[2018.01.28-14.04.36:850][797]LogSavePackage: Display: Finished SavePackage D:/Misc/Global Game Jam 2018/UE4/XDetectorVR/Content/X_Meshes/stool.uasset
[2018.01.28-14.05.00:452][114]LogContentBrowser: Native class hierarchy updated for 'BlueprintGraph' in 0.0006 seconds. Added 116 classes and 0 folders.
[2018.01.28-14.05.01:044][114]LogSlate: Took 0.000154 seconds to synchronously load lazily loaded font '../../../Engine/Content/Slate/Fonts/Roboto-Regular.ttf' (155K)
[2018.01.28-14.05.01:164][114]LogSlate: Took 0.005439 seconds to synchronously load lazily loaded font '../../../Engine/Content/Editor/Slate/Fonts/Roboto-BoldCondensed.ttf' (158K)
[2018.01.28-14.05.01:245][115]LogSlate: Took 0.005069 seconds to synchronously load lazily loaded font '../../../Engine/Content/Editor/Slate/Fonts/Roboto-Italic.ttf' (157K)
[2018.01.28-14.05.26:032][976]BlueprintLog: New page: Compile BP_PickupStool
[2018.01.28-14.05.26:943][ 32]Cmd: OBJ SAVEPACKAGE PACKAGE="/Game/X_Meshes/BP_PickupStool" FILE="D:/Misc/Global Game Jam 2018/UE4/XDetectorVR/Content/X_Meshes/BP_PickupStool.uasset" SILENT=true
[2018.01.28-14.05.26:978][ 32]LogSavePackage: Save=33.00ms
[2018.01.28-14.05.26:978][ 32]LogSavePackage: Moving 'D:/Misc/Global Game Jam 2018/UE4/XDetectorVR/Saved/BP_PickupStoolB619633341D2C1FD0434FEA606B01654.tmp' to 'D:/Misc/Global Game Jam 2018/UE4/XDetectorVR/Content/X_Meshes/BP_PickupStool.uasset'
[2018.01.28-14.05.26:980][ 32]LogSavePackage: Display: Finished SavePackage D:/Misc/Global Game Jam 2018/UE4/XDetectorVR/Content/X_Meshes/BP_PickupStool.uasset
[2018.01.28-14.06.49:919][485]Cmd: OBJ SAVEPACKAGE PACKAGE="/Game/Maps/GridWorld" FILE="D:/Misc/Global Game Jam 2018/UE4/XDetectorVR/Content/Maps/GridWorld.umap" SILENT=true AUTOSAVING=false KEEPDIRTY=false
[2018.01.28-14.06.50:209][485]LogSavePackage: Save=256.27ms
[2018.01.28-14.06.50:209][485]LogSavePackage: Moving 'D:/Misc/Global Game Jam 2018/UE4/XDetectorVR/Saved/GridWorld54B15F224DE7B79A35BE3D9AFA0CA2BD.tmp' to 'D:/Misc/Global Game Jam 2018/UE4/XDetectorVR/Content/Maps/GridWorld.umap'
[2018.01.28-14.06.50:215][485]LogSavePackage: Display: Finished SavePackage D:/Misc/Global Game Jam 2018/UE4/XDetectorVR/Content/Maps/GridWorld.umap
[2018.01.28-14.06.50:241][485]Cmd: OBJ SAVEPACKAGE PACKAGE="/Game/Maps/GridWorld_BuiltData" FILE="D:/Misc/Global Game Jam 2018/UE4/XDetectorVR/Content/Maps/GridWorld_BuiltData.uasset" SILENT=true
[2018.01.28-14.06.50:353][485]LogSavePackage: Save=102.08ms
[2018.01.28-14.06.50:353][485]LogSavePackage: Moving 'D:/Misc/Global Game Jam 2018/UE4/XDetectorVR/Saved/GridWorld_BuiltDataDB699E79426F075835F731800316E81D.tmp' to 'D:/Misc/Global Game Jam 2018/UE4/XDetectorVR/Content/Maps/GridWorld_BuiltData.uasset'
[2018.01.28-14.06.50:355][485]LogSavePackage: Display: Finished SavePackage D:/Misc/Global Game Jam 2018/UE4/XDetectorVR/Content/Maps/GridWorld_BuiltData.uasset
[2018.01.28-14.07.19:655][735]LogContentBrowser: Native class hierarchy updated for 'MaterialEditor' in 0.0002 seconds. Added 1 classes and 0 folders.
[2018.01.28-14.07.19:657][735]LogMaterial: Missing cached shader map for material Purple_Mat, compiling. 
[2018.01.28-14.07.20:055][735]LogMaterial: Missing cached shader map for material Purple_Mat, compiling. 
[2018.01.28-14.07.20:071][735]LogMaterial: Missing cached shader map for material Purple_Mat, compiling. 
[2018.01.28-14.07.20:115][735]LogMaterial: Missing cached shader map for material FMatExpressionPreview MaterialExpressionTextureSample_5, compiling. 
[2018.01.28-14.07.20:120][735]LogMaterial: Missing cached shader map for material FMatExpressionPreview MaterialExpressionTextureSample_2, compiling. 
[2018.01.28-14.07.21:664][794]MaterialEditorStats: Base pass shader: 149 instructions
[2018.01.28-14.07.21:664][794]MaterialEditorStats: Base pass shader with Volumetric Lightmap: 222 instructions
[2018.01.28-14.07.21:664][794]MaterialEditorStats: Vertex shader: 87 instructions
[2018.01.28-14.07.21:664][794]MaterialEditorStats: Texture samplers: 3/16
[2018.01.28-14.07.21:664][794]MaterialEditorStats: User interpolators: 2/4 Scalars (1/4 Vectors) (TexCoords: 2, Custom: 0)
[2018.01.28-14.07.24:676][927]LogMaterial: Missing cached shader map for material Purple_Mat, compiling. 
[2018.01.28-14.07.25:353][951]MaterialEditorStats: Base pass shader: 149 instructions
[2018.01.28-14.07.25:353][951]MaterialEditorStats: Base pass shader with Volumetric Lightmap: 222 instructions
[2018.01.28-14.07.25:353][951]MaterialEditorStats: Vertex shader: 87 instructions
[2018.01.28-14.07.25:353][951]MaterialEditorStats: Texture samplers: 3/16
[2018.01.28-14.07.25:353][951]MaterialEditorStats: User interpolators: 2/4 Scalars (1/4 Vectors) (TexCoords: 2, Custom: 0)
[2018.01.28-14.07.27:192][ 17]LogMaterial: Missing cached shader map for material Purple_Mat, compiling. 
[2018.01.28-14.07.27:880][ 43]MaterialEditorStats: Base pass shader: 149 instructions
[2018.01.28-14.07.27:880][ 43]MaterialEditorStats: Base pass shader with Volumetric Lightmap: 222 instructions
[2018.01.28-14.07.27:880][ 43]MaterialEditorStats: Vertex shader: 87 instructions
[2018.01.28-14.07.27:880][ 43]MaterialEditorStats: Texture samplers: 3/16
[2018.01.28-14.07.27:880][ 43]MaterialEditorStats: User interpolators: 2/4 Scalars (1/4 Vectors) (TexCoords: 2, Custom: 0)
[2018.01.28-14.07.34:929][417]LogMaterial: Missing cached shader map for material Purple_Mat, compiling. 
[2018.01.28-14.07.35:838][455]MaterialEditorStats: Base pass shader: 149 instructions
[2018.01.28-14.07.35:838][455]MaterialEditorStats: Base pass shader with Volumetric Lightmap: 222 instructions
[2018.01.28-14.07.35:838][455]MaterialEditorStats: Vertex shader: 87 instructions
[2018.01.28-14.07.35:838][455]MaterialEditorStats: Texture samplers: 3/16
[2018.01.28-14.07.35:838][455]MaterialEditorStats: User interpolators: 2/4 Scalars (1/4 Vectors) (TexCoords: 2, Custom: 0)
[2018.01.28-14.07.38:253][574]LogMaterialEditor: Saving and Compiling material Purple_Mat
[2018.01.28-14.07.38:742][574]LogMaterial: Missing cached shader map for material Purple_Mat, compiling. 
[2018.01.28-14.07.38:795][574]LogMaterial: Missing cached shader map for material Purple_Mat, compiling. 
[2018.01.28-14.07.38:824][574]LogMaterial: Missing cached shader map for material Purple_Mat, compiling. 
[2018.01.28-14.07.38:890][574]LogMaterial: Missing cached shader map for material FDebugViewModeMaterialProxy Purple_Mat, compiling. 
[2018.01.28-14.07.39:341][574]TextureStreamingBuild: Display: Compiling optional shaders took 0.458 seconds.
[2018.01.28-14.07.41:826][574]Cmd: OBJ SAVEPACKAGE PACKAGE="/Game/X_Materials/Purple_Mat" FILE="D:/Misc/Global Game Jam 2018/UE4/XDetectorVR/Content/X_Materials/Purple_Mat.uasset" SILENT=true
[2018.01.28-14.07.41:855][574]LogSavePackage: Save=20.95ms
[2018.01.28-14.07.41:855][574]LogSavePackage: Moving 'D:/Misc/Global Game Jam 2018/UE4/XDetectorVR/Saved/Purple_Mat6E1127C543C9C63732BA678ECC8F10DD.tmp' to 'D:/Misc/Global Game Jam 2018/UE4/XDetectorVR/Content/X_Materials/Purple_Mat.uasset'
[2018.01.28-14.07.41:858][574]LogSavePackage: Display: Finished SavePackage D:/Misc/Global Game Jam 2018/UE4/XDetectorVR/Content/X_Materials/Purple_Mat.uasset
[2018.01.28-14.07.41:872][574]MaterialEditorStats: Base pass shader: 149 instructions
[2018.01.28-14.07.41:872][574]MaterialEditorStats: Base pass shader with Volumetric Lightmap: 222 instructions
[2018.01.28-14.07.41:872][574]MaterialEditorStats: Vertex shader: 87 instructions
[2018.01.28-14.07.41:872][574]MaterialEditorStats: Texture samplers: 4/16
[2018.01.28-14.07.41:872][574]MaterialEditorStats: User interpolators: 2/4 Scalars (1/4 Vectors) (TexCoords: 2, Custom: 0)
[2018.01.28-14.09.03:532][161]LogMaterial: Missing cached shader map for material PreviewMaterial_0, compiling. 
[2018.01.28-14.09.03:607][161]LogMaterial: Missing cached shader map for material PreviewMaterial_0, compiling. 
[2018.01.28-14.09.03:623][161]LogMaterial: Missing cached shader map for material PreviewMaterial_0, compiling. 
[2018.01.28-14.09.03:672][161]LogMaterial: Missing cached shader map for material FMatExpressionPreview MaterialExpressionTextureSample_5, compiling. 
[2018.01.28-14.09.03:676][161]LogMaterial: Missing cached shader map for material FMatExpressionPreview MaterialExpressionTextureSample_2, compiling. 
[2018.01.28-14.09.04:945][208]MaterialEditorStats: Base pass shader: 149 instructions
[2018.01.28-14.09.04:945][208]MaterialEditorStats: Base pass shader with Volumetric Lightmap: 222 instructions
[2018.01.28-14.09.04:945][208]MaterialEditorStats: Vertex shader: 87 instructions
[2018.01.28-14.09.04:945][208]MaterialEditorStats: Texture samplers: 3/16
[2018.01.28-14.09.04:945][208]MaterialEditorStats: User interpolators: 2/4 Scalars (1/4 Vectors) (TexCoords: 2, Custom: 0)
[2018.01.28-14.09.19:078][865]LogMaterial: Missing cached shader map for material PreviewMaterial_0, compiling. 
[2018.01.28-14.09.19:109][865]LogMaterial: Missing cached shader map for material PreviewMaterial_0, compiling. 
[2018.01.28-14.09.20:401][904]MaterialEditorStats: Base pass shader: 88 instructions
[2018.01.28-14.09.20:401][904]MaterialEditorStats: Base pass shader with Volumetric Lightmap: 115 instructions
[2018.01.28-14.09.20:401][904]MaterialEditorStats: Vertex shader: 206 instructions
[2018.01.28-14.09.20:401][904]MaterialEditorStats: Texture samplers: 3/16
[2018.01.28-14.09.20:401][904]MaterialEditorStats: User interpolators: 2/4 Scalars (1/4 Vectors) (TexCoords: 2, Custom: 0)
[2018.01.28-14.09.30:565][195]LogMaterial: Missing cached shader map for material PreviewMaterial_0, compiling. 
[2018.01.28-14.09.30:591][195]LogMaterial: Missing cached shader map for material FMatExpressionPreview MaterialExpressionTextureSample_5, compiling. 
[2018.01.28-14.09.31:843][229]MaterialEditorStats: Base pass shader: 91 instructions
[2018.01.28-14.09.31:843][229]MaterialEditorStats: Base pass shader with Volumetric Lightmap: 118 instructions
[2018.01.28-14.09.31:843][229]MaterialEditorStats: Vertex shader: 206 instructions
[2018.01.28-14.09.31:843][229]MaterialEditorStats: Texture samplers: 3/16
[2018.01.28-14.09.31:843][229]MaterialEditorStats: User interpolators: 2/4 Scalars (1/4 Vectors) (TexCoords: 2, Custom: 0)
[2018.01.28-14.09.38:451][457]LogMaterialEditor: Saving and Compiling material Purple_Mat
[2018.01.28-14.09.38:961][457]LogMaterial: Missing cached shader map for material PreviewMaterial_0, compiling. 
[2018.01.28-14.09.39:037][457]LogMaterial: Missing cached shader map for material Purple_Mat, compiling. 
[2018.01.28-14.09.39:073][457]LogMaterial: Missing cached shader map for material Purple_Mat, compiling. 
[2018.01.28-14.09.39:168][457]LogMaterial: Missing cached shader map for material FDebugViewModeMaterialProxy Purple_Mat, compiling. 
[2018.01.28-14.09.39:934][457]TextureStreamingBuild: Display: Compiling optional shaders took 0.774 seconds.
[2018.01.28-14.09.43:535][457]Cmd: OBJ SAVEPACKAGE PACKAGE="/Game/X_Materials/Purple_Mat" FILE="D:/Misc/Global Game Jam 2018/UE4/XDetectorVR/Content/X_Materials/Purple_Mat.uasset" SILENT=true
[2018.01.28-14.09.43:562][457]LogSavePackage: Save=24.39ms
[2018.01.28-14.09.43:562][457]LogSavePackage: Moving 'D:/Misc/Global Game Jam 2018/UE4/XDetectorVR/Saved/Purple_MatCE711B6A4DC13F052CF6E889353039A1.tmp' to 'D:/Misc/Global Game Jam 2018/UE4/XDetectorVR/Content/X_Materials/Purple_Mat.uasset'
[2018.01.28-14.09.43:565][457]LogSavePackage: Display: Finished SavePackage D:/Misc/Global Game Jam 2018/UE4/XDetectorVR/Content/X_Materials/Purple_Mat.uasset
[2018.01.28-14.15.31:486][112]Cmd: OBJ SAVEPACKAGE PACKAGE="/Game/Maps/GridWorld" FILE="D:/Misc/Global Game Jam 2018/UE4/XDetectorVR/Content/Maps/GridWorld.umap" SILENT=true AUTOSAVING=false KEEPDIRTY=false
[2018.01.28-14.15.31:754][112]LogSavePackage: Save=220.48ms
[2018.01.28-14.15.31:755][112]LogSavePackage: Moving 'D:/Misc/Global Game Jam 2018/UE4/XDetectorVR/Saved/GridWorld57C8C89947CC6EE10F4A7AAB242D2E47.tmp' to 'D:/Misc/Global Game Jam 2018/UE4/XDetectorVR/Content/Maps/GridWorld.umap'
[2018.01.28-14.15.31:765][112]LogSavePackage: Display: Finished SavePackage D:/Misc/Global Game Jam 2018/UE4/XDetectorVR/Content/Maps/GridWorld.umap
[2018.01.28-14.15.31:788][112]Cmd: OBJ SAVEPACKAGE PACKAGE="/Game/Maps/GridWorld_BuiltData" FILE="D:/Misc/Global Game Jam 2018/UE4/XDetectorVR/Content/Maps/GridWorld_BuiltData.uasset" SILENT=true
[2018.01.28-14.15.31:897][112]LogSavePackage: Save=98.94ms
[2018.01.28-14.15.31:897][112]LogSavePackage: Moving 'D:/Misc/Global Game Jam 2018/UE4/XDetectorVR/Saved/GridWorld_BuiltDataBF28D09D46BEF103C59C2D976449CE87.tmp' to 'D:/Misc/Global Game Jam 2018/UE4/XDetectorVR/Content/Maps/GridWorld_BuiltData.uasset'
[2018.01.28-14.15.31:898][112]LogSavePackage: Display: Finished SavePackage D:/Misc/Global Game Jam 2018/UE4/XDetectorVR/Content/Maps/GridWorld_BuiltData.uasset
