Log file open, 01/27/18 19:41:22
LogWindows: Failed to load 'aqProf.dll' (GetLastError=126)
LogWindows: File 'aqProf.dll' does not exist
LogWindows: Failed to load 'VSPerf140.dll' (GetLastError=126)
LogWindows: File 'VSPerf140.dll' does not exist
LogWindows: Failed to load 'VtuneApi.dll' (GetLastError=126)
LogWindows: File 'VtuneApi.dll' does not exist
LogWindows: Failed to load 'VtuneApi32e.dll' (GetLastError=126)
LogWindows: File 'VtuneApi32e.dll' does not exist
LogInit: Display: Running engine for game: XDetectorVR
LogPlatformFile: Not using cached read wrapper
LogInit: Display: RandInit(-571774523) SRandInit(-571774523).
LogInit: Read version file with build ID '3709383'
LogInit: Overriding engine version to CL 3832480, compatible CL 3709383
LogInit: Registered custom module enumerator with build ID '3709383'
LogTaskGraph: Started task graph with 5 named threads and 26 total threads with 3 sets of task threads.
LogStats: Stats thread started at 0.392382
LogD3D11RHI: Aftermath initialized
LogModuleManager: Display: Found up-to-date module file ../../../Engine/Plugins/2D/Paper2D/Binaries/Win64/UE4Editor-Paper2D.dll (API version 3709383).
LogModuleManager: Display: Found up-to-date module file ../../../Engine/Plugins/2D/Paper2D/Binaries/Win64/UE4Editor-Paper2DEditor.dll (API version 3709383).
LogModuleManager: Display: Found up-to-date module file ../../../Engine/Plugins/2D/Paper2D/Binaries/Win64/UE4Editor-PaperSpriteSheetImporter.dll (API version 3709383).
LogModuleManager: Display: Found up-to-date module file ../../../Engine/Plugins/2D/Paper2D/Binaries/Win64/UE4Editor-PaperTiledImporter.dll (API version 3709383).
LogModuleManager: Display: Found up-to-date module file ../../../Engine/Plugins/2D/Paper2D/Binaries/Win64/UE4Editor-SmartSnapping.dll (API version 3709383).
LogModuleManager: Display: Found up-to-date module file ../../../Engine/Plugins/Blendables/LightPropagationVolume/Binaries/Win64/UE4Editor-LightPropagationVolumeRuntime.dll (API version 3709383).
LogModuleManager: Display: Found up-to-date module file ../../../Engine/Plugins/Blendables/LightPropagationVolume/Binaries/Win64/UE4Editor-LightPropagationVolumeEditor.dll (API version 3709383).
LogModuleManager: Display: Found up-to-date module file ../../../Engine/Plugins/Developer/GitSourceControl/Binaries/Win64/UE4Editor-GitSourceControl.dll (API version 3709383).
LogModuleManager: Display: Found up-to-date module file ../../../Engine/Plugins/Developer/PerforceSourceControl/Binaries/Win64/UE4Editor-PerforceSourceControl.dll (API version 3709383).
LogModuleManager: Display: Found up-to-date module file ../../../Engine/Plugins/Developer/SubversionSourceControl/Binaries/Win64/UE4Editor-SubversionSourceControl.dll (API version 3709383).
LogModuleManager: Display: Found up-to-date module file ../../../Engine/Plugins/Developer/UObjectPlugin/Binaries/Win64/UE4Editor-UObjectPlugin.dll (API version 3709383).
LogModuleManager: Display: Found up-to-date module file ../../../Engine/Plugins/Developer/VisualStudioCodeSourceCodeAccess/Binaries/Win64/UE4Editor-VisualStudioCodeSourceCodeAccess.dll (API version 3709383).
LogModuleManager: Display: Found up-to-date module file ../../../Engine/Plugins/Developer/VisualStudioSourceCodeAccess/Binaries/Win64/UE4Editor-VisualStudioSourceCodeAccess.dll (API version 3709383).
LogModuleManager: Display: Found up-to-date module file ../../../Engine/Plugins/Editor/AssetManagerEditor/Binaries/Win64/UE4Editor-AssetManagerEditor.dll (API version 3709383).
LogModuleManager: Display: Found up-to-date module file ../../../Engine/Plugins/Editor/AudioCapture/Binaries/Win64/UE4Editor-AudioCapture.dll (API version 3709383).
LogModuleManager: Display: Found up-to-date module file ../../../Engine/Plugins/Editor/FacialAnimation/Binaries/Win64/UE4Editor-FacialAnimation.dll (API version 3709383).
LogModuleManager: Display: Found up-to-date module file ../../../Engine/Plugins/Editor/FacialAnimation/Binaries/Win64/UE4Editor-FacialAnimationEditor.dll (API version 3709383).
LogModuleManager: Display: Found up-to-date module file ../../../Engine/Plugins/Editor/GameplayTagsEditor/Binaries/Win64/UE4Editor-GameplayTagsEditor.dll (API version 3709383).
LogModuleManager: Display: Found up-to-date module file ../../../Engine/Plugins/Editor/MobileLauncherProfileWizard/Binaries/Win64/UE4Editor-MobileLauncherProfileWizard.dll (API version 3709383).
LogModuleManager: Display: Found up-to-date module file ../../../Engine/Plugins/Editor/PluginBrowser/Binaries/Win64/UE4Editor-PluginBrowser.dll (API version 3709383).
LogModuleManager: Display: Found up-to-date module file ../../../Engine/Plugins/Editor/SpeedTreeImporter/Binaries/Win64/UE4Editor-SpeedTreeImporter.dll (API version 3709383).
LogModuleManager: Display: Found up-to-date module file ../../../Engine/Plugins/Experimental/AlembicImporter/Binaries/Win64/UE4Editor-AlembicImporter.dll (API version 3709383).
LogModuleManager: Display: Found up-to-date module file ../../../Engine/Plugins/Experimental/AlembicImporter/Binaries/Win64/UE4Editor-AlembicLibrary.dll (API version 3709383).
LogModuleManager: Display: Found up-to-date module file ../../../Engine/Plugins/Experimental/CharacterAI/Binaries/Win64/UE4Editor-CharacterAI.dll (API version 3709383).
LogModuleManager: Display: Found up-to-date module file ../../../Engine/Plugins/Experimental/HTML5Networking/Binaries/Win64/UE4Editor-HTML5Networking.dll (API version 3709383).
LogModuleManager: Display: Found up-to-date module file ../../../Engine/Plugins/Media/AndroidMedia/Binaries/Win64/UE4Editor-AndroidMediaEditor.dll (API version 3709383).
LogModuleManager: Display: Found up-to-date module file ../../../Engine/Plugins/Media/AndroidMedia/Binaries/Win64/UE4Editor-AndroidMediaFactory.dll (API version 3709383).
LogModuleManager: Display: Found up-to-date module file ../../../Engine/Plugins/Media/AvfMedia/Binaries/Win64/UE4Editor-AvfMediaEditor.dll (API version 3709383).
LogModuleManager: Display: Found up-to-date module file ../../../Engine/Plugins/Media/AvfMedia/Binaries/Win64/UE4Editor-AvfMediaFactory.dll (API version 3709383).
LogModuleManager: Display: Found up-to-date module file ../../../Engine/Plugins/Media/AvfMedia/Binaries/Win64/UE4Editor-AvfMediaFactory.dll (API version 3709383).
LogModuleManager: Display: Found up-to-date module file ../../../Engine/Plugins/Media/ImgMedia/Binaries/Win64/UE4Editor-ImgMedia.dll (API version 3709383).
LogModuleManager: Display: Found up-to-date module file ../../../Engine/Plugins/Media/ImgMedia/Binaries/Win64/UE4Editor-ImgMediaEditor.dll (API version 3709383).
LogModuleManager: Display: Found up-to-date module file ../../../Engine/Plugins/Media/ImgMedia/Binaries/Win64/UE4Editor-ImgMediaFactory.dll (API version 3709383).
LogModuleManager: Display: Found up-to-date module file ../../../Engine/Plugins/Media/ImgMedia/Binaries/Win64/UE4Editor-ImgMediaFactory.dll (API version 3709383).
LogModuleManager: Display: Found up-to-date module file ../../../Engine/Plugins/Media/ImgMedia/Binaries/Win64/UE4Editor-OpenExrWrapper.dll (API version 3709383).
LogModuleManager: Display: Found up-to-date module file ../../../Engine/Plugins/Media/MediaCompositing/Binaries/Win64/UE4Editor-MediaCompositing.dll (API version 3709383).
LogModuleManager: Display: Found up-to-date module file ../../../Engine/Plugins/Media/MediaCompositing/Binaries/Win64/UE4Editor-MediaCompositingEditor.dll (API version 3709383).
LogModuleManager: Display: Found up-to-date module file ../../../Engine/Plugins/Media/MediaPlayerEditor/Binaries/Win64/UE4Editor-MediaPlayerEditor.dll (API version 3709383).
LogModuleManager: Display: Found up-to-date module file ../../../Engine/Plugins/Media/WmfMedia/Binaries/Win64/UE4Editor-WmfMedia.dll (API version 3709383).
LogModuleManager: Display: Found up-to-date module file ../../../Engine/Plugins/Media/WmfMedia/Binaries/Win64/UE4Editor-WmfMediaEditor.dll (API version 3709383).
LogModuleManager: Display: Found up-to-date module file ../../../Engine/Plugins/Media/WmfMedia/Binaries/Win64/UE4Editor-WmfMediaFactory.dll (API version 3709383).
LogModuleManager: Display: Found up-to-date module file ../../../Engine/Plugins/Media/WmfMedia/Binaries/Win64/UE4Editor-WmfMediaFactory.dll (API version 3709383).
LogModuleManager: Display: Found up-to-date module file ../../../Engine/Plugins/Messaging/TcpMessaging/Binaries/Win64/UE4Editor-TcpMessaging.dll (API version 3709383).
LogModuleManager: Display: Found up-to-date module file ../../../Engine/Plugins/Messaging/UdpMessaging/Binaries/Win64/UE4Editor-UdpMessaging.dll (API version 3709383).
LogModuleManager: Display: Found up-to-date module file ../../../Engine/Plugins/MovieScene/ActorSequence/Binaries/Win64/UE4Editor-ActorSequence.dll (API version 3709383).
LogModuleManager: Display: Found up-to-date module file ../../../Engine/Plugins/MovieScene/LevelSequenceEditor/Binaries/Win64/UE4Editor-LevelSequenceEditor.dll (API version 3709383).
LogModuleManager: Display: Found up-to-date module file ../../../Engine/Plugins/MovieScene/MatineeToLevelSequence/Binaries/Win64/UE4Editor-MatineeToLevelSequence.dll (API version 3709383).
LogModuleManager: Display: Found up-to-date module file ../../../Engine/Plugins/Online/OnlineSubsystem/Binaries/Win64/UE4Editor-OnlineSubsystem.dll (API version 3709383).
LogModuleManager: Display: Found up-to-date module file ../../../Engine/Plugins/Runtime/AndroidPermission/Binaries/Win64/UE4Editor-AndroidPermission.dll (API version 3709383).
LogModuleManager: Display: Found up-to-date module file ../../../Engine/Plugins/Online/OnlineSubsystemNull/Binaries/Win64/UE4Editor-OnlineSubsystemNull.dll (API version 3709383).
LogModuleManager: Display: Found up-to-date module file ../../../Engine/Plugins/Online/OnlineSubsystemUtils/Binaries/Win64/UE4Editor-OnlineSubsystemUtils.dll (API version 3709383).
LogModuleManager: Display: Found up-to-date module file ../../../Engine/Plugins/Online/OnlineSubsystemUtils/Binaries/Win64/UE4Editor-OnlineBlueprintSupport.dll (API version 3709383).
LogModuleManager: Display: Found up-to-date module file ../../../Engine/Plugins/Runtime/AndroidDeviceProfileSelector/Binaries/Win64/UE4Editor-AndroidDeviceProfileSelector.dll (API version 3709383).
LogModuleManager: Display: Found up-to-date module file ../../../Engine/Plugins/Runtime/AppleARKit/Binaries/Win64/UE4Editor-AppleARKit.dll (API version 3709383).
LogModuleManager: Display: Found up-to-date module file ../../../Engine/Plugins/Runtime/ArchVisCharacter/Binaries/Win64/UE4Editor-ArchVisCharacter.dll (API version 3709383).
LogModuleManager: Display: Found up-to-date module file ../../../Engine/Plugins/Runtime/CableComponent/Binaries/Win64/UE4Editor-CableComponent.dll (API version 3709383).
LogModuleManager: Display: Found up-to-date module file ../../../Engine/Plugins/Runtime/CustomMeshComponent/Binaries/Win64/UE4Editor-CustomMeshComponent.dll (API version 3709383).
LogModuleManager: Display: Found up-to-date module file ../../../Engine/Plugins/Runtime/ExampleDeviceProfileSelector/Binaries/Win64/UE4Editor-ExampleDeviceProfileSelector.dll (API version 3709383).
LogModuleManager: Display: Found up-to-date module file ../../../Engine/Plugins/Runtime/ImmediatePhysics/Binaries/Win64/UE4Editor-ImmediatePhysics.dll (API version 3709383).
LogModuleManager: Display: Found up-to-date module file ../../../Engine/Plugins/Runtime/ImmediatePhysics/Binaries/Win64/UE4Editor-ImmediatePhysicsEditor.dll (API version 3709383).
LogModuleManager: Display: Found up-to-date module file ../../../Engine/Plugins/Runtime/LocationServicesBPLibrary/Binaries/Win64/UE4Editor-LocationServicesBPLibrary.dll (API version 3709383).
LogModuleManager: Display: Found up-to-date module file ../../../Engine/Plugins/Runtime/MobilePatchingUtils/Binaries/Win64/UE4Editor-MobilePatchingUtils.dll (API version 3709383).
LogModuleManager: Display: Found up-to-date module file ../../../Engine/Plugins/Runtime/Oculus/OculusVR/Binaries/Win64/UE4Editor-OculusHMD.dll (API version 3709383).
LogModuleManager: Display: Found up-to-date module file ../../../Engine/Plugins/Runtime/Oculus/OculusVR/Binaries/Win64/UE4Editor-OculusInput.dll (API version 3709383).
LogModuleManager: Display: Found up-to-date module file ../../../Engine/Plugins/Runtime/Oculus/OculusVR/Binaries/Win64/UE4Editor-OculusEditor.dll (API version 3709383).
LogModuleManager: Display: Found up-to-date module file ../../../Engine/Plugins/Runtime/PhysXVehicles/Binaries/Win64/UE4Editor-PhysXVehicles.dll (API version 3709383).
LogModuleManager: Display: Found up-to-date module file ../../../Engine/Plugins/Runtime/PhysXVehicles/Binaries/Win64/UE4Editor-PhysXVehiclesEditor.dll (API version 3709383).
LogModuleManager: Display: Found up-to-date module file ../../../Engine/Plugins/Runtime/ProceduralMeshComponent/Binaries/Win64/UE4Editor-ProceduralMeshComponent.dll (API version 3709383).
LogModuleManager: Display: Found up-to-date module file ../../../Engine/Plugins/Runtime/ProceduralMeshComponent/Binaries/Win64/UE4Editor-ProceduralMeshComponentEditor.dll (API version 3709383).
LogModuleManager: Display: Found up-to-date module file ../../../Engine/Plugins/Runtime/RuntimePhysXCooking/Binaries/Win64/UE4Editor-RuntimePhysXCooking.dll (API version 3709383).
LogModuleManager: Display: Found up-to-date module file ../../../Engine/Plugins/Runtime/Steam/SteamVR/Binaries/Win64/UE4Editor-SteamVR.dll (API version 3709383).
LogModuleManager: Display: Found up-to-date module file ../../../Engine/Plugins/Runtime/Steam/SteamVR/Binaries/Win64/UE4Editor-SteamVRController.dll (API version 3709383).
LogModuleManager: Display: Found up-to-date module file ../../../Engine/Plugins/Runtime/WindowsMoviePlayer/Binaries/Win64/UE4Editor-WindowsMoviePlayer.dll (API version 3709383).
LogPluginManager: Mounting plugin Paper2D
LogPluginManager: Mounting plugin LightPropagationVolume
LogPluginManager: Mounting plugin CodeLiteSourceCodeAccess
LogPluginManager: Mounting plugin GitSourceControl
LogPluginManager: Mounting plugin KDevelopSourceCodeAccess
LogPluginManager: Mounting plugin NullSourceCodeAccess
LogPluginManager: Mounting plugin PerforceSourceControl
LogPluginManager: Mounting plugin SubversionSourceControl
LogPluginManager: Mounting plugin UObjectPlugin
LogPluginManager: Mounting plugin VisualStudioCodeSourceCodeAccess
LogPluginManager: Mounting plugin VisualStudioSourceCodeAccess
LogPluginManager: Mounting plugin XCodeSourceCodeAccess
LogPluginManager: Mounting plugin AssetManagerEditor
LogPluginManager: Mounting plugin AudioCapture
LogPluginManager: Mounting plugin FacialAnimation
LogPluginManager: Mounting plugin GameplayTagsEditor
LogPluginManager: Mounting plugin MobileLauncherProfileWizard
LogPluginManager: Mounting plugin PluginBrowser
LogPluginManager: Mounting plugin SpeedTreeImporter
LogPluginManager: Mounting plugin AlembicImporter
LogPluginManager: Mounting plugin CharacterAI
LogPluginManager: Mounting plugin HTML5Networking
LogPluginManager: Mounting plugin AndroidMedia
LogPluginManager: Mounting plugin AvfMedia
LogPluginManager: Mounting plugin ImgMedia
LogPluginManager: Mounting plugin MediaCompositing
LogPluginManager: Mounting plugin MediaPlayerEditor
LogPluginManager: Mounting plugin WmfMedia
LogPluginManager: Mounting plugin TcpMessaging
LogPluginManager: Mounting plugin UdpMessaging
LogPluginManager: Mounting plugin ActorSequence
LogPluginManager: Mounting plugin LevelSequenceEditor
LogPluginManager: Mounting plugin MatineeToLevelSequence
LogPluginManager: Mounting plugin OnlineSubsystemGooglePlay
LogPluginManager: Mounting plugin OnlineSubsystemIOS
LogPluginManager: Mounting plugin OnlineSubsystem
LogPluginManager: Mounting plugin OnlineSubsystemNull
LogPluginManager: Mounting plugin OnlineSubsystemUtils
LogPluginManager: Mounting plugin AndroidDeviceProfileSelector
LogPluginManager: Mounting plugin AndroidMoviePlayer
LogPluginManager: Mounting plugin AndroidPermission
LogPluginManager: Mounting plugin AppleARKit
LogPluginManager: Mounting plugin AppleMoviePlayer
LogPluginManager: Mounting plugin ArchVisCharacter
LogPluginManager: Mounting plugin CableComponent
LogPluginManager: Mounting plugin CustomMeshComponent
LogPluginManager: Mounting plugin ExampleDeviceProfileSelector
LogPluginManager: Mounting plugin GoogleCloudMessaging
LogPluginManager: Mounting plugin ImmediatePhysics
LogPluginManager: Mounting plugin IOSDeviceProfileSelector
LogPluginManager: Mounting plugin LinuxDeviceProfileSelector
LogPluginManager: Mounting plugin LocationServicesBPLibrary
LogPluginManager: Mounting plugin MobilePatchingUtils
LogPluginManager: Mounting plugin OculusVR
LogPluginManager: Plugin shader directory ../../../Engine/Plugins/Runtime/Oculus/OculusVR/Shaders found
LogPluginManager: Mapping shader source directory ../../../Engine/Plugins/Runtime/Oculus/OculusVR/Shaders to virtual directory /Plugin/OculusVR
LogPluginManager: Mounting plugin PhysXVehicles
LogPluginManager: Mounting plugin ProceduralMeshComponent
LogPluginManager: Mounting plugin RuntimePhysXCooking
LogPluginManager: Mounting plugin SteamVR
LogPluginManager: Mounting plugin WindowsMoviePlayer
LogInit: Using libcurl 7.47.1
LogInit:  - built for x86_64-pc-win32
LogInit:  - supports SSL with OpenSSL/1.0.2g
LogInit:  - supports HTTP deflate (compression) using libz 1.2.8
LogInit:  - other features:
LogInit:      CURL_VERSION_SSL
LogInit:      CURL_VERSION_LIBZ
LogInit:      CURL_VERSION_IPV6
LogInit:      CURL_VERSION_ASYNCHDNS
LogInit:      CURL_VERSION_LARGEFILE
LogInit:      CURL_VERSION_IDN
LogInit:  CurlRequestOptions (configurable via config and command line):
LogInit:  - bVerifyPeer = false  - Libcurl will NOT verify peer certificate
LogInit:  - bUseHttpProxy = false  - Libcurl will NOT use HTTP proxy
LogInit:  - bDontReuseConnections = false  - Libcurl will reuse connections
LogInit:  - CertBundlePath = nullptr  - Libcurl will use whatever was configured at build time.
LogInit: Build: ++UE4+Release-4.18-CL-3832480
LogInit: Engine Version: 4.18.3-3832480+++UE4+Release-4.18
LogInit: Compatible Engine Version: 4.18.0-3709383+++UE4+Release-4.18
LogInit: Net CL: 3709383
LogDevObjectVersion: Number of dev versions registered: 16
LogDevObjectVersion:   Dev-Blueprints (B0D832E4-1F89-4F0D-ACCF-7EB736FD4AA2): 10
LogDevObjectVersion:   Dev-Build (E1C64328-A22C-4D53-A36C-8E866417BD8C): 0
LogDevObjectVersion:   Dev-Core (375EC13C-06E4-48FB-B500-84F0262A717E): 2
LogDevObjectVersion:   Dev-Editor (E4B068ED-F494-42E9-A231-DA0B2E46BB41): 20
LogDevObjectVersion:   Dev-Framework (CFFC743F-43B0-4480-9391-14DF171D2073): 30
LogDevObjectVersion:   Dev-Mobile (B02B49B5-BB20-44E9-A304-32B752E40360): 0
LogDevObjectVersion:   Dev-Networking (A4E4105C-59A1-49B5-A7C5-40C4547EDFEE): 0
LogDevObjectVersion:   Dev-Online (39C831C9-5AE6-47DC-9A44-9C173E1C8E7C): 0
LogDevObjectVersion:   Dev-Physics (78F01B33-EBEA-4F98-B9B4-84EACCB95AA2): 0
LogDevObjectVersion:   Dev-Platform (6631380F-2D4D-43E0-8009-CF276956A95A): 0
LogDevObjectVersion:   Dev-Rendering (12F88B9F-8875-4AFC-A67C-D90C383ABD29): 20
LogDevObjectVersion:   Dev-Sequencer (7B5AE74C-D270-4C10-A958-57980B212A5A): 4
LogDevObjectVersion:   Dev-VR (D7296918-1DD6-4BDD-9DE2-64A83CC13884): 0
LogDevObjectVersion:   Dev-LoadTimes (C2A15278-BFE7-4AFE-6C17-90FF531DF755): 1
LogDevObjectVersion:   Private-Geometry (6EACA3D4-40EC-4CC1-B786-8BED09428FC5): 1
LogDevObjectVersion:   Dev-AnimPhys (29E575DD-E0A3-4627-9D10-D276232CDCEA): 12
LogInit: Compiled (64-bit): Jan 12 2018 02:04:55
LogInit: Compiled with Visual C++: 19.00.24215.01
LogInit: Build Configuration: Development
LogInit: Branch Name: ++UE4+Release-4.18
LogInit: Command line: -EpicPortal 
LogInit: Base directory: C:/Program Files/Epic Games/UE_4.18/Engine/Binaries/Win64/
LogInit: Installed Engine Build: 1
LogInit: Presizing for max 8388607 objects, including 0 objects not considered by GC, pre-allocating 0 bytes for permanent pool.
LogInit: Object subsystem initialized
[2018.01.28-00.41.24:333][  0]LogInit: Selected Device Profile: [Windows]
[2018.01.28-00.41.24:333][  0]LogInit: Applying CVar settings loaded from the selected device profile: [Windows]
[2018.01.28-00.41.24:356][  0]LogInit: Computer: BRAD-MACHINE
[2018.01.28-00.41.24:356][  0]LogInit: User: Brad
[2018.01.28-00.41.24:356][  0]LogInit: CPU Page size=4096, Cores=8
[2018.01.28-00.41.24:356][  0]LogInit: High frequency timer resolution =3.124097 MHz
[2018.01.28-00.41.24:356][  0]LogMemory: Memory total: Physical=31.9GB (32GB approx)
[2018.01.28-00.41.24:356][  0]LogMemory: Platform Memory Stats for Windows
[2018.01.28-00.41.24:356][  0]LogMemory: Process Physical Memory: 280.96 MB used, 280.96 MB peak
[2018.01.28-00.41.24:356][  0]LogMemory: Process Virtual Memory: 279.25 MB used, 279.25 MB peak
[2018.01.28-00.41.24:356][  0]LogMemory: Physical Memory: 9058.63 MB used,  23629.80 MB free, 32688.42 MB total
[2018.01.28-00.41.24:356][  0]LogMemory: Virtual Memory: 752.07 MB used,  23629.80 MB free, 134217728.00 MB total
[2018.01.28-00.41.24:599][  0]LogInit: Using OS detected language (en-US).
[2018.01.28-00.41.24:599][  0]LogInit: Using OS detected locale (en-US).
[2018.01.28-00.41.24:607][  0]LogTextLocalizationManager: No specific localization for 'en-US' exists, so the 'en' localization will be used.
[2018.01.28-00.41.25:070][  0]LogInit: Setting process to per monitor DPI aware
[2018.01.28-00.41.25:416][  0]LogD3D11RHI: D3D11 adapters:
[2018.01.28-00.41.25:481][  0]LogD3D11RHI:    0. 'NVIDIA GeForce GTX 1080' (Feature Level 11_0)
[2018.01.28-00.41.25:481][  0]LogD3D11RHI:       8086/0/16344 MB DedicatedVideo/DedicatedSystem/SharedSystem, Outputs:1, VendorId:0x10de
[2018.01.28-00.41.25:489][  0]LogD3D11RHI:    1. 'Microsoft Basic Render Driver' (Feature Level 11_0)
[2018.01.28-00.41.25:489][  0]LogD3D11RHI:       0/0/16344 MB DedicatedVideo/DedicatedSystem/SharedSystem, Outputs:0, VendorId:0x1414
[2018.01.28-00.41.25:489][  0]LogD3D11RHI: Chosen D3D11 Adapter: 0
[2018.01.28-00.41.25:497][  0]LogD3D11RHI: Creating new Direct3DDevice
[2018.01.28-00.41.25:497][  0]LogD3D11RHI:     GPU DeviceId: 0x1b80 (for the marketing name, search the web for "GPU Device Id")
[2018.01.28-00.41.25:497][  0]LogWindows: EnumDisplayDevices:
[2018.01.28-00.41.25:497][  0]LogWindows:    0. 'NVIDIA GeForce GTX 1080' (P:1 D:1)
[2018.01.28-00.41.25:497][  0]LogWindows:    1. 'NVIDIA GeForce GTX 1080' (P:0 D:0)
[2018.01.28-00.41.25:498][  0]LogWindows:    2. 'NVIDIA GeForce GTX 1080' (P:0 D:0)
[2018.01.28-00.41.25:498][  0]LogWindows:    3. 'NVIDIA GeForce GTX 1080' (P:0 D:0)
[2018.01.28-00.41.25:498][  0]LogWindows: DebugString: GetVideoDriverDetailsInvalid PrimaryIsNotTheChoosenAdapter GetVideoDriverDetailsInvalid PrimaryIsNotTheChoosenAdapter GetVideoDriverDetailsInvalid PrimaryIsNotTheChoosenAdapter GetVideoDriverDetailsInvalid PrimaryIsNotTheChoosenAdapter FoundDriverCount:0 
[2018.01.28-00.41.25:498][  0]LogD3D11RHI:     Adapter Name: NVIDIA GeForce GTX 1080
[2018.01.28-00.41.25:498][  0]LogD3D11RHI:   Driver Version: Unknown (internal:Unknown, unified:Unknown)
[2018.01.28-00.41.25:498][  0]LogD3D11RHI:      Driver Date: Unknown
[2018.01.28-00.41.25:498][  0]LogRHI: Texture pool is 5660 MB (70% of 8086 MB)
[2018.01.28-00.41.25:529][  0]LogD3D11RHI: Async texture creation enabled
[2018.01.28-00.41.25:787][  0]LogD3D11RHI: GPU Timing Frequency: 1000.000000 (Debug: 2 1)
[2018.01.28-00.41.25:791][  0]LogShaderCompilers: Guid format shader working directory is 1 characters bigger than the processId version (D:/Misc/Global Game Jam 2018/UE4/XDetectorVR/Intermediate/Shaders/WorkingDirectory/3928/).
[2018.01.28-00.41.25:792][  0]LogShaderCompilers: Cleaned the shader compiler working directory 'C:/Users/Brad/AppData/Local/Temp/UnrealShaderWorkingDir/4F01416040FB73DF304AD48EFA3DE317/'.
[2018.01.28-00.41.25:792][  0]LogShaderCompilers: Display: Using Local Shader Compiler.
[2018.01.28-00.41.27:035][  0]LogTemp: Display: Loaded TP AllDesktopTargetPlatform
[2018.01.28-00.41.27:116][  0]LogTemp: Display: Loaded TP MacClientTargetPlatform
[2018.01.28-00.41.27:204][  0]LogTemp: Display: Loaded TP MacNoEditorTargetPlatform
[2018.01.28-00.41.27:291][  0]LogTemp: Display: Loaded TP MacServerTargetPlatform
[2018.01.28-00.41.27:383][  0]LogTemp: Display: Loaded TP MacTargetPlatform
[2018.01.28-00.41.27:471][  0]LogTemp: Display: Loaded TP WindowsClientTargetPlatform
[2018.01.28-00.41.27:556][  0]LogTemp: Display: Loaded TP WindowsNoEditorTargetPlatform
[2018.01.28-00.41.27:621][  0]LogTemp: Display: Loaded TP WindowsServerTargetPlatform
[2018.01.28-00.41.27:697][  0]LogTemp: Display: Loaded TP WindowsTargetPlatform
[2018.01.28-00.41.27:790][  0]LogTemp: Display: Loaded TP Android_ASTCTargetPlatform
[2018.01.28-00.41.27:893][  0]LogTemp: Display: Loaded TP Android_ATCTargetPlatform
[2018.01.28-00.41.27:959][  0]LogTemp: Display: Loaded TP Android_DXTTargetPlatform
[2018.01.28-00.41.28:027][  0]LogTemp: Display: Loaded TP Android_ETC1TargetPlatform
[2018.01.28-00.41.28:128][  0]LogTemp: Display: Loaded TP Android_ETC2TargetPlatform
[2018.01.28-00.41.28:274][  0]LogTemp: Display: Loaded TP Android_MultiTargetPlatform
[2018.01.28-00.41.28:274][  0]LogTemp: Display: Loaded TP Android_PVRTCTargetPlatform
[2018.01.28-00.41.28:339][  0]LogTemp: Display: Loaded TP AndroidTargetPlatform
[2018.01.28-00.41.28:393][  0]LogTemp: Display: Loaded TP HTML5TargetPlatform
[2018.01.28-00.41.28:544][  0]LogTemp: Display: Loaded TP IOSTargetPlatform
[2018.01.28-00.41.28:590][  0]LogTemp: Display: Loaded TP TVOSTargetPlatform
[2018.01.28-00.41.28:668][  0]LogTemp: Display: Loaded TP LinuxClientTargetPlatform
[2018.01.28-00.41.28:747][  0]LogTemp: Display: Loaded TP LinuxNoEditorTargetPlatform
[2018.01.28-00.41.28:817][  0]LogTemp: Display: Loaded TP LinuxServerTargetPlatform
[2018.01.28-00.41.28:906][  0]LogTemp: Display: Loaded TP LinuxTargetPlatform
[2018.01.28-00.41.28:906][  0]LogTargetPlatformManager: Display: Building Assets For Windows
[2018.01.28-00.41.29:655][  0]LogDerivedDataCache: Display: Max Cache Size: 512 MB
[2018.01.28-00.41.29:792][  0]LogDerivedDataCache: Loaded boot cache 0.14s 90MB C:/Users/Brad/AppData/Local/UnrealEngine/4.18/DerivedDataCache/Boot.ddc.
[2018.01.28-00.41.29:792][  0]LogDerivedDataCache: Display: Loaded Boot cache: C:/Users/Brad/AppData/Local/UnrealEngine/4.18/DerivedDataCache/Boot.ddc
[2018.01.28-00.41.29:792][  0]LogDerivedDataCache: FDerivedDataBackendGraph:  Pak pak cache file D:/Misc/Global Game Jam 2018/UE4/XDetectorVR/DerivedDataCache/DDC.ddp not found, will not use a pak cache.
[2018.01.28-00.41.29:792][  0]LogDerivedDataCache: Unable to find inner node Pak for hierarchical cache Hierarchy.
[2018.01.28-00.41.29:792][  0]LogDerivedDataCache: FDerivedDataBackendGraph:  CompressedPak pak cache file D:/Misc/Global Game Jam 2018/UE4/XDetectorVR/DerivedDataCache/Compressed.ddp not found, will not use a pak cache.
[2018.01.28-00.41.29:792][  0]LogDerivedDataCache: Unable to find inner node CompressedPak for hierarchical cache Hierarchy.
[2018.01.28-00.41.29:816][  0]LogDerivedDataCache: Display: Pak cache opened for reading ../../../Engine/DerivedDataCache/Compressed.ddp.
[2018.01.28-00.41.29:830][  0]LogDerivedDataCache: Using Local data cache path C:/Users/Brad/AppData/Local/UnrealEngine/Common/DerivedDataCache: Writable
[2018.01.28-00.41.29:874][  0]LogMaterial: Verifying Global Shaders for PCD3D_SM5
[2018.01.28-00.41.29:875][  0]LogSlate: Using Freetype 2.6.0
[2018.01.28-00.41.29:876][  0]LogSlate: SlateFontCache - WITH_FREETYPE: 1, WITH_HARFBUZZ: 1
[2018.01.28-00.41.29:876][  0]LogSlate: SlateFontCache - WITH_FREETYPE: 1, WITH_HARFBUZZ: 1
[2018.01.28-00.41.30:334][  0]LogInit: Selected Device Profile: [Windows]
[2018.01.28-00.41.30:446][  0]LogMaterial: Missing cached shader map for material WorldGridMaterial, compiling. Is special engine material.
[2018.01.28-00.41.55:071][  0]LogMaterial: Missing cached shader map for material DefaultDeferredDecalMaterial, compiling. 
[2018.01.28-00.42.00:804][  0]LogMaterial: Missing cached shader map for material DefaultPostProcessMaterial, compiling. 
[2018.01.28-00.42.01:369][  0]LogMaterial: Missing cached shader map for material DefaultLightFunctionMaterial, compiling. 
[2018.01.28-00.42.01:905][  0]LogMaterial: Missing cached shader map for material MatineeCam_mat, compiling. 
[2018.01.28-00.42.02:252][  0]LogSimplygon: Simplygon DLL not present - disabling.
[2018.01.28-00.42.02:310][  0]LogMeshReduction: Using SimplygonSwarm for distributed automatic mesh merging
[2018.01.28-00.42.02:310][  0]LogMeshReduction: Using QuadricMeshReduction for automatic static mesh reduction
[2018.01.28-00.42.02:310][  0]LogMeshReduction: No automatic skeletal mesh reduction module available
[2018.01.28-00.42.02:311][  0]LogMeshReduction: No automatic mesh merging module available
[2018.01.28-00.42.02:311][  0]LogMeshMerging: No automatic mesh merging module available
[2018.01.28-00.42.02:337][  0]LogNetVersion: XDetectorVR , NetCL: 3709383, EngineNetVer: 2, GameNetVer: 0 (Checksum: 1636529592)
[2018.01.28-00.42.02:367][  0]LogMaterial: Missing cached shader map for material HelpActorMaterial, compiling. 
[2018.01.28-00.42.02:460][  0]LogMaterial: Missing cached shader map for material DefaultTextMaterialOpaque, compiling. 
[2018.01.28-00.42.02:621][  0]LogAssetRegistry: FAssetRegistry took 0.0280 seconds to start up
[2018.01.28-00.42.02:684][  0]LogMaterial: Missing cached shader map for material Xray, compiling. 
[2018.01.28-00.42.02:715][  0]LogMaterial: Missing cached shader map for material Main, compiling. 
[2018.01.28-00.42.02:929][  0]LogMaterial: Missing cached shader map for material TranslucentTransformGizmoMaterial, compiling. 
[2018.01.28-00.42.02:947][  0]LogMaterial: Missing cached shader map for material TransformGizmoMaterial, compiling. 
[2018.01.28-00.42.02:958][  0]LogMaterial: Missing cached shader map for material SnapGridMaterial, compiling. 
[2018.01.28-00.42.03:066][  0]LogMaterial: Missing cached shader map for material CineMat, compiling. 
[2018.01.28-00.42.03:206][  0]LogMaterial: Missing cached shader map for material M_SimpleOpaque, compiling. 
[2018.01.28-00.42.03:257][  0]LogMaterial: Missing cached shader map for material M_SimpleTranslucent, compiling. 
[2018.01.28-00.42.03:410][  0]LogMaterial: Missing cached shader map for material Widget3DPassThrough, compiling. 
[2018.01.28-00.42.03:427][  0]LogMaterial: Missing cached shader map for material Widget3DPassThrough, compiling. 
[2018.01.28-00.42.03:469][  0]LogMaterial: Missing cached shader map for material Widget3DPassThrough, compiling. 
[2018.01.28-00.42.03:495][  0]LogMaterial: Missing cached shader map for material Widget3DPassThrough, compiling. 
[2018.01.28-00.42.03:518][  0]LogMaterial: Missing cached shader map for material Widget3DPassThrough, compiling. 
[2018.01.28-00.42.03:555][  0]LogMaterial: Missing cached shader map for material Widget3DPassThrough, compiling. 
[2018.01.28-00.42.03:852][  0]LogMaterial: Missing cached shader map for material SkySphereMaterial, compiling. 
[2018.01.28-00.42.03:881][  0]LogMaterial: Missing cached shader map for material FloorPlaneMaterial, compiling. 
[2018.01.28-00.42.04:184][  0]LogMaterial: Missing cached shader map for material LandscapeGizmo_Mat, compiling. 
[2018.01.28-00.42.04:535][  0]LogMaterial: Missing cached shader map for material LandscapeGizmoHeight_Mat, compiling. 
[2018.01.28-00.42.04:654][  0]LogMaterial: Missing cached shader map for material SplineEditorMeshMat, compiling. 
[2018.01.28-00.42.04:692][  0]LogMaterial: Missing cached shader map for material ARKitCameraMaterial, compiling. 
[2018.01.28-00.42.04:736][  0]LogMaterial: Missing cached shader map for material GearVRControllerMaterial, compiling. 
[2018.01.28-00.42.04:954][  0]LogPackageLocalizationCache: Processed 7 localized package path(s) for 2 prioritized culture(s) in 0.143286 seconds
[2018.01.28-00.42.04:968][  0]LogUObjectArray: 35870 objects as part of root set at end of initial load.
[2018.01.28-00.42.04:968][  0]LogUObjectAllocator: 7363696 out of 0 bytes used by permanent object pool.
[2018.01.28-00.42.04:968][  0]LogUObjectArray: CloseDisregardForGC: 0/0 objects in disregard for GC pool
[2018.01.28-00.42.05:104][  0]LogInit: WinSock: version 1.1 (2.2), MaxSocks=32767, MaxUdp=65467
[2018.01.28-00.42.07:837][  0]LogMaterial: Missing cached shader map for material GridPostProcess, compiling. 
[2018.01.28-00.42.07:851][  0]LogMaterial: Missing cached shader map for material GridMaterial, compiling. 
[2018.01.28-00.42.07:873][  0]LogMaterial: Missing cached shader map for material VRTextMaterial, compiling. 
[2018.01.28-00.42.07:901][  0]LogMaterial: Missing cached shader map for material OculusControllerMaterial, compiling. 
[2018.01.28-00.42.07:936][  0]LogMaterial: Missing cached shader map for material ArrowMaterial, compiling. 
[2018.01.28-00.42.07:981][  0]LogMaterial: Missing cached shader map for material KeyDiskMaterial, compiling. 
[2018.01.28-00.42.08:003][  0]LogMaterial: Missing cached shader map for material M_ContentWindow, compiling. 
[2018.01.28-00.42.08:080][  0]LogMaterial: Missing cached shader map for material GenericHMDMaterial, compiling. 
[2018.01.28-00.42.08:115][  0]LogMaterial: Missing cached shader map for material TeleportDirectionMaterial, compiling. 
[2018.01.28-00.42.08:162][  0]LogMaterial: Missing cached shader map for material FlattenHeightMat, compiling. 
[2018.01.28-00.42.08:185][  0]LogMaterial: Missing cached shader map for material LaserPointerMaterial, compiling. 
[2018.01.28-00.42.08:222][  0]LogMaterial: Missing cached shader map for material LaserPointerMaterial, compiling. 
[2018.01.28-00.42.08:284][  0]LogMaterial: Missing cached shader map for material VivePreControllerMaterial, compiling. 
[2018.01.28-00.42.08:328][  0]LogMaterial: Missing cached shader map for material LineMaterial, compiling. 
[2018.01.28-00.42.08:359][  0]LogMaterial: Missing cached shader map for material VRTextMaterial, compiling. 
[2018.01.28-00.42.10:109][  0]LogMaterial: Missing cached shader map for material DefaultSpriteMaterial, compiling. 
[2018.01.28-00.42.10:138][  0]LogMaterial: Missing cached shader map for material DefaultSpriteMaterial, compiling. 
[2018.01.28-00.42.11:090][  0]LogTcpMessaging: Initializing TcpMessaging bridge
[2018.01.28-00.42.11:178][  0]LogUdpMessaging: Initializing bridge on interface 0.0.0.0:0 to multicast group 230.0.0.1:6666.
[2018.01.28-00.42.11:914][  0]LogMaterial: Missing cached shader map for material DefaultMaterial, compiling. 
[2018.01.28-00.42.12:846][  0]LogMaterial: Missing cached shader map for material BaseColor, compiling. 
[2018.01.28-00.42.12:868][  0]LogMaterial: Missing cached shader map for material CustomDepth, compiling. 
[2018.01.28-00.42.12:912][  0]LogMaterial: Uniform references updated for custom material expression Custom.
[2018.01.28-00.42.12:917][  0]LogMaterial: Missing cached shader map for material CustomStencil, compiling. 
[2018.01.28-00.42.12:936][  0]LogMaterial: Missing cached shader map for material FinalImage, compiling. 
[2018.01.28-00.42.12:954][  0]LogMaterial: Missing cached shader map for material LightingModel, compiling. 
[2018.01.28-00.42.12:970][  0]LogMaterial: Missing cached shader map for material MaterialAO, compiling. 
[2018.01.28-00.42.12:990][  0]LogMaterial: Missing cached shader map for material Metallic, compiling. 
[2018.01.28-00.42.13:007][  0]LogMaterial: Missing cached shader map for material Opacity, compiling. 
[2018.01.28-00.42.13:026][  0]LogMaterial: Missing cached shader map for material Roughness, compiling. 
[2018.01.28-00.42.13:048][  0]LogMaterial: Missing cached shader map for material SceneColor, compiling. 
[2018.01.28-00.42.13:068][  0]LogMaterial: Missing cached shader map for material SceneDepth, compiling. 
[2018.01.28-00.42.13:087][  0]LogMaterial: Missing cached shader map for material SeparateTranslucencyRGB, compiling. 
[2018.01.28-00.42.13:103][  0]LogMaterial: Missing cached shader map for material SeparateTranslucencyA, compiling. 
[2018.01.28-00.42.13:118][  0]LogMaterial: Missing cached shader map for material Specular, compiling. 
[2018.01.28-00.42.13:133][  0]LogMaterial: Missing cached shader map for material SubsurfaceColor, compiling. 
[2018.01.28-00.42.13:150][  0]LogMaterial: Missing cached shader map for material WorldNormal, compiling. 
[2018.01.28-00.42.13:175][  0]LogMaterial: Missing cached shader map for material AmbientOcclusion, compiling. 
[2018.01.28-00.42.13:208][  0]LogMaterial: Missing cached shader map for material CustomDepthWorldUnits, compiling. 
[2018.01.28-00.42.13:231][  0]LogMaterial: Missing cached shader map for material SceneDepthWorldUnits, compiling. 
[2018.01.28-00.42.13:253][  0]LogMaterial: Missing cached shader map for material PreTonemapHDRColor, compiling. 
[2018.01.28-00.42.13:278][  0]LogMaterial: Missing cached shader map for material PostTonemapHDRColor, compiling. 
[2018.01.28-00.42.14:157][  0]SourceControl: Source control is disabled
[2018.01.28-00.42.14:158][  0]SourceControl: Source control is disabled
[2018.01.28-00.42.14:285][  0]SourceControl: Source control is disabled
[2018.01.28-00.42.14:407][  0]SourceControl: Source control is disabled
[2018.01.28-00.42.15:700][  0]LogMaterial: Missing cached shader map for material DefaultMediaPlaneMaterial, compiling. 
[2018.01.28-00.42.16:346][  0]LogAndroidPermission: UAndroidPermissionCallbackProxy::GetInstance
[2018.01.28-00.42.17:034][  0]LogOcInput: OculusInput pre-init called
[2018.01.28-00.42.17:630][  0]LogMaterial: Missing cached shader map for material HighResScreenshot, compiling. 
[2018.01.28-00.42.17:662][  0]LogMaterial: Missing cached shader map for material HighResScreenshotMask, compiling. 
[2018.01.28-00.42.17:703][  0]LogMaterial: Missing cached shader map for material HighResScreenshotCaptureRegion, compiling. 
[2018.01.28-00.42.17:797][  0]LogEngine: Initializing Engine...
[2018.01.28-00.42.17:800][  0]LogHMD: Oculus plugin initialized. Version: 4.18.3-3832480+++UE4+Release-4.18, OVRPlugin: 1.19.0
[2018.01.28-00.42.17:810][  0]LogMaterial: Missing cached shader map for material WireframeMaterial, compiling. Is special engine material.
[2018.01.28-00.42.18:144][  0]LogMaterial: Missing cached shader map for material LevelColorationLitMaterial, compiling. Is special engine material.
[2018.01.28-00.42.19:065][  0]LogMaterial: Missing cached shader map for material LevelColorationUnlitMaterial, compiling. Is special engine material.
[2018.01.28-00.42.19:619][  0]LogMaterial: Missing cached shader map for material MAT_LevelColorationLitLightmapUV, compiling. Is special engine material.
[2018.01.28-00.42.20:542][  0]LogMaterial: Missing cached shader map for material ShadedLevelColorationLitMaterial, compiling. Is special engine material.
[2018.01.28-00.42.21:449][  0]LogMaterial: Missing cached shader map for material ShadedLevelColorationUnlitMateri, compiling. Is special engine material.
[2018.01.28-00.42.21:721][  0]LogMaterial: Missing cached shader map for material VertexColorMaterial, compiling. 
[2018.01.28-00.42.21:865][  0]LogMaterial: Missing cached shader map for material VertexColorViewMode_ColorOnly, compiling. 
[2018.01.28-00.42.21:904][  0]LogMaterial: Missing cached shader map for material VertexColorViewMode_AlphaAsColor, compiling. 
[2018.01.28-00.42.21:939][  0]LogMaterial: Missing cached shader map for material VertexColorViewMode_RedOnly, compiling. 
[2018.01.28-00.42.21:972][  0]LogMaterial: Missing cached shader map for material VertexColorViewMode_GreenOnly, compiling. 
[2018.01.28-00.42.22:008][  0]LogMaterial: Missing cached shader map for material VertexColorViewMode_BlueOnly, compiling. 
[2018.01.28-00.42.22:038][  0]LogMaterial: Missing cached shader map for material RemoveSurfaceMaterial, compiling. 
[2018.01.28-00.42.22:058][  0]LogMaterial: Missing cached shader map for material DebugMeshMaterial, compiling. 
[2018.01.28-00.42.22:090][  0]LogMaterial: Missing cached shader map for material M_InvalidLightmapSettings, compiling. 
[2018.01.28-00.42.22:157][  0]LogMaterial: Missing cached shader map for material GizmoMaterial, compiling. 
[2018.01.28-00.42.22:190][  0]LogMaterial: Missing cached shader map for material PhAT_JointLimitMaterial, compiling. 
[2018.01.28-00.42.22:225][  0]LogMaterial: Missing cached shader map for material GeomMaterial, compiling. 
[2018.01.28-00.42.22:251][  0]LogMaterial: Missing cached shader map for material EditorBrushMaterial, compiling. 
[2018.01.28-00.42.22:286][  0]LogMaterial: Missing cached shader map for material BoneWeightMaterial, compiling. 
[2018.01.28-00.42.22:436][  0]LogMaterial: Missing cached shader map for material ClothMaterial, compiling. 
[2018.01.28-00.42.22:464][  0]LogMaterial: Missing cached shader map for material ClothMaterial_WF, compiling. 
[2018.01.28-00.42.22:504][  0]LogMaterial: Missing cached shader map for material DebugEditorMaterial, compiling. 
[2018.01.28-00.42.22:537][  0]LogMaterial: Missing cached shader map for material PreviewShadowIndicatorMaterial, compiling. 
[2018.01.28-00.42.22:716][  0]LogStats: UGameplayTagsManager::ConstructGameplayTagTree: Construct from data asset -  0.000 s
[2018.01.28-00.42.22:716][  0]LogStats: UGameplayTagsManager::ConstructGameplayTagTree: GameplayTagTreeChangedEvent.Broadcast -  0.000 s
[2018.01.28-00.42.23:047][  0]LogAIModule: Creating AISystem for world Untitled
[2018.01.28-00.42.23:109][  0]LogInit: XAudio2 using 'Headphones (Rift Audio)' : 2 channels at 48 kHz using 16 bits per sample (channel mask 0x3)
[2018.01.28-00.42.23:162][  0]LogInit: FAudioDevice initialized.
[2018.01.28-00.42.23:303][  0]LogDerivedDataCache: Saved boot cache 0.14s 94MB C:/Users/Brad/AppData/Local/UnrealEngine/4.18/DerivedDataCache/Boot.ddc.
[2018.01.28-00.42.23:328][  0]LogInit: Texture streaming: Enabled
[2018.01.28-00.42.23:609][  0]LogEngineSessionManager: EngineSessionManager initialized
[2018.01.28-00.42.23:934][  0]LogInit: Transaction tracking system initialized
[2018.01.28-00.42.24:766][  0]BlueprintLog: New page: Editor Load
[2018.01.28-00.42.27:103][  0]LocalizationService: Localization service is disabled
[2018.01.28-00.42.29:022][  0]LogConsoleResponse: Display: 
[2018.01.28-00.42.29:085][  0]LogMaterial: Missing cached shader map for material Cross_Mat, compiling. 
[2018.01.28-00.42.29:122][  0]LogMaterial: Missing cached shader map for material PhAT_BoneSelectedMaterial, compiling. 
[2018.01.28-00.42.29:149][  0]LogMaterial: Missing cached shader map for material PhAT_ElemSelectedMaterial, compiling. 
[2018.01.28-00.42.29:179][  0]LogMaterial: Missing cached shader map for material PhAT_NoCollisionMaterial, compiling. 
[2018.01.28-00.42.29:208][  0]LogMaterial: Missing cached shader map for material PhAT_UnselectedMaterial, compiling. 
[2018.01.28-00.42.29:235][  0]LogMaterial: Missing cached shader map for material Tick_Mat, compiling. 
[2018.01.28-00.42.29:271][  0]LogMaterial: Missing cached shader map for material WidgetGridVertexColorMaterial_Ma, compiling. 
[2018.01.28-00.42.29:473][  0]LogMaterial: Missing cached shader map for material WidgetMaterial, compiling. 
[2018.01.28-00.42.29:499][  0]LogMaterial: Missing cached shader map for material WidgetMaterial_Current, compiling. 
[2018.01.28-00.42.29:644][  0]LogMaterial: Missing cached shader map for material WidgetMaterial_X, compiling. 
[2018.01.28-00.42.29:810][  0]LogMaterial: Missing cached shader map for material WidgetMaterial_Y, compiling. 
[2018.01.28-00.42.29:833][  0]LogMaterial: Missing cached shader map for material WidgetMaterial_Z, compiling. 
[2018.01.28-00.42.29:859][  0]LogMaterial: Missing cached shader map for material WidgetVertexColorMaterial, compiling. 
[2018.01.28-00.42.29:949][  0]LogMaterial: Missing cached shader map for material LevelGridMaterial, compiling. 
[2018.01.28-00.42.30:034][  0]LogMaterial: Missing cached shader map for material BlinkingCaret, compiling. 
[2018.01.28-00.42.30:126][  0]LogMaterial: Missing cached shader map for material M_StreamingPause, compiling. 
[2018.01.28-00.42.30:172][  0]LogCook: Display: Max memory allowance for cook 16384mb min free memory 0mb
[2018.01.28-00.42.30:172][  0]LogCook: Display: Mobile HDR setting 1
[2018.01.28-00.42.30:172][  0]LogGameplayTags: Display: UGameplayTagsManager::DoneAddingNativeTags. DelegateIsBound: 0
[2018.01.28-00.42.31:177][  0]LogFileCache: Scanning file cache for directory 'D:/Misc/Global Game Jam 2018/UE4/XDetectorVR/Content/' took 0.01s
[2018.01.28-00.42.33:133][  0]SourceControl: Source control is disabled
[2018.01.28-00.42.33:133][  0]Cmd: MAP LOAD FILE="D:/Misc/Global Game Jam 2018/UE4/XDetectorVR/Content/VirtualRealityBP/Maps/StartupMap.umap" TEMPLATE=0 SHOWPROGRESS=1 FEATURELEVEL=3
[2018.01.28-00.42.33:134][  0]LightingResults: New page: Lighting Build
[2018.01.28-00.42.33:236][  0]MapCheck: New page: Map Check
[2018.01.28-00.42.33:236][  0]LightingResults: New page: Lighting Build
[2018.01.28-00.42.33:395][  0]LogMaterial: Missing cached shader map for material M_HandMat, compiling. 
[2018.01.28-00.42.33:478][  0]LogMaterial: Missing cached shader map for material M_ArcEndpoint, compiling. 
[2018.01.28-00.42.33:539][  0]LogMaterial: Missing cached shader map for material M_BaseMaterial, compiling. 
[2018.01.28-00.42.33:632][  0]LogMaterial: Missing cached shader map for material M_TeleportPreviews, compiling. 
[2018.01.28-00.42.33:661][  0]LogMaterial: Missing cached shader map for material GenericHMDMaterial, compiling. 
[2018.01.28-00.42.33:702][  0]LogAIModule: Creating AISystem for world StartupMap
[2018.01.28-00.42.34:176][  0]LogEditorServer: Finished looking for orphan Actors (0.000 secs)
[2018.01.28-00.42.34:194][  0]Cmd: MAP CHECKDEP NOCLEARLOG
[2018.01.28-00.42.34:308][  0]MapCheck: Map check complete: 0 Error(s), 0 Warning(s), took 114.07ms to complete.
[2018.01.28-00.42.34:308][  0]LogFileHelpers: Loading map 'StartupMap' took 1.175
[2018.01.28-00.42.34:407][  0]LogWindowsTextInputMethodSystem: Display: IME system now deactivated.
[2018.01.28-00.42.34:639][  0]LogCollectionManager: Loaded 0 collections in 0.002638 seconds
[2018.01.28-00.42.34:783][  0]LogFileCache: Scanning file cache for directory 'D:/Misc/Global Game Jam 2018/UE4/XDetectorVR/Saved/Collections/' took 0.01s
[2018.01.28-00.42.34:783][  0]LogFileCache: Scanning file cache for directory 'D:/Misc/Global Game Jam 2018/UE4/XDetectorVR/Content/Developers/Brad/Collections/' took 0.01s
[2018.01.28-00.42.34:783][  0]LogFileCache: Scanning file cache for directory 'D:/Misc/Global Game Jam 2018/UE4/XDetectorVR/Content/Collections/' took 0.01s
[2018.01.28-00.42.34:783][  0]LogCollectionManager: Rebuilt the GUID cache for 0 collections in 0.000002 seconds
[2018.01.28-00.42.34:800][  0]LogContentBrowser: Native class hierarchy populated in 0.0162 seconds. Added 2363 classes and 519 folders.
[2018.01.28-00.42.34:943][  0]LogContentBrowser: Native class hierarchy updated for 'WidgetCarousel' in 0.0005 seconds. Added 0 classes and 0 folders.
[2018.01.28-00.42.35:009][  0]LogContentBrowser: Native class hierarchy updated for 'AddContentDialog' in 0.0005 seconds. Added 0 classes and 0 folders.
[2018.01.28-00.42.35:256][  0]LogContentBrowser: Native class hierarchy updated for 'SceneOutliner' in 0.0006 seconds. Added 1 classes and 2 folders.
[2018.01.28-00.42.35:382][  0]LogSlate: Took 0.000372 seconds to synchronously load lazily loaded font '../../../Engine/Content/Slate/Fonts/Roboto-Regular.ttf' (155K)
[2018.01.28-00.42.35:385][  0]LogSlate: Took 0.000374 seconds to synchronously load lazily loaded font '../../../Engine/Content/Slate/Fonts/Roboto-Bold.ttf' (160K)
[2018.01.28-00.42.35:405][  0]LogSlate: Took 0.011942 seconds to synchronously load lazily loaded font '../../../Engine/Content/Editor/Slate/Fonts/FontAwesome.ttf' (139K)
[2018.01.28-00.42.35:552][  0]LogMaterial: Missing cached shader map for material LevelGridMaterial2, compiling. 
[2018.01.28-00.42.35:658][  0]LogRenderer: Reallocating scene render targets to support 1176x664 Format 26 NumSamples 1 (Frame:1).
[2018.01.28-00.42.36:162][  0]LogContentBrowser: Native class hierarchy updated for 'HierarchicalLODOutliner' in 0.0006 seconds. Added 1 classes and 2 folders.
[2018.01.28-00.42.36:162][  0]LogLoad: (Engine Initialization) Total time: 75.08 seconds
[2018.01.28-00.42.36:162][  0]LogLoad: (Engine Initialization) Total Blueprint compile time: 0.00 seconds
[2018.01.28-00.42.36:162][  0]LogExternalProfiler: No external profilers were discovered.  External profiling features will not be available.
[2018.01.28-00.42.36:189][  0]LogOcInput: OculusInput is initialized
[2018.01.28-00.42.36:327][  0]LogContentStreaming: Texture pool size now 1000 MB
[2018.01.28-00.42.36:394][  0]LogSlate: Took 0.000437 seconds to synchronously load lazily loaded font '../../../Engine/Content/Slate/Fonts/Roboto-Light.ttf' (159K)
[2018.01.28-00.42.36:420][  1]LogAssetRegistry: Asset discovery search completed in 33.8218 seconds
[2018.01.28-00.42.36:425][  1]LogCollectionManager: Rebuilt the object cache for 0 collections in 0.000002 seconds (found 0 objects)
[2018.01.28-00.42.36:425][  1]LogCollectionManager: Fixed up redirectors for 0 collections in 0.000154 seconds (updated 0 objects)
[2018.01.28-00.43.00:670][347]LogTemp: Repeating last play command: Selected Viewport
[2018.01.28-00.43.00:724][347]LogPlayLevel: PlayLevel: No blueprints needed recompiling
[2018.01.28-00.43.00:724][347]LogHMD: Initializing OVRPlugin session
[2018.01.28-00.43.00:949][347]PIE: New page: PIE session: StartupMap (Jan 27, 2018, 2:43:00 PM)
[2018.01.28-00.43.00:949][347]LogPlayLevel: Creating play world package: /Game/VirtualRealityBP/Maps/UEDPIE_0_StartupMap
[2018.01.28-00.43.00:957][347]LogPlayLevel: PIE: StaticDuplicateObject took: (0.008200s)
[2018.01.28-00.43.00:958][347]LogAIModule: Creating AISystem for world StartupMap
[2018.01.28-00.43.00:958][347]LogPlayLevel: PIE: World Init took: (0.001047s)
[2018.01.28-00.43.00:959][347]LogPlayLevel: PIE: Created PIE world by copying editor world from /Game/VirtualRealityBP/Maps/StartupMap.StartupMap to /Game/VirtualRealityBP/Maps/UEDPIE_0_StartupMap.StartupMap (0.009660s)
[2018.01.28-00.43.01:012][347]LogInit: XAudio2 using 'Headphones (Rift Audio)' : 2 channels at 48 kHz using 16 bits per sample (channel mask 0x3)
[2018.01.28-00.43.01:030][347]LogInit: FAudioDevice initialized.
[2018.01.28-00.43.01:092][347]LogUObjectGlobals: Warning: Failed to find object 'Class None.'
[2018.01.28-00.43.01:092][347]LogLoad: Game class is 'GameModeBase'
[2018.01.28-00.43.01:097][347]LogWorld: Bringing World /Game/VirtualRealityBP/Maps/UEDPIE_0_StartupMap.StartupMap up for play (max tick rate 0) at 2018.01.27-19.43.01
[2018.01.28-00.43.01:098][347]LogWorld: Bringing up level for play took: 0.003121
[2018.01.28-00.43.01:197][347]LogContentBrowser: Native class hierarchy updated for 'MovieSceneCapture' in 0.0006 seconds. Added 11 classes and 0 folders.
[2018.01.28-00.43.01:199][347]PIE: Play in editor start time for /Game/VirtualRealityBP/Maps/UEDPIE_0_StartupMap 1.173
[2018.01.28-00.45.19:774][215]LogPlayLevel: PlayLevel: No blueprints needed recompiling
[2018.01.28-00.45.19:774][215]LogHMD: Initializing OVRPlugin session
[2018.01.28-00.45.19:799][215]PIE: New page: PIE session: StartupMap (Jan 27, 2018, 2:45:19 PM)
[2018.01.28-00.45.19:800][215]LogPlayLevel: Creating play world package: /Game/VirtualRealityBP/Maps/UEDPIE_0_StartupMap
[2018.01.28-00.45.19:804][215]LogPlayLevel: PIE: StaticDuplicateObject took: (0.004498s)
[2018.01.28-00.45.19:805][215]LogAIModule: Creating AISystem for world StartupMap
[2018.01.28-00.45.19:805][215]LogPlayLevel: PIE: World Init took: (0.000657s)
[2018.01.28-00.45.19:805][215]LogPlayLevel: PIE: Created PIE world by copying editor world from /Game/VirtualRealityBP/Maps/StartupMap.StartupMap to /Game/VirtualRealityBP/Maps/UEDPIE_0_StartupMap.StartupMap (0.005385s)
[2018.01.28-00.45.19:834][215]LogInit: XAudio2 using 'Headphones (Rift Audio)' : 2 channels at 48 kHz using 16 bits per sample (channel mask 0x3)
[2018.01.28-00.45.19:842][215]LogInit: FAudioDevice initialized.
[2018.01.28-00.45.19:924][215]LogHMD: Allocating Oculus 2688 x 1584 rendertarget swapchain
[2018.01.28-00.45.19:951][215]LogUObjectGlobals: Warning: Failed to find object 'Class None.'
[2018.01.28-00.45.19:951][215]LogLoad: Game class is 'GameModeBase'
[2018.01.28-00.45.19:953][215]LogWorld: Bringing World /Game/VirtualRealityBP/Maps/UEDPIE_0_StartupMap.StartupMap up for play (max tick rate 0) at 2018.01.27-19.45.19
[2018.01.28-00.45.19:953][215]LogWorld: Bringing up level for play took: 0.001553
[2018.01.28-00.45.19:958][215]PIE: Play in editor start time for /Game/VirtualRealityBP/Maps/UEDPIE_0_StartupMap -0.069
[2018.01.28-00.45.19:970][215]LogRenderer: Reallocating scene render targets to support 2688x1584 Format 26 NumSamples 1 (Frame:1).
[2018.01.28-00.45.19:971][215]LogHMD: Allocating Oculus 2688 x 1584 depth rendertarget swapchain
[2018.01.28-00.57.29:044][766]Cmd: MAP LOAD FILE="../../../Engine/Content/Maps/Templates/VR-Basic.umap" TEMPLATE=1 SHOWPROGRESS=1 FEATURELEVEL=3
[2018.01.28-00.57.29:048][766]LogSlate: Took 0.000176 seconds to synchronously load lazily loaded font '../../../Engine/Content/Slate/Fonts/Roboto-Light.ttf' (159K)
[2018.01.28-00.57.29:061][766]LightingResults: New page: Lighting Build
[2018.01.28-00.57.29:062][766]LoadErrors: New page: Loading map: VR-Basic.umap
[2018.01.28-00.57.29:065][766]MapCheck: New page: Map Check
[2018.01.28-00.57.29:065][766]LightingResults: New page: Lighting Build
[2018.01.28-00.57.29:289][766]LogMaterial: Missing cached shader map for material M_Floor_01, compiling. 
[2018.01.28-00.57.29:417][766]LogMaterial: Missing cached shader map for material M_Sky_Panning_Clouds2, compiling. 
[2018.01.28-00.57.29:468][766]LogAIModule: Creating AISystem for world Untitled_1
[2018.01.28-00.57.29:538][766]LogEditorServer: Finished looking for orphan Actors (0.000 secs)
[2018.01.28-00.57.29:560][766]Cmd: MAP CHECKDEP NOCLEARLOG
[2018.01.28-00.57.29:639][766]MapCheck: Map check complete: 0 Error(s), 0 Warning(s), took 78.687ms to complete.
[2018.01.28-00.57.29:639][766]LogFileHelpers: Loading map 'VR-Basic' took 0.595
[2018.01.28-00.57.37:490][680]LogTemp: Repeating last play command: VR Preview
[2018.01.28-00.57.37:499][680]LogPlayLevel: PlayLevel: No blueprints needed recompiling
[2018.01.28-00.57.37:499][680]LogHMD: Initializing OVRPlugin session
[2018.01.28-00.57.37:534][680]PIE: New page: PIE session: Untitled_1 (Jan 27, 2018, 2:57:37 PM)
[2018.01.28-00.57.37:534][680]LogPlayLevel: Creating play world package: /Temp/UEDPIE_0_Untitled_1
[2018.01.28-00.57.37:536][680]LogPlayLevel: PIE: StaticDuplicateObject took: (0.002356s)
[2018.01.28-00.57.37:537][680]LogAIModule: Creating AISystem for world Untitled_1
[2018.01.28-00.57.37:537][680]LogPlayLevel: PIE: World Init took: (0.000730s)
[2018.01.28-00.57.37:537][680]LogPlayLevel: PIE: Created PIE world by copying editor world from /Temp/Untitled_1.Untitled_1 to /Temp/UEDPIE_0_Untitled_1.Untitled_1 (0.003355s)
[2018.01.28-00.57.37:568][680]LogInit: XAudio2 using 'Headphones (Rift Audio)' : 2 channels at 48 kHz using 16 bits per sample (channel mask 0x3)
[2018.01.28-00.57.37:578][680]LogInit: FAudioDevice initialized.
[2018.01.28-00.57.37:657][680]LogHMD: Allocating Oculus 2688 x 1584 rendertarget swapchain
[2018.01.28-00.57.37:685][680]LogUObjectGlobals: Warning: Failed to find object 'Class None.'
[2018.01.28-00.57.37:685][680]LogLoad: Game class is 'GameModeBase'
[2018.01.28-00.57.37:687][680]LogWorld: Bringing World /Temp/UEDPIE_0_Untitled_1.Untitled_1 up for play (max tick rate 0) at 2018.01.27-19.57.37
[2018.01.28-00.57.37:687][680]LogWorld: Bringing up level for play took: 0.001058
[2018.01.28-00.57.37:692][680]PIE: Play in editor start time for /Temp/UEDPIE_0_Untitled_1 -0.334
[2018.01.28-00.57.37:696][680]LogRenderer: Releasing previous depth to switch default clear from depth: 0.000000 stencil: 0 to depth: 0.000000 stencil: 0
[2018.01.28-00.57.37:696][680]LogHMD: Allocating Oculus 2688 x 1584 depth rendertarget swapchain
[2018.01.28-00.58.15:858][462]LogPlayLevel: PlayLevel: No blueprints needed recompiling
[2018.01.28-00.58.15:858][462]LogHMD: Initializing OVRPlugin session
[2018.01.28-00.58.15:885][462]PIE: New page: PIE session: Untitled_1 (Jan 27, 2018, 2:58:15 PM)
[2018.01.28-00.58.15:885][462]LogPlayLevel: Creating play world package: /Temp/UEDPIE_0_Untitled_1
[2018.01.28-00.58.15:887][462]LogPlayLevel: PIE: StaticDuplicateObject took: (0.002391s)
[2018.01.28-00.58.15:888][462]LogAIModule: Creating AISystem for world Untitled_1
[2018.01.28-00.58.15:888][462]LogPlayLevel: PIE: World Init took: (0.000653s)
[2018.01.28-00.58.15:888][462]LogPlayLevel: PIE: Created PIE world by copying editor world from /Temp/Untitled_1.Untitled_1 to /Temp/UEDPIE_0_Untitled_1.Untitled_1 (0.003268s)
[2018.01.28-00.58.15:918][462]LogInit: XAudio2 using 'Headphones (Rift Audio)' : 2 channels at 48 kHz using 16 bits per sample (channel mask 0x3)
[2018.01.28-00.58.15:927][462]LogInit: FAudioDevice initialized.
[2018.01.28-00.58.15:962][462]LogUObjectGlobals: Warning: Failed to find object 'Class None.'
[2018.01.28-00.58.15:962][462]LogLoad: Game class is 'GameModeBase'
[2018.01.28-00.58.15:964][462]LogWorld: Bringing World /Temp/UEDPIE_0_Untitled_1.Untitled_1 up for play (max tick rate 0) at 2018.01.27-19.58.15
[2018.01.28-00.58.15:964][462]LogWorld: Bringing up level for play took: 0.001182
[2018.01.28-00.58.15:965][462]PIE: Play in editor start time for /Temp/UEDPIE_0_Untitled_1 -0.061
[2018.01.28-00.58.41:057][508]LogPlayLevel: PlayLevel: No blueprints needed recompiling
[2018.01.28-00.58.41:057][508]LogHMD: Initializing OVRPlugin session
[2018.01.28-00.58.41:081][508]PIE: New page: PIE session: Untitled_1 (Jan 27, 2018, 2:58:41 PM)
[2018.01.28-00.58.41:081][508]LogPlayLevel: Creating play world package: /Temp/UEDPIE_0_Untitled_1
[2018.01.28-00.58.41:084][508]LogPlayLevel: PIE: StaticDuplicateObject took: (0.002477s)
[2018.01.28-00.58.41:084][508]LogAIModule: Creating AISystem for world Untitled_1
[2018.01.28-00.58.41:085][508]LogPlayLevel: PIE: World Init took: (0.000756s)
[2018.01.28-00.58.41:085][508]LogPlayLevel: PIE: Created PIE world by copying editor world from /Temp/Untitled_1.Untitled_1 to /Temp/UEDPIE_0_Untitled_1.Untitled_1 (0.003472s)
[2018.01.28-00.58.41:114][508]LogInit: XAudio2 using 'Headphones (Rift Audio)' : 2 channels at 48 kHz using 16 bits per sample (channel mask 0x3)
[2018.01.28-00.58.41:124][508]LogInit: FAudioDevice initialized.
[2018.01.28-00.58.41:199][508]LogHMD: Allocating Oculus 2688 x 1584 rendertarget swapchain
[2018.01.28-00.58.41:226][508]LogUObjectGlobals: Warning: Failed to find object 'Class None.'
[2018.01.28-00.58.41:226][508]LogLoad: Game class is 'GameModeBase'
[2018.01.28-00.58.41:228][508]LogWorld: Bringing World /Temp/UEDPIE_0_Untitled_1.Untitled_1 up for play (max tick rate 0) at 2018.01.27-19.58.41
[2018.01.28-00.58.41:228][508]LogWorld: Bringing up level for play took: 0.001238
[2018.01.28-00.58.41:233][508]PIE: Play in editor start time for /Temp/UEDPIE_0_Untitled_1 -0.793
[2018.01.28-00.58.41:236][508]LogRenderer: Releasing previous depth to switch default clear from depth: 0.000000 stencil: 0 to depth: 0.000000 stencil: 0
[2018.01.28-00.58.41:236][508]LogHMD: Allocating Oculus 2688 x 1584 depth rendertarget swapchain
[2018.01.28-00.59.47:531][996]LogPlayLevel: PlayLevel: No blueprints needed recompiling
[2018.01.28-00.59.47:531][996]LogHMD: Initializing OVRPlugin session
[2018.01.28-00.59.47:557][996]PIE: New page: PIE session: Untitled_1 (Jan 27, 2018, 2:59:47 PM)
[2018.01.28-00.59.47:557][996]LogPlayLevel: Creating play world package: /Temp/UEDPIE_0_Untitled_1
[2018.01.28-00.59.47:560][996]LogPlayLevel: PIE: StaticDuplicateObject took: (0.002330s)
[2018.01.28-00.59.47:560][996]LogAIModule: Creating AISystem for world Untitled_1
[2018.01.28-00.59.47:560][996]LogPlayLevel: PIE: World Init took: (0.000576s)
[2018.01.28-00.59.47:560][996]LogPlayLevel: PIE: Created PIE world by copying editor world from /Temp/Untitled_1.Untitled_1 to /Temp/UEDPIE_0_Untitled_1.Untitled_1 (0.003112s)
[2018.01.28-00.59.47:588][996]LogInit: XAudio2 using 'Headphones (Rift Audio)' : 2 channels at 48 kHz using 16 bits per sample (channel mask 0x3)
[2018.01.28-00.59.47:598][996]LogInit: FAudioDevice initialized.
[2018.01.28-00.59.47:629][996]LogUObjectGlobals: Warning: Failed to find object 'Class None.'
[2018.01.28-00.59.47:629][996]LogLoad: Game class is 'GameModeBase'
[2018.01.28-00.59.47:630][996]LogWorld: Bringing World /Temp/UEDPIE_0_Untitled_1.Untitled_1 up for play (max tick rate 0) at 2018.01.27-19.59.47
[2018.01.28-00.59.47:630][996]LogWorld: Bringing up level for play took: 0.001046
[2018.01.28-00.59.47:632][996]PIE: Play in editor start time for /Temp/UEDPIE_0_Untitled_1 -0.395
[2018.01.28-01.00.20:942][965]LogEditorViewport: Clicking on Actor (LMB): StaticMeshActor (Ball)
[2018.01.28-01.00.34:061][275]LogEditorViewport: Clicking on Actor (LMB): StaticMeshActor (Cube)
[2018.01.28-01.00.37:959][709]LogEditorViewport: Clicking on Actor (LMB): StaticMeshActor (Cube)
[2018.01.28-01.00.39:232][856]LogEditorViewport: Clicking on Actor (LMB): StaticMeshActor (Cube)
[2018.01.28-01.00.40:801][ 38]LogEditorViewport: Clicking on Actor (LMB): StaticMeshActor (Pyramid)
[2018.01.28-01.00.41:624][131]LogEditorViewport: Clicking on Actor (LMB): StaticMeshActor (Cube)
[2018.01.28-01.00.44:710][495]LogEditorViewport: Clicking on Actor (LMB): PlayerStart (Player Start)
[2018.01.28-01.01.32:125][788]LogHMD: Initializing OVRPlugin session
[2018.01.28-01.01.32:159][788]LogHMD: Allocating Oculus 2688 x 1584 rendertarget swapchain
[2018.01.28-01.01.32:186][788]LogHMD: Allocating Oculus 2688 x 1584 rendertarget swapchain
[2018.01.28-01.01.32:218][788]LogRenderer: Releasing previous depth to switch default clear from depth: 0.000000 stencil: 0 to depth: 0.000000 stencil: 0
[2018.01.28-01.01.32:218][788]LogHMD: Allocating Oculus 2688 x 1584 depth rendertarget swapchain
[2018.01.28-01.01.44:817][351]Cmd: SELECT NONE
[2018.01.28-01.01.46:238][415]Cmd: SELECT NONE
[2018.01.28-01.01.54:349][780]Cmd: SELECT NONE
[2018.01.28-01.01.54:616][792]Cmd: SELECT NONE
[2018.01.28-01.01.54:860][803]Cmd: SELECT NONE
[2018.01.28-01.01.55:060][812]Cmd: SELECT NONE
[2018.01.28-01.01.57:037][901]Cmd: SELECT NONE
[2018.01.28-01.01.57:304][913]Cmd: SELECT NONE
[2018.01.28-01.02.13:482][640]Cmd: SELECT NONE
[2018.01.28-01.02.14:060][666]Cmd: SELECT NONE
[2018.01.28-01.02.34:016][564]Cmd: SELECT NONE
[2018.01.28-01.02.34:416][582]Cmd: SELECT NONE
[2018.01.28-01.02.34:594][590]Cmd: SELECT NONE
[2018.01.28-01.02.34:794][599]Cmd: SELECT NONE
[2018.01.28-01.02.55:852][ 21]LogPlayLevel: PlayLevel: No blueprints needed recompiling
[2018.01.28-01.02.55:852][ 21]PIE: New page: PIE session: Untitled_1 (Jan 27, 2018, 3:02:55 PM)
[2018.01.28-01.02.55:852][ 21]LogPlayLevel: Creating play world package: /Temp/UEDPIE_0_Untitled_1
[2018.01.28-01.02.55:857][ 21]LogPlayLevel: PIE: StaticDuplicateObject took: (0.004793s)
[2018.01.28-01.02.55:858][ 21]LogAIModule: Creating AISystem for world Untitled_1
[2018.01.28-01.02.55:858][ 21]LogPlayLevel: PIE: World Init took: (0.001128s)
[2018.01.28-01.02.55:858][ 21]LogPlayLevel: PIE: Created PIE world by copying editor world from /Temp/Untitled_1.Untitled_1 to /Temp/UEDPIE_0_Untitled_1.Untitled_1 (0.006324s)
[2018.01.28-01.02.55:898][ 21]LogInit: XAudio2 using 'Headphones (Rift Audio)' : 2 channels at 48 kHz using 16 bits per sample (channel mask 0x3)
[2018.01.28-01.02.55:908][ 21]LogInit: FAudioDevice initialized.
[2018.01.28-01.02.55:945][ 21]LogUObjectGlobals: Warning: Failed to find object 'Class None.'
[2018.01.28-01.02.55:945][ 21]LogLoad: Game class is 'GameModeBase'
[2018.01.28-01.02.55:948][ 21]LogWorld: Bringing World /Temp/UEDPIE_0_Untitled_1.Untitled_1 up for play (max tick rate 0) at 2018.01.27-20.02.55
[2018.01.28-01.02.55:949][ 21]LogWorld: Bringing up level for play took: 0.002214
[2018.01.28-01.02.55:951][ 21]PIE: Play in editor start time for /Temp/UEDPIE_0_Untitled_1 -0.076
[2018.01.28-01.02.55:996][ 21]LogHMD: Allocating Oculus 2688 x 1584 rendertarget swapchain
[2018.01.28-01.03.09:384][620]LogHMD: Allocating Oculus 2688 x 1584 rendertarget swapchain
[2018.01.28-01.03.49:448][535]Cmd: QUIT_EDITOR
[2018.01.28-01.03.50:327][535]LogWindowsTextInputMethodSystem: Display: IME system now deactivated.
[2018.01.28-01.03.50:360][535]LogExit: Preparing to exit.
[2018.01.28-01.03.50:732][535]LogExit: Editor shut down
[2018.01.28-01.03.50:737][535]LogExit: Transaction tracking system shut down
[2018.01.28-01.03.50:940][535]LogDirectoryWatcher: A directory notification for '../../../Engine/Content/' was aborted.
[2018.01.28-01.03.50:940][535]LogDirectoryWatcher: A directory notification for 'D:/Misc/Global Game Jam 2018/UE4/XDetectorVR/Content/' was aborted.
[2018.01.28-01.03.50:940][535]LogDirectoryWatcher: A directory notification for '../../../Engine/Plugins/2D/Paper2D/Content/' was aborted.
[2018.01.28-01.03.50:940][535]LogDirectoryWatcher: A directory notification for '../../../Engine/Plugins/Media/MediaCompositing/Content/' was aborted.
[2018.01.28-01.03.50:940][535]LogDirectoryWatcher: A directory notification for '../../../Engine/Plugins/Runtime/AppleARKit/Content/' was aborted.
[2018.01.28-01.03.50:940][535]LogDirectoryWatcher: A directory notification for '../../../Engine/Plugins/Runtime/Oculus/OculusVR/Content/' was aborted.
[2018.01.28-01.03.50:940][535]LogDirectoryWatcher: A directory notification for '../../../Engine/Plugins/Runtime/Steam/SteamVR/Content/' was aborted.
[2018.01.28-01.03.51:011][535]LogExit: Object subsystem successfully closed.
[2018.01.28-01.03.51:051][535]LogD3D11RHI: Shutdown
[2018.01.28-01.03.51:051][535]LogD3D11RHI: CleanupD3DDevice
[2018.01.28-01.03.51:053][535]LogD3D11RHI: ~FD3D11DynamicRHI
[2018.01.28-01.03.51:077][535]LogModuleManager: Shutting down and abandoning module HierarchicalLODUtilities (554)
[2018.01.28-01.03.51:077][535]LogModuleManager: Shutting down and abandoning module NewLevelDialog (552)
[2018.01.28-01.03.51:077][535]LogModuleManager: Shutting down and abandoning module MovieSceneCapture (550)
[2018.01.28-01.03.51:077][535]LogModuleManager: Shutting down and abandoning module HierarchicalLODOutliner (548)
[2018.01.28-01.03.51:077][535]LogModuleManager: Shutting down and abandoning module SceneOutliner (546)
[2018.01.28-01.03.51:077][535]LogModuleManager: Shutting down and abandoning module AddContentDialog (544)
[2018.01.28-01.03.51:077][535]LogDirectoryWatcher: A directory notification for 'C:/Program Files/Epic Games/UE_4.18/FeaturePacks/' was aborted.
[2018.01.28-01.03.51:078][535]LogModuleManager: Shutting down and abandoning module WidgetCarousel (543)
[2018.01.28-01.03.51:078][535]LogModuleManager: Shutting down and abandoning module EditorWidgets (540)
[2018.01.28-01.03.51:078][535]LogModuleManager: Shutting down and abandoning module CollectionManager (538)
[2018.01.28-01.03.51:078][535]LogDirectoryWatcher: A directory notification for 'D:/Misc/Global Game Jam 2018/UE4/XDetectorVR/Content/Collections/' was aborted.
[2018.01.28-01.03.51:078][535]LogDirectoryWatcher: A directory notification for 'D:/Misc/Global Game Jam 2018/UE4/XDetectorVR/Content/Developers/Brad/Collections/' was aborted.
[2018.01.28-01.03.51:078][535]LogDirectoryWatcher: A directory notification for 'D:/Misc/Global Game Jam 2018/UE4/XDetectorVR/Saved/Collections/' was aborted.
[2018.01.28-01.03.51:078][535]LogModuleManager: Shutting down and abandoning module StatsViewer (536)
[2018.01.28-01.03.51:078][535]LogModuleManager: Shutting down and abandoning module FoliageEdit (534)
[2018.01.28-01.03.51:078][535]LogModuleManager: Shutting down and abandoning module LandscapeEditor (532)
[2018.01.28-01.03.51:078][535]LogModuleManager: Shutting down and abandoning module MeshPaintMode (530)
[2018.01.28-01.03.51:078][535]LogModuleManager: Shutting down and abandoning module SceneDepthPickerMode (528)
[2018.01.28-01.03.51:079][535]LogModuleManager: Shutting down and abandoning module ActorPickerMode (526)
[2018.01.28-01.03.51:079][535]LogModuleManager: Shutting down and abandoning module GeometryMode (524)
[2018.01.28-01.03.51:079][535]LogModuleManager: Shutting down and abandoning module TextureAlignMode (522)
[2018.01.28-01.03.51:079][535]LogModuleManager: Shutting down and abandoning module BspMode (520)
[2018.01.28-01.03.51:079][535]LogModuleManager: Shutting down and abandoning module PIEPreviewDeviceProfileSelector (518)
[2018.01.28-01.03.51:079][535]LogModuleManager: Shutting down and abandoning module HardwareSurvey (516)
[2018.01.28-01.03.51:079][535]LogModuleManager: Shutting down and abandoning module SequenceRecorderSections (514)
[2018.01.28-01.03.51:079][535]LogModuleManager: Shutting down and abandoning module AutomationWorker (512)
[2018.01.28-01.03.51:079][535]LogModuleManager: Shutting down and abandoning module MatineeToLevelSequence (510)
[2018.01.28-01.03.51:079][535]LogModuleManager: Shutting down and abandoning module LevelSequenceEditor (508)
[2018.01.28-01.03.51:079][535]LogModuleManager: Shutting down and abandoning module PlacementMode (507)
[2018.01.28-01.03.51:079][535]LogModuleManager: Shutting down and abandoning module WmfMediaFactory (504)
[2018.01.28-01.03.51:079][535]LogModuleManager: Shutting down and abandoning module WmfMediaEditor (502)
[2018.01.28-01.03.51:079][535]LogModuleManager: Shutting down and abandoning module OpenExrWrapper (500)
[2018.01.28-01.03.51:079][535]LogModuleManager: Shutting down and abandoning module ImgMediaFactory (498)
[2018.01.28-01.03.51:079][535]LogModuleManager: Shutting down and abandoning module ImgMediaEditor (496)
[2018.01.28-01.03.51:079][535]LogModuleManager: Shutting down and abandoning module AvfMediaFactory (494)
[2018.01.28-01.03.51:079][535]LogModuleManager: Shutting down and abandoning module AvfMediaEditor (492)
[2018.01.28-01.03.51:079][535]LogModuleManager: Shutting down and abandoning module AndroidMediaFactory (490)
[2018.01.28-01.03.51:079][535]LogModuleManager: Shutting down and abandoning module AndroidMediaEditor (488)
[2018.01.28-01.03.51:079][535]LogModuleManager: Shutting down and abandoning module CharacterAI (486)
[2018.01.28-01.03.51:079][535]LogModuleManager: Shutting down and abandoning module AudioCapture (484)
[2018.01.28-01.03.51:079][535]LogModuleManager: Shutting down and abandoning module SequenceRecorder (483)
[2018.01.28-01.03.51:079][535]LogModuleManager: Shutting down and abandoning module SmartSnapping (480)
[2018.01.28-01.03.51:079][535]LogModuleManager: Shutting down and abandoning module SessionServices (478)
[2018.01.28-01.03.51:079][535]LogModuleManager: Shutting down and abandoning module ViewportSnapping (476)
[2018.01.28-01.03.51:079][535]LogModuleManager: Shutting down and abandoning module ViewportInteraction (474)
[2018.01.28-01.03.51:079][535]LogModuleManager: Shutting down and abandoning module ClothPainter (472)
[2018.01.28-01.03.51:079][535]LogModuleManager: Shutting down and abandoning module SkeletalMeshEditor (471)
[2018.01.28-01.03.51:079][535]LogModuleManager: Shutting down and abandoning module LogVisualizer (468)
[2018.01.28-01.03.51:079][535]LogModuleManager: Shutting down and abandoning module IntroTutorials (466)
[2018.01.28-01.03.51:079][535]LogModuleManager: Shutting down and abandoning module GameProjectGeneration (465)
[2018.01.28-01.03.51:079][535]LogModuleManager: Shutting down and abandoning module IOSPlatformEditor (462)
[2018.01.28-01.03.51:079][535]LogModuleManager: Shutting down and abandoning module HTML5PlatformEditor (460)
[2018.01.28-01.03.51:079][535]LogModuleManager: Shutting down and abandoning module AndroidPlatformEditor (458)
[2018.01.28-01.03.51:079][535]LogModuleManager: Shutting down and abandoning module AndroidDeviceDetection (457)
[2018.01.28-01.03.51:598][535]LogModuleManager: Shutting down and abandoning module WindowsPlatformEditor (454)
[2018.01.28-01.03.51:598][535]LogModuleManager: Shutting down and abandoning module IOSRuntimeSettings (452)
[2018.01.28-01.03.51:598][535]LogModuleManager: Shutting down and abandoning module AndroidRuntimeSettings (450)
[2018.01.28-01.03.51:598][535]LogModuleManager: Shutting down and abandoning module InputBindingEditor (448)
[2018.01.28-01.03.51:598][535]LogModuleManager: Shutting down and abandoning module MergeActors (446)
[2018.01.28-01.03.51:598][535]LogModuleManager: Shutting down and abandoning module SizeMap (444)
[2018.01.28-01.03.51:598][535]LogModuleManager: Shutting down and abandoning module TreeMap (442)
[2018.01.28-01.03.51:598][535]LogModuleManager: Shutting down and abandoning module ReferenceViewer (440)
[2018.01.28-01.03.51:598][535]LogModuleManager: Shutting down and abandoning module LocalizationDashboard (438)
[2018.01.28-01.03.51:598][535]LogModuleManager: Shutting down and abandoning module LocalizationService (437)
[2018.01.28-01.03.51:598][535]LogModuleManager: Shutting down and abandoning module HardwareTargeting (434)
[2018.01.28-01.03.51:598][535]LogModuleManager: Shutting down and abandoning module DeviceProfileEditor (432)
[2018.01.28-01.03.51:598][535]LogModuleManager: Shutting down and abandoning module UndoHistory (430)
[2018.01.28-01.03.51:598][535]LogModuleManager: Shutting down and abandoning module XmlParser (428)
[2018.01.28-01.03.51:599][535]LogModuleManager: Shutting down and abandoning module Blutility (426)
[2018.01.28-01.03.51:599][535]LogModuleManager: Shutting down and abandoning module ProjectSettingsViewer (424)
[2018.01.28-01.03.51:599][535]LogModuleManager: Shutting down and abandoning module ProjectTargetPlatformEditor (423)
[2018.01.28-01.03.51:599][535]LogModuleManager: Shutting down and abandoning module EditorSettingsViewer (420)
[2018.01.28-01.03.51:599][535]LogModuleManager: Shutting down and abandoning module SettingsEditor (418)
[2018.01.28-01.03.51:599][535]LogModuleManager: Shutting down and abandoning module ProjectLauncher (416)
[2018.01.28-01.03.51:599][535]LogModuleManager: Shutting down and abandoning module SessionFrontend (414)
[2018.01.28-01.03.51:599][535]LogModuleManager: Shutting down and abandoning module ProfilerClient (412)
[2018.01.28-01.03.51:599][535]LogModuleManager: Shutting down and abandoning module DeviceManager (410)
[2018.01.28-01.03.51:599][535]LogModuleManager: Shutting down and abandoning module TargetDeviceServices (409)
[2018.01.28-01.03.51:652][535]LogModuleManager: Shutting down and abandoning module AutomationController (406)
[2018.01.28-01.03.51:652][535]LogModuleManager: Shutting down and abandoning module AutomationWindow (404)
[2018.01.28-01.03.51:652][535]LogModuleManager: Shutting down and abandoning module Layers (402)
[2018.01.28-01.03.51:652][535]LogModuleManager: Shutting down and abandoning module ComponentVisualizers (400)
[2018.01.28-01.03.51:652][535]LogModuleManager: Shutting down and abandoning module DetailCustomizations (398)
[2018.01.28-01.03.51:653][535]LogModuleManager: Shutting down and abandoning module PackagesDialog (396)
[2018.01.28-01.03.51:653][535]LogModuleManager: Shutting down and abandoning module Persona (394)
[2018.01.28-01.03.51:653][535]LogModuleManager: Shutting down and abandoning module AdvancedPreviewScene (393)
[2018.01.28-01.03.51:653][535]LogModuleManager: Shutting down and abandoning module AnimGraph (391)
[2018.01.28-01.03.51:653][535]LogModuleManager: Shutting down and abandoning module Kismet (388)
[2018.01.28-01.03.51:654][535]LogModuleManager: Shutting down and abandoning module ClassViewer (386)
[2018.01.28-01.03.51:654][535]LogModuleManager: Shutting down and abandoning module Toolbox (384)
[2018.01.28-01.03.51:654][535]LogModuleManager: Shutting down and abandoning module ModuleUI (382)
[2018.01.28-01.03.51:654][535]LogModuleManager: Shutting down and abandoning module MovieSceneTools (380)
[2018.01.28-01.03.51:654][535]LogModuleManager: Shutting down and abandoning module OutputLog (378)
[2018.01.28-01.03.51:654][535]LogModuleManager: Shutting down and abandoning module GammaUI (376)
[2018.01.28-01.03.51:654][535]LogModuleManager: Shutting down and abandoning module Documentation (374)
[2018.01.28-01.03.51:654][535]LogModuleManager: Shutting down and abandoning module MovieSceneTracks (372)
[2018.01.28-01.03.51:654][535]LogModuleManager: Shutting down and abandoning module MovieScene (370)
[2018.01.28-01.03.51:654][535]LogModuleManager: Shutting down and abandoning module StreamingPauseRendering (368)
[2018.01.28-01.03.51:654][535]LogModuleManager: Shutting down and abandoning module LauncherPlatform (366)
[2018.01.28-01.03.51:654][535]LogModuleManager: Shutting down and abandoning module AnalyticsET (364)
[2018.01.28-01.03.51:654][535]LogModuleManager: Shutting down and abandoning module PortalServices (362)
[2018.01.28-01.03.51:654][535]LogModuleManager: Shutting down and abandoning module PortalRpc (360)
[2018.01.28-01.03.51:654][535]LogModuleManager: Shutting down and abandoning module MessagingRpc (358)
[2018.01.28-01.03.51:654][535]LogModuleManager: Shutting down and abandoning module AIModule (356)
[2018.01.28-01.03.51:654][535]LogModuleManager: Shutting down and abandoning module GameplayDebugger (355)
[2018.01.28-01.03.51:654][535]LogModuleManager: Shutting down and abandoning module AITestSuite (353)
[2018.01.28-01.03.51:654][535]LogModuleManager: Shutting down and abandoning module DesktopPlatform (350)
[2018.01.28-01.03.51:655][535]LogModuleManager: Shutting down and abandoning module ProfilerService (348)
[2018.01.28-01.03.51:718][535]LogModuleManager: Shutting down and abandoning module TaskGraph (346)
[2018.01.28-01.03.51:718][535]LogModuleManager: Shutting down and abandoning module SteamVRController (344)
[2018.01.28-01.03.51:718][535]LogModuleManager: Shutting down and abandoning module ProceduralMeshComponentEditor (342)
[2018.01.28-01.03.51:718][535]LogModuleManager: Shutting down and abandoning module ProceduralMeshComponent (340)
[2018.01.28-01.03.51:719][535]LogModuleManager: Shutting down and abandoning module OculusInput (338)
[2018.01.28-01.03.51:719][535]LogModuleManager: Shutting down and abandoning module MobilePatchingUtils (336)
[2018.01.28-01.03.51:719][535]LogModuleManager: Shutting down and abandoning module CustomMeshComponent (334)
[2018.01.28-01.03.51:719][535]LogModuleManager: Shutting down and abandoning module CableComponent (332)
[2018.01.28-01.03.51:719][535]LogModuleManager: Shutting down and abandoning module ArchVisCharacter (330)
[2018.01.28-01.03.51:719][535]LogModuleManager: Shutting down and abandoning module AndroidPermission (328)
[2018.01.28-01.03.51:719][535]LogModuleManager: Shutting down and abandoning module ActorSequence (324)
[2018.01.28-01.03.51:719][535]LogModuleManager: Shutting down and abandoning module MediaPlayerEditor (322)
[2018.01.28-01.03.51:719][535]LogModuleManager: Shutting down and abandoning module MediaCompositingEditor (320)
[2018.01.28-01.03.51:719][535]LogModuleManager: Shutting down and abandoning module MediaCompositing (318)
[2018.01.28-01.03.51:719][535]LogModuleManager: Shutting down and abandoning module HTML5Networking (316)
[2018.01.28-01.03.51:719][535]LogModuleManager: Shutting down and abandoning module AlembicImporter (314)
[2018.01.28-01.03.51:719][535]LogModuleManager: Shutting down and abandoning module AlembicLibrary (313)
[2018.01.28-01.03.51:719][535]LogModuleManager: Shutting down and abandoning module GeometryCache (312)
[2018.01.28-01.03.51:719][535]LogModuleManager: Shutting down and abandoning module GeometryCacheEd (311)
[2018.01.28-01.03.51:719][535]LogModuleManager: Shutting down and abandoning module SpeedTreeImporter (306)
[2018.01.28-01.03.51:719][535]LogModuleManager: Shutting down and abandoning module PluginBrowser (304)
[2018.01.28-01.03.51:719][535]LogModuleManager: Shutting down and abandoning module MobileLauncherProfileWizard (302)
[2018.01.28-01.03.51:720][535]LogModuleManager: Shutting down and abandoning module VisualStudioSourceCodeAccess (300)
[2018.01.28-01.03.51:720][535]LogModuleManager: Shutting down and abandoning module VisualStudioCodeSourceCodeAccess (298)
[2018.01.28-01.03.51:720][535]LogModuleManager: Shutting down and abandoning module UObjectPlugin (296)
[2018.01.28-01.03.51:720][535]LogModuleManager: Shutting down and abandoning module SubversionSourceControl (294)
[2018.01.28-01.03.51:720][535]LogModuleManager: Shutting down and abandoning module PerforceSourceControl (292)
[2018.01.28-01.03.51:720][535]LogModuleManager: Shutting down and abandoning module GitSourceControl (290)
[2018.01.28-01.03.51:720][535]LogModuleManager: Shutting down and abandoning module SourceControl (289)
[2018.01.28-01.03.51:720][535]LogModuleManager: Shutting down and abandoning module LightPropagationVolumeEditor (286)
[2018.01.28-01.03.51:720][535]LogModuleManager: Shutting down and abandoning module PaperTiledImporter (284)
[2018.01.28-01.03.51:720][535]LogModuleManager: Shutting down and abandoning module PaperSpriteSheetImporter (282)
[2018.01.28-01.03.51:720][535]LogModuleManager: Shutting down and abandoning module Paper2DEditor (280)
[2018.01.28-01.03.51:720][535]LogModuleManager: Shutting down and abandoning module MeshPaint (279)
[2018.01.28-01.03.51:720][535]LogModuleManager: Shutting down and abandoning module LevelEditor (277)
[2018.01.28-01.03.51:722][535]LogModuleManager: Shutting down and abandoning module PixelInspectorModule (276)
[2018.01.28-01.03.51:722][535]LogModuleManager: Shutting down and abandoning module MainFrame (274)
[2018.01.28-01.03.51:722][535]LogModuleManager: Shutting down and abandoning module HotReload (273)
[2018.01.28-01.03.51:723][535]LogModuleManager: Shutting down and abandoning module RuntimePhysXCooking (268)
[2018.01.28-01.03.51:724][535]LogModuleManager: Shutting down and abandoning module PhysXVehiclesEditor (266)
[2018.01.28-01.03.51:724][535]LogModuleManager: Shutting down and abandoning module PhysXVehicles (264)
[2018.01.28-01.03.51:724][535]LogModuleManager: Shutting down and abandoning module OculusEditor (262)
[2018.01.28-01.03.51:724][535]LogModuleManager: Shutting down and abandoning module LocationServicesBPLibrary (260)
[2018.01.28-01.03.51:724][535]LogModuleManager: Shutting down and abandoning module ImmediatePhysicsEditor (258)
[2018.01.28-01.03.51:724][535]LogModuleManager: Shutting down and abandoning module ImmediatePhysics (256)
[2018.01.28-01.03.51:724][535]LogModuleManager: Shutting down and abandoning module UdpMessaging (254)
[2018.01.28-01.03.51:824][535]LogModuleManager: Shutting down and abandoning module TcpMessaging (252)
[2018.01.28-01.03.51:925][535]LogModuleManager: Shutting down and abandoning module GameplayTagsEditor (250)
[2018.01.28-01.03.51:925][535]LogModuleManager: Shutting down and abandoning module FacialAnimationEditor (248)
[2018.01.28-01.03.51:925][535]LogModuleManager: Shutting down and abandoning module FacialAnimation (246)
[2018.01.28-01.03.51:925][535]LogModuleManager: Shutting down and abandoning module AssetManagerEditor (244)
[2018.01.28-01.03.51:925][535]LogModuleManager: Shutting down and abandoning module GraphEditor (243)
[2018.01.28-01.03.51:925][535]LogModuleManager: Shutting down and abandoning module ContentBrowser (241)
[2018.01.28-01.03.51:927][535]LogModuleManager: Shutting down and abandoning module LightPropagationVolumeRuntime (238)
[2018.01.28-01.03.51:927][535]LogModuleManager: Shutting down and abandoning module Paper2D (236)
[2018.01.28-01.03.51:927][535]LogModuleManager: Shutting down and abandoning module WindowsMoviePlayer (234)
[2018.01.28-01.03.51:927][535]LogModuleManager: Shutting down and abandoning module WmfMedia (232)
[2018.01.28-01.03.51:932][535]LogModuleManager: Shutting down and abandoning module ImgMedia (230)
[2018.01.28-01.03.51:932][535]LogModuleManager: Shutting down and abandoning module PacketHandler (228)
[2018.01.28-01.03.51:932][535]LogModuleManager: Shutting down and abandoning module ClothingSystemEditor (226)
[2018.01.28-01.03.51:932][535]LogModuleManager: Shutting down and abandoning module ClothingSystemRuntime (224)
[2018.01.28-01.03.51:932][535]LogModuleManager: Shutting down and abandoning module MediaAssets (222)
[2018.01.28-01.03.51:932][535]LogModuleManager: Shutting down and abandoning module Media (221)
[2018.01.28-01.03.51:938][535]LogModuleManager: Shutting down and abandoning module Overlay (218)
[2018.01.28-01.03.51:938][535]LogModuleManager: Shutting down and abandoning module OverlayEditor (217)
[2018.01.28-01.03.51:938][535]LogModuleManager: Shutting down and abandoning module VREditor (214)
[2018.01.28-01.03.51:938][535]LogModuleManager: Shutting down and abandoning module StringTableEditor (212)
[2018.01.28-01.03.51:938][535]LogModuleManager: Shutting down and abandoning module GameplayTasksEditor (210)
[2018.01.28-01.03.51:938][535]LogModuleManager: Shutting down and abandoning module BehaviorTreeEditor (208)
[2018.01.28-01.03.51:938][535]LogModuleManager: Shutting down and abandoning module FunctionalTesting (206)
[2018.01.28-01.03.51:938][535]LogModuleManager: Shutting down and abandoning module CollisionAnalyzer (204)
[2018.01.28-01.03.51:938][535]LogModuleManager: Shutting down and abandoning module WorkspaceMenuStructure (203)
[2018.01.28-01.03.51:938][535]LogModuleManager: Shutting down and abandoning module UMG (200)
[2018.01.28-01.03.51:938][535]LogModuleManager: Shutting down and abandoning module UMGEditor (199)
[2018.01.28-01.03.51:938][535]LogModuleManager: Shutting down and abandoning module Sequencer (198)
[2018.01.28-01.03.51:938][535]LogModuleManager: Shutting down and abandoning module MessageLog (195)
[2018.01.28-01.03.51:938][535]LogModuleManager: Shutting down and abandoning module SlateReflector (190)
[2018.01.28-01.03.51:938][535]LogModuleManager: Shutting down and abandoning module Slate (188)
[2018.01.28-01.03.51:938][535]LogModuleManager: Shutting down and abandoning module EditorStyle (186)
[2018.01.28-01.03.51:941][535]LogModuleManager: Shutting down and abandoning module MRMesh (184)
[2018.01.28-01.03.51:941][535]LogModuleManager: Shutting down and abandoning module SourceCodeAccess (182)
[2018.01.28-01.03.51:941][535]LogModuleManager: Shutting down and abandoning module HeadMountedDisplay (180)
[2018.01.28-01.03.51:941][535]LogModuleManager: Shutting down and abandoning module XAudio2 (178)
[2018.01.28-01.03.51:941][535]LogModuleManager: Shutting down and abandoning module Networking (176)
[2018.01.28-01.03.51:941][535]LogModuleManager: Shutting down and abandoning module Core (172)
[2018.01.28-01.03.51:941][535]LogModuleManager: Shutting down and abandoning module LevelSequence (168)
[2018.01.28-01.03.51:941][535]LogModuleManager: Shutting down and abandoning module DirectoryWatcher (166)
[2018.01.28-01.03.51:942][535]LogModuleManager: Shutting down and abandoning module KismetCompiler (164)
[2018.01.28-01.03.51:942][535]LogModuleManager: Shutting down and abandoning module MeshUtilities (162)
[2018.01.28-01.03.51:942][535]LogModuleManager: Shutting down and abandoning module MeshMergeUtilities (161)
[2018.01.28-01.03.51:942][535]LogModuleManager: Shutting down and abandoning module MeshReductionInterface (160)
[2018.01.28-01.03.51:942][535]LogModuleManager: Shutting down and abandoning module SimplygonSwarm (159)
[2018.01.28-01.03.51:942][535]LogModuleManager: Shutting down and abandoning module SimplygonMeshReduction (157)
[2018.01.28-01.03.51:942][535]LogModuleManager: Shutting down and abandoning module QuadricMeshReduction (155)
[2018.01.28-01.03.51:942][535]LogModuleManager: Shutting down and abandoning module MaterialBaking (151)
[2018.01.28-01.03.51:942][535]LogModuleManager: Shutting down and abandoning module DerivedDataCache (148)
[2018.01.28-01.03.51:974][535]LogDerivedDataCache: Shutdown
[2018.01.28-01.03.51:974][535]LogModuleManager: Shutting down and abandoning module TargetPlatform (146)
[2018.01.28-01.03.51:974][535]LogModuleManager: Shutting down and abandoning module VulkanShaderFormat (145)
[2018.01.28-01.03.51:974][535]LogModuleManager: Shutting down and abandoning module ShaderFormatVectorVM (143)
[2018.01.28-01.03.51:974][535]LogModuleManager: Shutting down and abandoning module ShaderFormatOpenGL (141)
[2018.01.28-01.03.51:974][535]LogModuleManager: Shutting down and abandoning module ShaderFormatD3D (139)
[2018.01.28-01.03.51:974][535]LogModuleManager: Shutting down and abandoning module MetalShaderFormat (137)
[2018.01.28-01.03.51:974][535]LogModuleManager: Shutting down and abandoning module TextureFormatUncompressed (135)
[2018.01.28-01.03.51:974][535]LogModuleManager: Shutting down and abandoning module TextureFormatPVR (133)
[2018.01.28-01.03.51:974][535]LogModuleManager: Shutting down and abandoning module TextureFormatDXT (131)
[2018.01.28-01.03.51:974][535]LogModuleManager: Shutting down and abandoning module TextureFormatIntelISPCTexComp (129)
[2018.01.28-01.03.51:974][535]LogModuleManager: Shutting down and abandoning module TextureFormatASTC (127)
[2018.01.28-01.03.51:974][535]LogModuleManager: Shutting down and abandoning module ImageWrapper (126)
[2018.01.28-01.03.51:974][535]LogModuleManager: Shutting down and abandoning module TextureFormatAndroid (123)
[2018.01.28-01.03.51:974][535]LogModuleManager: Shutting down and abandoning module AudioFormatOpus (121)
[2018.01.28-01.03.51:974][535]LogModuleManager: Shutting down and abandoning module AudioFormatOgg (119)
[2018.01.28-01.03.51:974][535]LogModuleManager: Shutting down and abandoning module AudioFormatADPCM (117)
[2018.01.28-01.03.51:974][535]LogModuleManager: Shutting down and abandoning module LinuxTargetPlatform (115)
[2018.01.28-01.03.51:974][535]LogModuleManager: Shutting down and abandoning module LinuxServerTargetPlatform (113)
[2018.01.28-01.03.51:974][535]LogModuleManager: Shutting down and abandoning module LinuxNoEditorTargetPlatform (111)
[2018.01.28-01.03.51:974][535]LogModuleManager: Shutting down and abandoning module LinuxClientTargetPlatform (109)
[2018.01.28-01.03.51:974][535]LogModuleManager: Shutting down and abandoning module TVOSTargetPlatform (107)
[2018.01.28-01.03.51:974][535]LogModuleManager: Shutting down and abandoning module Messaging (105)
[2018.01.28-01.03.51:974][535]LogModuleManager: Shutting down and abandoning module IOSTargetPlatform (103)
[2018.01.28-01.03.51:974][535]LogModuleManager: Shutting down and abandoning module HTML5TargetPlatform (101)
[2018.01.28-01.03.51:974][535]LogModuleManager: Shutting down and abandoning module AndroidTargetPlatform (99)
[2018.01.28-01.03.51:974][535]LogModuleManager: Shutting down and abandoning module Android_PVRTCTargetPlatform (97)
[2018.01.28-01.03.51:974][535]LogModuleManager: Shutting down and abandoning module Android_MultiTargetPlatform (95)
[2018.01.28-01.03.51:974][535]LogModuleManager: Shutting down and abandoning module Android_ETC2TargetPlatform (93)
[2018.01.28-01.03.51:974][535]LogModuleManager: Shutting down and abandoning module Android_ETC1TargetPlatform (91)
[2018.01.28-01.03.51:974][535]LogModuleManager: Shutting down and abandoning module Android_DXTTargetPlatform (89)
[2018.01.28-01.03.51:974][535]LogModuleManager: Shutting down and abandoning module Android_ATCTargetPlatform (87)
[2018.01.28-01.03.51:974][535]LogModuleManager: Shutting down and abandoning module Android_ASTCTargetPlatform (85)
[2018.01.28-01.03.51:974][535]LogModuleManager: Shutting down and abandoning module WindowsTargetPlatform (83)
[2018.01.28-01.03.51:974][535]LogModuleManager: Shutting down and abandoning module WindowsServerTargetPlatform (81)
[2018.01.28-01.03.51:974][535]LogModuleManager: Shutting down and abandoning module WindowsNoEditorTargetPlatform (79)
[2018.01.28-01.03.51:974][535]LogModuleManager: Shutting down and abandoning module WindowsClientTargetPlatform (77)
[2018.01.28-01.03.51:974][535]LogModuleManager: Shutting down and abandoning module MacTargetPlatform (75)
[2018.01.28-01.03.51:974][535]LogModuleManager: Shutting down and abandoning module MacServerTargetPlatform (73)
[2018.01.28-01.03.51:974][535]LogModuleManager: Shutting down and abandoning module MacNoEditorTargetPlatform (71)
[2018.01.28-01.03.51:974][535]LogModuleManager: Shutting down and abandoning module MacClientTargetPlatform (69)
[2018.01.28-01.03.51:974][535]LogModuleManager: Shutting down and abandoning module AllDesktopTargetPlatform (67)
[2018.01.28-01.03.51:974][535]LogModuleManager: Shutting down and abandoning module InputCore (64)
[2018.01.28-01.03.51:974][535]LogModuleManager: Shutting down and abandoning module Settings (62)
[2018.01.28-01.03.51:974][535]LogModuleManager: Shutting down and abandoning module PhysXCooking (60)
[2018.01.28-01.03.51:974][535]LogModuleManager: Shutting down and abandoning module SteamVR (58)
[2018.01.28-01.03.51:974][535]LogModuleManager: Shutting down and abandoning module OculusHMD (56)
[2018.01.28-01.03.51:974][535]LogModuleManager: Shutting down and abandoning module ExampleDeviceProfileSelector (54)
[2018.01.28-01.03.51:974][535]LogModuleManager: Shutting down and abandoning module AppleARKit (52)
[2018.01.28-01.03.51:974][535]LogModuleManager: Shutting down and abandoning module AugmentedReality (51)
[2018.01.28-01.03.51:975][535]LogModuleManager: Shutting down and abandoning module OnlineBlueprintSupport (48)
[2018.01.28-01.03.51:975][535]LogModuleManager: Shutting down and abandoning module OnlineSubsystem (44)
[2018.01.28-01.03.51:975][535]LogModuleManager: Shutting down and abandoning module XMPP (43)
[2018.01.28-01.03.51:975][535]LogModuleManager: Shutting down and abandoning module HTTP (41)
[2018.01.28-01.03.51:975][535]LogHttp: Display: Http module shutting down, but needs to wait on 1 outstanding Http requests:
[2018.01.28-01.03.51:975][535]LogHttp: Display: 	verb=[POST] url=[https://datarouter.ol.epicgames.com/datarouter/api/v1/public/data?SessionID=%7BC8EA9E5A-464C-BF23-BA9C-31A15DC6E9FA%7D&AppID=UEEditor.Rocket.Release&AppVersion=4.18.3-3832480%2B%2B%2BUE4%2BRelease-4.18&UserID=1e2cf883469ff2609d151785eca03e03%7Ca6a71a88586641649408bed6cdd94c29%7Cb687eb7e-77c8-401b-98c3-b02a740dbbfc&AppEnvironment=datacollector-binary&UploadType=eteventstream] status=Processing
[2018.01.28-01.03.51:996][535]LogModuleManager: Shutting down and abandoning module SSL (40)
[2018.01.28-01.03.51:998][535]LogModuleManager: Shutting down and abandoning module AnimationModifiers (36)
[2018.01.28-01.03.51:998][535]LogModuleManager: Shutting down and abandoning module PropertyEditor (35)
[2018.01.28-01.03.51:998][535]LogModuleManager: Shutting down and abandoning module AudioEditor (32)
[2018.01.28-01.03.51:998][535]LogModuleManager: Shutting down and abandoning module TextureCompressor (30)
[2018.01.28-01.03.51:998][535]LogModuleManager: Shutting down and abandoning module ShaderCore (28)
[2018.01.28-01.03.51:998][535]LogModuleManager: Shutting down and abandoning module Landscape (26)
[2018.01.28-01.03.51:998][535]LogModuleManager: Shutting down and abandoning module SlateRHIRenderer (24)
[2018.01.28-01.03.51:999][535]LogModuleManager: Shutting down and abandoning module OpenGLDrv (22)
[2018.01.28-01.03.51:999][535]LogModuleManager: Shutting down and abandoning module D3D11RHI (20)
[2018.01.28-01.03.51:999][535]LogModuleManager: Shutting down and abandoning module AnimGraphRuntime (18)
[2018.01.28-01.03.51:999][535]LogModuleManager: Shutting down and abandoning module Renderer (16)
[2018.01.28-01.03.51:999][535]LogModuleManager: Shutting down and abandoning module Engine (14)
[2018.01.28-01.03.51:999][535]LogModuleManager: Shutting down and abandoning module CoreUObject (12)
[2018.01.28-01.03.51:999][535]LogModuleManager: Shutting down and abandoning module NetworkFile (10)
[2018.01.28-01.03.51:999][535]LogModuleManager: Shutting down and abandoning module CookedIterativeFile (8)
[2018.01.28-01.03.51:999][535]LogModuleManager: Shutting down and abandoning module StreamingFile (6)
[2018.01.28-01.03.51:999][535]LogModuleManager: Shutting down and abandoning module SandboxFile (4)
[2018.01.28-01.03.51:999][535]LogModuleManager: Shutting down and abandoning module PakFile (2)
[2018.01.28-01.03.52:012][535]LogExit: Exiting.
[2018.01.28-01.03.52:032][535]Log file closed, 01/27/18 20:03:52
