Log file open, 01/27/18 21:45:49
LogWindows: Failed to load 'aqProf.dll' (GetLastError=126)
LogWindows: File 'aqProf.dll' does not exist
LogWindows: Failed to load 'VSPerf140.dll' (GetLastError=126)
LogWindows: File 'VSPerf140.dll' does not exist
LogWindows: Failed to load 'VtuneApi.dll' (GetLastError=126)
LogWindows: File 'VtuneApi.dll' does not exist
LogWindows: Failed to load 'VtuneApi32e.dll' (GetLastError=126)
LogWindows: File 'VtuneApi32e.dll' does not exist
LogInit: Display: Running engine for game: XDetectorVR
LogPlatformFile: Not using cached read wrapper
LogInit: Display: RandInit(1279940809) SRandInit(1279940809).
LogInit: Read version file with build ID '3709383'
LogInit: Overriding engine version to CL 3832480, compatible CL 3709383
LogInit: Registered custom module enumerator with build ID '3709383'
LogTaskGraph: Started task graph with 5 named threads and 26 total threads with 3 sets of task threads.
LogStats: Stats thread started at 0.375212
LogD3D11RHI: Aftermath initialized
LogModuleManager: Display: Found up-to-date module file ../../../Engine/Plugins/2D/Paper2D/Binaries/Win64/UE4Editor-Paper2D.dll (API version 3709383).
LogModuleManager: Display: Found up-to-date module file ../../../Engine/Plugins/2D/Paper2D/Binaries/Win64/UE4Editor-Paper2DEditor.dll (API version 3709383).
LogModuleManager: Display: Found up-to-date module file ../../../Engine/Plugins/2D/Paper2D/Binaries/Win64/UE4Editor-PaperSpriteSheetImporter.dll (API version 3709383).
LogModuleManager: Display: Found up-to-date module file ../../../Engine/Plugins/2D/Paper2D/Binaries/Win64/UE4Editor-PaperTiledImporter.dll (API version 3709383).
LogModuleManager: Display: Found up-to-date module file ../../../Engine/Plugins/2D/Paper2D/Binaries/Win64/UE4Editor-SmartSnapping.dll (API version 3709383).
LogModuleManager: Display: Found up-to-date module file ../../../Engine/Plugins/Blendables/LightPropagationVolume/Binaries/Win64/UE4Editor-LightPropagationVolumeRuntime.dll (API version 3709383).
LogModuleManager: Display: Found up-to-date module file ../../../Engine/Plugins/Blendables/LightPropagationVolume/Binaries/Win64/UE4Editor-LightPropagationVolumeEditor.dll (API version 3709383).
LogModuleManager: Display: Found up-to-date module file ../../../Engine/Plugins/Developer/GitSourceControl/Binaries/Win64/UE4Editor-GitSourceControl.dll (API version 3709383).
LogModuleManager: Display: Found up-to-date module file ../../../Engine/Plugins/Developer/PerforceSourceControl/Binaries/Win64/UE4Editor-PerforceSourceControl.dll (API version 3709383).
LogModuleManager: Display: Found up-to-date module file ../../../Engine/Plugins/Developer/SubversionSourceControl/Binaries/Win64/UE4Editor-SubversionSourceControl.dll (API version 3709383).
LogModuleManager: Display: Found up-to-date module file ../../../Engine/Plugins/Developer/UObjectPlugin/Binaries/Win64/UE4Editor-UObjectPlugin.dll (API version 3709383).
LogModuleManager: Display: Found up-to-date module file ../../../Engine/Plugins/Developer/VisualStudioCodeSourceCodeAccess/Binaries/Win64/UE4Editor-VisualStudioCodeSourceCodeAccess.dll (API version 3709383).
LogModuleManager: Display: Found up-to-date module file ../../../Engine/Plugins/Developer/VisualStudioSourceCodeAccess/Binaries/Win64/UE4Editor-VisualStudioSourceCodeAccess.dll (API version 3709383).
LogModuleManager: Display: Found up-to-date module file ../../../Engine/Plugins/Editor/AssetManagerEditor/Binaries/Win64/UE4Editor-AssetManagerEditor.dll (API version 3709383).
LogModuleManager: Display: Found up-to-date module file ../../../Engine/Plugins/Editor/AudioCapture/Binaries/Win64/UE4Editor-AudioCapture.dll (API version 3709383).
LogModuleManager: Display: Found up-to-date module file ../../../Engine/Plugins/Editor/FacialAnimation/Binaries/Win64/UE4Editor-FacialAnimation.dll (API version 3709383).
LogModuleManager: Display: Found up-to-date module file ../../../Engine/Plugins/Editor/FacialAnimation/Binaries/Win64/UE4Editor-FacialAnimationEditor.dll (API version 3709383).
LogModuleManager: Display: Found up-to-date module file ../../../Engine/Plugins/Editor/GameplayTagsEditor/Binaries/Win64/UE4Editor-GameplayTagsEditor.dll (API version 3709383).
LogModuleManager: Display: Found up-to-date module file ../../../Engine/Plugins/Editor/MobileLauncherProfileWizard/Binaries/Win64/UE4Editor-MobileLauncherProfileWizard.dll (API version 3709383).
LogModuleManager: Display: Found up-to-date module file ../../../Engine/Plugins/Editor/PluginBrowser/Binaries/Win64/UE4Editor-PluginBrowser.dll (API version 3709383).
LogModuleManager: Display: Found up-to-date module file ../../../Engine/Plugins/Editor/SpeedTreeImporter/Binaries/Win64/UE4Editor-SpeedTreeImporter.dll (API version 3709383).
LogModuleManager: Display: Found up-to-date module file ../../../Engine/Plugins/Experimental/AlembicImporter/Binaries/Win64/UE4Editor-AlembicImporter.dll (API version 3709383).
LogModuleManager: Display: Found up-to-date module file ../../../Engine/Plugins/Experimental/AlembicImporter/Binaries/Win64/UE4Editor-AlembicLibrary.dll (API version 3709383).
LogModuleManager: Display: Found up-to-date module file ../../../Engine/Plugins/Experimental/CharacterAI/Binaries/Win64/UE4Editor-CharacterAI.dll (API version 3709383).
LogModuleManager: Display: Found up-to-date module file ../../../Engine/Plugins/Experimental/HTML5Networking/Binaries/Win64/UE4Editor-HTML5Networking.dll (API version 3709383).
LogModuleManager: Display: Found up-to-date module file ../../../Engine/Plugins/Media/AndroidMedia/Binaries/Win64/UE4Editor-AndroidMediaEditor.dll (API version 3709383).
LogModuleManager: Display: Found up-to-date module file ../../../Engine/Plugins/Media/AndroidMedia/Binaries/Win64/UE4Editor-AndroidMediaFactory.dll (API version 3709383).
LogModuleManager: Display: Found up-to-date module file ../../../Engine/Plugins/Media/AvfMedia/Binaries/Win64/UE4Editor-AvfMediaEditor.dll (API version 3709383).
LogModuleManager: Display: Found up-to-date module file ../../../Engine/Plugins/Media/AvfMedia/Binaries/Win64/UE4Editor-AvfMediaFactory.dll (API version 3709383).
LogModuleManager: Display: Found up-to-date module file ../../../Engine/Plugins/Media/AvfMedia/Binaries/Win64/UE4Editor-AvfMediaFactory.dll (API version 3709383).
LogModuleManager: Display: Found up-to-date module file ../../../Engine/Plugins/Media/ImgMedia/Binaries/Win64/UE4Editor-ImgMedia.dll (API version 3709383).
LogModuleManager: Display: Found up-to-date module file ../../../Engine/Plugins/Media/ImgMedia/Binaries/Win64/UE4Editor-ImgMediaEditor.dll (API version 3709383).
LogModuleManager: Display: Found up-to-date module file ../../../Engine/Plugins/Media/ImgMedia/Binaries/Win64/UE4Editor-ImgMediaFactory.dll (API version 3709383).
LogModuleManager: Display: Found up-to-date module file ../../../Engine/Plugins/Media/ImgMedia/Binaries/Win64/UE4Editor-ImgMediaFactory.dll (API version 3709383).
LogModuleManager: Display: Found up-to-date module file ../../../Engine/Plugins/Media/ImgMedia/Binaries/Win64/UE4Editor-OpenExrWrapper.dll (API version 3709383).
LogModuleManager: Display: Found up-to-date module file ../../../Engine/Plugins/Media/MediaCompositing/Binaries/Win64/UE4Editor-MediaCompositing.dll (API version 3709383).
LogModuleManager: Display: Found up-to-date module file ../../../Engine/Plugins/Media/MediaCompositing/Binaries/Win64/UE4Editor-MediaCompositingEditor.dll (API version 3709383).
LogModuleManager: Display: Found up-to-date module file ../../../Engine/Plugins/Media/MediaPlayerEditor/Binaries/Win64/UE4Editor-MediaPlayerEditor.dll (API version 3709383).
LogModuleManager: Display: Found up-to-date module file ../../../Engine/Plugins/Media/WmfMedia/Binaries/Win64/UE4Editor-WmfMedia.dll (API version 3709383).
LogModuleManager: Display: Found up-to-date module file ../../../Engine/Plugins/Media/WmfMedia/Binaries/Win64/UE4Editor-WmfMediaEditor.dll (API version 3709383).
LogModuleManager: Display: Found up-to-date module file ../../../Engine/Plugins/Media/WmfMedia/Binaries/Win64/UE4Editor-WmfMediaFactory.dll (API version 3709383).
LogModuleManager: Display: Found up-to-date module file ../../../Engine/Plugins/Media/WmfMedia/Binaries/Win64/UE4Editor-WmfMediaFactory.dll (API version 3709383).
LogModuleManager: Display: Found up-to-date module file ../../../Engine/Plugins/Messaging/TcpMessaging/Binaries/Win64/UE4Editor-TcpMessaging.dll (API version 3709383).
LogModuleManager: Display: Found up-to-date module file ../../../Engine/Plugins/Messaging/UdpMessaging/Binaries/Win64/UE4Editor-UdpMessaging.dll (API version 3709383).
LogModuleManager: Display: Found up-to-date module file ../../../Engine/Plugins/MovieScene/ActorSequence/Binaries/Win64/UE4Editor-ActorSequence.dll (API version 3709383).
LogModuleManager: Display: Found up-to-date module file ../../../Engine/Plugins/MovieScene/LevelSequenceEditor/Binaries/Win64/UE4Editor-LevelSequenceEditor.dll (API version 3709383).
LogModuleManager: Display: Found up-to-date module file ../../../Engine/Plugins/MovieScene/MatineeToLevelSequence/Binaries/Win64/UE4Editor-MatineeToLevelSequence.dll (API version 3709383).
LogModuleManager: Display: Found up-to-date module file ../../../Engine/Plugins/Online/OnlineSubsystem/Binaries/Win64/UE4Editor-OnlineSubsystem.dll (API version 3709383).
LogModuleManager: Display: Found up-to-date module file ../../../Engine/Plugins/Runtime/AndroidPermission/Binaries/Win64/UE4Editor-AndroidPermission.dll (API version 3709383).
LogModuleManager: Display: Found up-to-date module file ../../../Engine/Plugins/Online/OnlineSubsystemNull/Binaries/Win64/UE4Editor-OnlineSubsystemNull.dll (API version 3709383).
LogModuleManager: Display: Found up-to-date module file ../../../Engine/Plugins/Online/OnlineSubsystemUtils/Binaries/Win64/UE4Editor-OnlineSubsystemUtils.dll (API version 3709383).
LogModuleManager: Display: Found up-to-date module file ../../../Engine/Plugins/Online/OnlineSubsystemUtils/Binaries/Win64/UE4Editor-OnlineBlueprintSupport.dll (API version 3709383).
LogModuleManager: Display: Found up-to-date module file ../../../Engine/Plugins/Runtime/AndroidDeviceProfileSelector/Binaries/Win64/UE4Editor-AndroidDeviceProfileSelector.dll (API version 3709383).
LogModuleManager: Display: Found up-to-date module file ../../../Engine/Plugins/Runtime/AppleARKit/Binaries/Win64/UE4Editor-AppleARKit.dll (API version 3709383).
LogModuleManager: Display: Found up-to-date module file ../../../Engine/Plugins/Runtime/ArchVisCharacter/Binaries/Win64/UE4Editor-ArchVisCharacter.dll (API version 3709383).
LogModuleManager: Display: Found up-to-date module file ../../../Engine/Plugins/Runtime/CableComponent/Binaries/Win64/UE4Editor-CableComponent.dll (API version 3709383).
LogModuleManager: Display: Found up-to-date module file ../../../Engine/Plugins/Runtime/CustomMeshComponent/Binaries/Win64/UE4Editor-CustomMeshComponent.dll (API version 3709383).
LogModuleManager: Display: Found up-to-date module file ../../../Engine/Plugins/Runtime/ExampleDeviceProfileSelector/Binaries/Win64/UE4Editor-ExampleDeviceProfileSelector.dll (API version 3709383).
LogModuleManager: Display: Found up-to-date module file ../../../Engine/Plugins/Runtime/ImmediatePhysics/Binaries/Win64/UE4Editor-ImmediatePhysics.dll (API version 3709383).
LogModuleManager: Display: Found up-to-date module file ../../../Engine/Plugins/Runtime/ImmediatePhysics/Binaries/Win64/UE4Editor-ImmediatePhysicsEditor.dll (API version 3709383).
LogModuleManager: Display: Found up-to-date module file ../../../Engine/Plugins/Runtime/LocationServicesBPLibrary/Binaries/Win64/UE4Editor-LocationServicesBPLibrary.dll (API version 3709383).
LogModuleManager: Display: Found up-to-date module file ../../../Engine/Plugins/Runtime/MobilePatchingUtils/Binaries/Win64/UE4Editor-MobilePatchingUtils.dll (API version 3709383).
LogModuleManager: Display: Found up-to-date module file ../../../Engine/Plugins/Runtime/Oculus/OculusVR/Binaries/Win64/UE4Editor-OculusHMD.dll (API version 3709383).
LogModuleManager: Display: Found up-to-date module file ../../../Engine/Plugins/Runtime/Oculus/OculusVR/Binaries/Win64/UE4Editor-OculusInput.dll (API version 3709383).
LogModuleManager: Display: Found up-to-date module file ../../../Engine/Plugins/Runtime/Oculus/OculusVR/Binaries/Win64/UE4Editor-OculusEditor.dll (API version 3709383).
LogModuleManager: Display: Found up-to-date module file ../../../Engine/Plugins/Runtime/PhysXVehicles/Binaries/Win64/UE4Editor-PhysXVehicles.dll (API version 3709383).
LogModuleManager: Display: Found up-to-date module file ../../../Engine/Plugins/Runtime/PhysXVehicles/Binaries/Win64/UE4Editor-PhysXVehiclesEditor.dll (API version 3709383).
LogModuleManager: Display: Found up-to-date module file ../../../Engine/Plugins/Runtime/ProceduralMeshComponent/Binaries/Win64/UE4Editor-ProceduralMeshComponent.dll (API version 3709383).
LogModuleManager: Display: Found up-to-date module file ../../../Engine/Plugins/Runtime/ProceduralMeshComponent/Binaries/Win64/UE4Editor-ProceduralMeshComponentEditor.dll (API version 3709383).
LogModuleManager: Display: Found up-to-date module file ../../../Engine/Plugins/Runtime/RuntimePhysXCooking/Binaries/Win64/UE4Editor-RuntimePhysXCooking.dll (API version 3709383).
LogModuleManager: Display: Found up-to-date module file ../../../Engine/Plugins/Runtime/Steam/SteamVR/Binaries/Win64/UE4Editor-SteamVR.dll (API version 3709383).
LogModuleManager: Display: Found up-to-date module file ../../../Engine/Plugins/Runtime/Steam/SteamVR/Binaries/Win64/UE4Editor-SteamVRController.dll (API version 3709383).
LogModuleManager: Display: Found up-to-date module file ../../../Engine/Plugins/Runtime/WindowsMoviePlayer/Binaries/Win64/UE4Editor-WindowsMoviePlayer.dll (API version 3709383).
LogPluginManager: Mounting plugin Paper2D
LogPluginManager: Mounting plugin LightPropagationVolume
LogPluginManager: Mounting plugin CodeLiteSourceCodeAccess
LogPluginManager: Mounting plugin GitSourceControl
LogPluginManager: Mounting plugin KDevelopSourceCodeAccess
LogPluginManager: Mounting plugin NullSourceCodeAccess
LogPluginManager: Mounting plugin PerforceSourceControl
LogPluginManager: Mounting plugin SubversionSourceControl
LogPluginManager: Mounting plugin UObjectPlugin
LogPluginManager: Mounting plugin VisualStudioCodeSourceCodeAccess
LogPluginManager: Mounting plugin VisualStudioSourceCodeAccess
LogPluginManager: Mounting plugin XCodeSourceCodeAccess
LogPluginManager: Mounting plugin AssetManagerEditor
LogPluginManager: Mounting plugin AudioCapture
LogPluginManager: Mounting plugin FacialAnimation
LogPluginManager: Mounting plugin GameplayTagsEditor
LogPluginManager: Mounting plugin MobileLauncherProfileWizard
LogPluginManager: Mounting plugin PluginBrowser
LogPluginManager: Mounting plugin SpeedTreeImporter
LogPluginManager: Mounting plugin AlembicImporter
LogPluginManager: Mounting plugin CharacterAI
LogPluginManager: Mounting plugin HTML5Networking
LogPluginManager: Mounting plugin AndroidMedia
LogPluginManager: Mounting plugin AvfMedia
LogPluginManager: Mounting plugin ImgMedia
LogPluginManager: Mounting plugin MediaCompositing
LogPluginManager: Mounting plugin MediaPlayerEditor
LogPluginManager: Mounting plugin WmfMedia
LogPluginManager: Mounting plugin TcpMessaging
LogPluginManager: Mounting plugin UdpMessaging
LogPluginManager: Mounting plugin ActorSequence
LogPluginManager: Mounting plugin LevelSequenceEditor
LogPluginManager: Mounting plugin MatineeToLevelSequence
LogPluginManager: Mounting plugin OnlineSubsystemGooglePlay
LogPluginManager: Mounting plugin OnlineSubsystemIOS
LogPluginManager: Mounting plugin OnlineSubsystem
LogPluginManager: Mounting plugin OnlineSubsystemNull
LogPluginManager: Mounting plugin OnlineSubsystemUtils
LogPluginManager: Mounting plugin AndroidDeviceProfileSelector
LogPluginManager: Mounting plugin AndroidMoviePlayer
LogPluginManager: Mounting plugin AndroidPermission
LogPluginManager: Mounting plugin AppleARKit
LogPluginManager: Mounting plugin AppleMoviePlayer
LogPluginManager: Mounting plugin ArchVisCharacter
LogPluginManager: Mounting plugin CableComponent
LogPluginManager: Mounting plugin CustomMeshComponent
LogPluginManager: Mounting plugin ExampleDeviceProfileSelector
LogPluginManager: Mounting plugin GoogleCloudMessaging
LogPluginManager: Mounting plugin ImmediatePhysics
LogPluginManager: Mounting plugin IOSDeviceProfileSelector
LogPluginManager: Mounting plugin LinuxDeviceProfileSelector
LogPluginManager: Mounting plugin LocationServicesBPLibrary
LogPluginManager: Mounting plugin MobilePatchingUtils
LogPluginManager: Mounting plugin OculusVR
LogPluginManager: Plugin shader directory ../../../Engine/Plugins/Runtime/Oculus/OculusVR/Shaders found
LogPluginManager: Mapping shader source directory ../../../Engine/Plugins/Runtime/Oculus/OculusVR/Shaders to virtual directory /Plugin/OculusVR
LogPluginManager: Mounting plugin PhysXVehicles
LogPluginManager: Mounting plugin ProceduralMeshComponent
LogPluginManager: Mounting plugin RuntimePhysXCooking
LogPluginManager: Mounting plugin SteamVR
LogPluginManager: Mounting plugin WindowsMoviePlayer
LogInit: Using libcurl 7.47.1
LogInit:  - built for x86_64-pc-win32
LogInit:  - supports SSL with OpenSSL/1.0.2g
LogInit:  - supports HTTP deflate (compression) using libz 1.2.8
LogInit:  - other features:
LogInit:      CURL_VERSION_SSL
LogInit:      CURL_VERSION_LIBZ
LogInit:      CURL_VERSION_IPV6
LogInit:      CURL_VERSION_ASYNCHDNS
LogInit:      CURL_VERSION_LARGEFILE
LogInit:      CURL_VERSION_IDN
LogInit:  CurlRequestOptions (configurable via config and command line):
LogInit:  - bVerifyPeer = false  - Libcurl will NOT verify peer certificate
LogInit:  - bUseHttpProxy = false  - Libcurl will NOT use HTTP proxy
LogInit:  - bDontReuseConnections = false  - Libcurl will reuse connections
LogInit:  - CertBundlePath = nullptr  - Libcurl will use whatever was configured at build time.
LogInit: Build: ++UE4+Release-4.18-CL-3832480
LogInit: Engine Version: 4.18.3-3832480+++UE4+Release-4.18
LogInit: Compatible Engine Version: 4.18.0-3709383+++UE4+Release-4.18
LogInit: Net CL: 3709383
LogDevObjectVersion: Number of dev versions registered: 16
LogDevObjectVersion:   Dev-Blueprints (B0D832E4-1F89-4F0D-ACCF-7EB736FD4AA2): 10
LogDevObjectVersion:   Dev-Build (E1C64328-A22C-4D53-A36C-8E866417BD8C): 0
LogDevObjectVersion:   Dev-Core (375EC13C-06E4-48FB-B500-84F0262A717E): 2
LogDevObjectVersion:   Dev-Editor (E4B068ED-F494-42E9-A231-DA0B2E46BB41): 20
LogDevObjectVersion:   Dev-Framework (CFFC743F-43B0-4480-9391-14DF171D2073): 30
LogDevObjectVersion:   Dev-Mobile (B02B49B5-BB20-44E9-A304-32B752E40360): 0
LogDevObjectVersion:   Dev-Networking (A4E4105C-59A1-49B5-A7C5-40C4547EDFEE): 0
LogDevObjectVersion:   Dev-Online (39C831C9-5AE6-47DC-9A44-9C173E1C8E7C): 0
LogDevObjectVersion:   Dev-Physics (78F01B33-EBEA-4F98-B9B4-84EACCB95AA2): 0
LogDevObjectVersion:   Dev-Platform (6631380F-2D4D-43E0-8009-CF276956A95A): 0
LogDevObjectVersion:   Dev-Rendering (12F88B9F-8875-4AFC-A67C-D90C383ABD29): 20
LogDevObjectVersion:   Dev-Sequencer (7B5AE74C-D270-4C10-A958-57980B212A5A): 4
LogDevObjectVersion:   Dev-VR (D7296918-1DD6-4BDD-9DE2-64A83CC13884): 0
LogDevObjectVersion:   Dev-LoadTimes (C2A15278-BFE7-4AFE-6C17-90FF531DF755): 1
LogDevObjectVersion:   Private-Geometry (6EACA3D4-40EC-4CC1-B786-8BED09428FC5): 1
LogDevObjectVersion:   Dev-AnimPhys (29E575DD-E0A3-4627-9D10-D276232CDCEA): 12
LogInit: Compiled (64-bit): Jan 12 2018 02:04:55
LogInit: Compiled with Visual C++: 19.00.24215.01
LogInit: Build Configuration: Development
LogInit: Branch Name: ++UE4+Release-4.18
LogInit: Command line:  
LogInit: Base directory: C:/Program Files/Epic Games/UE_4.18/Engine/Binaries/Win64/
LogInit: Installed Engine Build: 1
LogInit: Presizing for max 8388607 objects, including 0 objects not considered by GC, pre-allocating 0 bytes for permanent pool.
LogInit: Object subsystem initialized
[2018.01.28-02.45.51:078][  0]LogInit: Selected Device Profile: [Windows]
[2018.01.28-02.45.51:078][  0]LogInit: Applying CVar settings loaded from the selected device profile: [Windows]
[2018.01.28-02.45.51:090][  0]LogInit: Computer: BRAD-MACHINE
[2018.01.28-02.45.51:090][  0]LogInit: User: Brad
[2018.01.28-02.45.51:090][  0]LogInit: CPU Page size=4096, Cores=8
[2018.01.28-02.45.51:090][  0]LogInit: High frequency timer resolution =3.124097 MHz
[2018.01.28-02.45.51:090][  0]LogMemory: Memory total: Physical=31.9GB (32GB approx)
[2018.01.28-02.45.51:090][  0]LogMemory: Platform Memory Stats for Windows
[2018.01.28-02.45.51:090][  0]LogMemory: Process Physical Memory: 280.61 MB used, 280.61 MB peak
[2018.01.28-02.45.51:090][  0]LogMemory: Process Virtual Memory: 277.11 MB used, 277.11 MB peak
[2018.01.28-02.45.51:090][  0]LogMemory: Physical Memory: 10931.86 MB used,  21756.56 MB free, 32688.42 MB total
[2018.01.28-02.45.51:090][  0]LogMemory: Virtual Memory: 750.00 MB used,  21756.56 MB free, 134217728.00 MB total
[2018.01.28-02.45.51:274][  0]LogInit: Using OS detected language (en-US).
[2018.01.28-02.45.51:274][  0]LogInit: Using OS detected locale (en-US).
[2018.01.28-02.45.51:277][  0]LogTextLocalizationManager: No specific localization for 'en-US' exists, so the 'en' localization will be used.
[2018.01.28-02.45.51:673][  0]LogInit: Setting process to per monitor DPI aware
[2018.01.28-02.45.51:945][  0]LogD3D11RHI: D3D11 adapters:
[2018.01.28-02.45.51:992][  0]LogD3D11RHI:    0. 'NVIDIA GeForce GTX 1080' (Feature Level 11_0)
[2018.01.28-02.45.51:992][  0]LogD3D11RHI:       8086/0/16344 MB DedicatedVideo/DedicatedSystem/SharedSystem, Outputs:1, VendorId:0x10de
[2018.01.28-02.45.51:996][  0]LogD3D11RHI:    1. 'Microsoft Basic Render Driver' (Feature Level 11_0)
[2018.01.28-02.45.51:996][  0]LogD3D11RHI:       0/0/16344 MB DedicatedVideo/DedicatedSystem/SharedSystem, Outputs:0, VendorId:0x1414
[2018.01.28-02.45.51:997][  0]LogD3D11RHI: Chosen D3D11 Adapter: 0
[2018.01.28-02.45.52:004][  0]LogD3D11RHI: Creating new Direct3DDevice
[2018.01.28-02.45.52:004][  0]LogD3D11RHI:     GPU DeviceId: 0x1b80 (for the marketing name, search the web for "GPU Device Id")
[2018.01.28-02.45.52:004][  0]LogWindows: EnumDisplayDevices:
[2018.01.28-02.45.52:004][  0]LogWindows:    0. 'NVIDIA GeForce GTX 1080' (P:1 D:1)
[2018.01.28-02.45.52:005][  0]LogWindows:    1. 'NVIDIA GeForce GTX 1080' (P:0 D:0)
[2018.01.28-02.45.52:005][  0]LogWindows:    2. 'NVIDIA GeForce GTX 1080' (P:0 D:0)
[2018.01.28-02.45.52:005][  0]LogWindows:    3. 'NVIDIA GeForce GTX 1080' (P:0 D:0)
[2018.01.28-02.45.52:005][  0]LogWindows: DebugString: GetVideoDriverDetailsInvalid PrimaryIsNotTheChoosenAdapter GetVideoDriverDetailsInvalid PrimaryIsNotTheChoosenAdapter GetVideoDriverDetailsInvalid PrimaryIsNotTheChoosenAdapter GetVideoDriverDetailsInvalid PrimaryIsNotTheChoosenAdapter FoundDriverCount:0 
[2018.01.28-02.45.52:005][  0]LogD3D11RHI:     Adapter Name: NVIDIA GeForce GTX 1080
[2018.01.28-02.45.52:005][  0]LogD3D11RHI:   Driver Version: Unknown (internal:Unknown, unified:Unknown)
[2018.01.28-02.45.52:005][  0]LogD3D11RHI:      Driver Date: Unknown
[2018.01.28-02.45.52:005][  0]LogRHI: Texture pool is 5660 MB (70% of 8086 MB)
[2018.01.28-02.45.52:030][  0]LogD3D11RHI: Async texture creation enabled
[2018.01.28-02.45.52:110][  0]LogD3D11RHI: GPU Timing Frequency: 1000.000000 (Debug: 2 1)
[2018.01.28-02.45.52:112][  0]LogShaderCompilers: Guid format shader working directory is 1 characters bigger than the processId version (D:/Misc/Global Game Jam 2018/UE4/XDetectorVR/Intermediate/Shaders/WorkingDirectory/1132/).
[2018.01.28-02.45.52:112][  0]LogShaderCompilers: Cleaned the shader compiler working directory 'C:/Users/Brad/AppData/Local/Temp/UnrealShaderWorkingDir/C5E0E43A4E81531EDC94DEAF5DB77C5B/'.
[2018.01.28-02.45.52:112][  0]LogShaderCompilers: Display: Using Local Shader Compiler.
[2018.01.28-02.45.53:120][  0]LogTemp: Display: Loaded TP AllDesktopTargetPlatform
[2018.01.28-02.45.53:183][  0]LogTemp: Display: Loaded TP MacClientTargetPlatform
[2018.01.28-02.45.53:247][  0]LogTemp: Display: Loaded TP MacNoEditorTargetPlatform
[2018.01.28-02.45.53:309][  0]LogTemp: Display: Loaded TP MacServerTargetPlatform
[2018.01.28-02.45.53:372][  0]LogTemp: Display: Loaded TP MacTargetPlatform
[2018.01.28-02.45.53:434][  0]LogTemp: Display: Loaded TP WindowsClientTargetPlatform
[2018.01.28-02.45.53:496][  0]LogTemp: Display: Loaded TP WindowsNoEditorTargetPlatform
[2018.01.28-02.45.53:558][  0]LogTemp: Display: Loaded TP WindowsServerTargetPlatform
[2018.01.28-02.45.53:613][  0]LogTemp: Display: Loaded TP WindowsTargetPlatform
[2018.01.28-02.45.53:674][  0]LogTemp: Display: Loaded TP Android_ASTCTargetPlatform
[2018.01.28-02.45.53:735][  0]LogTemp: Display: Loaded TP Android_ATCTargetPlatform
[2018.01.28-02.45.53:797][  0]LogTemp: Display: Loaded TP Android_DXTTargetPlatform
[2018.01.28-02.45.53:858][  0]LogTemp: Display: Loaded TP Android_ETC1TargetPlatform
[2018.01.28-02.45.53:919][  0]LogTemp: Display: Loaded TP Android_ETC2TargetPlatform
[2018.01.28-02.45.54:040][  0]LogTemp: Display: Loaded TP Android_MultiTargetPlatform
[2018.01.28-02.45.54:040][  0]LogTemp: Display: Loaded TP Android_PVRTCTargetPlatform
[2018.01.28-02.45.54:102][  0]LogTemp: Display: Loaded TP AndroidTargetPlatform
[2018.01.28-02.45.54:152][  0]LogTemp: Display: Loaded TP HTML5TargetPlatform
[2018.01.28-02.45.54:257][  0]LogTemp: Display: Loaded TP IOSTargetPlatform
[2018.01.28-02.45.54:288][  0]LogTemp: Display: Loaded TP TVOSTargetPlatform
[2018.01.28-02.45.54:349][  0]LogTemp: Display: Loaded TP LinuxClientTargetPlatform
[2018.01.28-02.45.54:410][  0]LogTemp: Display: Loaded TP LinuxNoEditorTargetPlatform
[2018.01.28-02.45.54:471][  0]LogTemp: Display: Loaded TP LinuxServerTargetPlatform
[2018.01.28-02.45.54:531][  0]LogTemp: Display: Loaded TP LinuxTargetPlatform
[2018.01.28-02.45.54:531][  0]LogTargetPlatformManager: Display: Building Assets For Windows
[2018.01.28-02.45.55:096][  0]LogDerivedDataCache: Display: Max Cache Size: 512 MB
[2018.01.28-02.45.55:182][  0]LogDerivedDataCache: Loaded boot cache 0.09s 92MB C:/Users/Brad/AppData/Local/UnrealEngine/4.18/DerivedDataCache/Boot.ddc.
[2018.01.28-02.45.55:182][  0]LogDerivedDataCache: Display: Loaded Boot cache: C:/Users/Brad/AppData/Local/UnrealEngine/4.18/DerivedDataCache/Boot.ddc
[2018.01.28-02.45.55:182][  0]LogDerivedDataCache: FDerivedDataBackendGraph:  Pak pak cache file D:/Misc/Global Game Jam 2018/UE4/XDetectorVR/DerivedDataCache/DDC.ddp not found, will not use a pak cache.
[2018.01.28-02.45.55:182][  0]LogDerivedDataCache: Unable to find inner node Pak for hierarchical cache Hierarchy.
[2018.01.28-02.45.55:182][  0]LogDerivedDataCache: FDerivedDataBackendGraph:  CompressedPak pak cache file D:/Misc/Global Game Jam 2018/UE4/XDetectorVR/DerivedDataCache/Compressed.ddp not found, will not use a pak cache.
[2018.01.28-02.45.55:182][  0]LogDerivedDataCache: Unable to find inner node CompressedPak for hierarchical cache Hierarchy.
[2018.01.28-02.45.55:198][  0]LogDerivedDataCache: Display: Pak cache opened for reading ../../../Engine/DerivedDataCache/Compressed.ddp.
[2018.01.28-02.45.55:210][  0]LogDerivedDataCache: Using Local data cache path C:/Users/Brad/AppData/Local/UnrealEngine/Common/DerivedDataCache: Writable
[2018.01.28-02.45.55:220][  0]LogMaterial: Verifying Global Shaders for PCD3D_SM5
[2018.01.28-02.45.55:221][  0]LogSlate: Using Freetype 2.6.0
[2018.01.28-02.45.55:221][  0]LogSlate: SlateFontCache - WITH_FREETYPE: 1, WITH_HARFBUZZ: 1
[2018.01.28-02.45.55:221][  0]LogSlate: SlateFontCache - WITH_FREETYPE: 1, WITH_HARFBUZZ: 1
[2018.01.28-02.45.55:589][  0]LogInit: Selected Device Profile: [Windows]
[2018.01.28-02.45.55:991][  0]LogSimplygon: Simplygon DLL not present - disabling.
[2018.01.28-02.45.56:053][  0]LogMeshReduction: Using SimplygonSwarm for distributed automatic mesh merging
[2018.01.28-02.45.56:053][  0]LogMeshReduction: Using QuadricMeshReduction for automatic static mesh reduction
[2018.01.28-02.45.56:053][  0]LogMeshReduction: No automatic skeletal mesh reduction module available
[2018.01.28-02.45.56:053][  0]LogMeshReduction: No automatic mesh merging module available
[2018.01.28-02.45.56:053][  0]LogMeshMerging: No automatic mesh merging module available
[2018.01.28-02.45.56:081][  0]LogNetVersion: XDetectorVR , NetCL: 3709383, EngineNetVer: 2, GameNetVer: 0 (Checksum: 1636529592)
[2018.01.28-02.45.56:250][  0]LogAssetRegistry: FAssetRegistry took 0.0260 seconds to start up
[2018.01.28-02.45.56:744][  0]LogPackageLocalizationCache: Processed 7 localized package path(s) for 2 prioritized culture(s) in 0.052493 seconds
[2018.01.28-02.45.56:748][  0]LogUObjectArray: 35870 objects as part of root set at end of initial load.
[2018.01.28-02.45.56:748][  0]LogUObjectAllocator: 7363704 out of 0 bytes used by permanent object pool.
[2018.01.28-02.45.56:748][  0]LogUObjectArray: CloseDisregardForGC: 0/0 objects in disregard for GC pool
[2018.01.28-02.45.56:812][  0]LogInit: WinSock: version 1.1 (2.2), MaxSocks=32767, MaxUdp=65467
[2018.01.28-02.45.59:924][  0]LogTcpMessaging: Initializing TcpMessaging bridge
[2018.01.28-02.45.59:971][  0]LogUdpMessaging: Initializing bridge on interface 0.0.0.0:0 to multicast group 230.0.0.1:6666.
[2018.01.28-02.46.00:764][  0]LogMaterial: Uniform references updated for custom material expression Custom.
[2018.01.28-02.46.01:255][  0]SourceControl: Source control is disabled
[2018.01.28-02.46.01:255][  0]SourceControl: Source control is disabled
[2018.01.28-02.46.01:318][  0]SourceControl: Source control is disabled
[2018.01.28-02.46.01:383][  0]SourceControl: Source control is disabled
[2018.01.28-02.46.02:346][  0]LogAndroidPermission: UAndroidPermissionCallbackProxy::GetInstance
[2018.01.28-02.46.02:668][  0]LogOcInput: OculusInput pre-init called
[2018.01.28-02.46.03:005][  0]LogEngine: Initializing Engine...
[2018.01.28-02.46.03:007][  0]LogHMD: Oculus plugin initialized. Version: 4.18.3-3832480+++UE4+Release-4.18, OVRPlugin: 1.19.0
[2018.01.28-02.46.03:208][  0]LogStats: UGameplayTagsManager::ConstructGameplayTagTree: Construct from data asset -  0.000 s
[2018.01.28-02.46.03:208][  0]LogStats: UGameplayTagsManager::ConstructGameplayTagTree: GameplayTagTreeChangedEvent.Broadcast -  0.000 s
[2018.01.28-02.46.03:362][  0]LogAIModule: Creating AISystem for world Untitled
[2018.01.28-02.46.03:388][  0]LogInit: XAudio2 using 'Headphones (Rift Audio)' : 2 channels at 48 kHz using 16 bits per sample (channel mask 0x3)
[2018.01.28-02.46.03:410][  0]LogInit: FAudioDevice initialized.
[2018.01.28-02.46.03:493][  0]LogDerivedDataCache: Saved boot cache 0.08s 79MB C:/Users/Brad/AppData/Local/UnrealEngine/4.18/DerivedDataCache/Boot.ddc.
[2018.01.28-02.46.03:505][  0]LogInit: Texture streaming: Enabled
[2018.01.28-02.46.03:628][  0]LogEngineSessionManager: EngineSessionManager initialized
[2018.01.28-02.46.03:788][  0]LogInit: Transaction tracking system initialized
[2018.01.28-02.46.04:173][  0]BlueprintLog: New page: Editor Load
[2018.01.28-02.46.05:260][  0]LocalizationService: Localization service is disabled
[2018.01.28-02.46.06:155][  0]LogConsoleResponse: Display: 
[2018.01.28-02.46.06:349][  0]LogCook: Display: Max memory allowance for cook 16384mb min free memory 0mb
[2018.01.28-02.46.06:349][  0]LogCook: Display: Mobile HDR setting 1
[2018.01.28-02.46.06:349][  0]LogGameplayTags: Display: UGameplayTagsManager::DoneAddingNativeTags. DelegateIsBound: 0
[2018.01.28-02.46.07:313][  0]LogFileCache: Scanning file cache for directory 'D:/Misc/Global Game Jam 2018/UE4/XDetectorVR/Content/' took 0.01s
[2018.01.28-02.46.07:761][  0]SourceControl: Source control is disabled
[2018.01.28-02.46.07:761][  0]Cmd: MAP LOAD FILE="D:/Misc/Global Game Jam 2018/UE4/XDetectorVR/Content/Maps/GridWorld.umap" TEMPLATE=0 SHOWPROGRESS=1 FEATURELEVEL=3
[2018.01.28-02.46.07:761][  0]LightingResults: New page: Lighting Build
[2018.01.28-02.46.07:811][  0]MapCheck: New page: Map Check
[2018.01.28-02.46.07:811][  0]LightingResults: New page: Lighting Build
[2018.01.28-02.46.08:446][  0]LogAIModule: Creating AISystem for world GridWorld
[2018.01.28-02.46.08:455][  0]LogEditorServer: Finished looking for orphan Actors (0.000 secs)
[2018.01.28-02.46.08:483][  0]Cmd: MAP CHECKDEP NOCLEARLOG
[2018.01.28-02.46.08:551][  0]MapCheck: Map check complete: 0 Error(s), 0 Warning(s), took 67.332ms to complete.
[2018.01.28-02.46.08:551][  0]LogFileHelpers: Loading map 'GridWorld' took 0.790
[2018.01.28-02.46.08:632][  0]LogWindowsTextInputMethodSystem: Display: IME system now deactivated.
[2018.01.28-02.46.08:746][  0]LogCollectionManager: Loaded 0 collections in 0.001358 seconds
[2018.01.28-02.46.08:834][  0]LogFileCache: Scanning file cache for directory 'D:/Misc/Global Game Jam 2018/UE4/XDetectorVR/Saved/Collections/' took 0.01s
[2018.01.28-02.46.08:834][  0]LogFileCache: Scanning file cache for directory 'D:/Misc/Global Game Jam 2018/UE4/XDetectorVR/Content/Developers/Brad/Collections/' took 0.01s
[2018.01.28-02.46.08:834][  0]LogFileCache: Scanning file cache for directory 'D:/Misc/Global Game Jam 2018/UE4/XDetectorVR/Content/Collections/' took 0.01s
[2018.01.28-02.46.08:834][  0]LogCollectionManager: Rebuilt the GUID cache for 0 collections in 0.000000 seconds
[2018.01.28-02.46.08:842][  0]LogContentBrowser: Native class hierarchy populated in 0.0079 seconds. Added 2363 classes and 519 folders.
[2018.01.28-02.46.08:919][  0]LogContentBrowser: Native class hierarchy updated for 'WidgetCarousel' in 0.0002 seconds. Added 0 classes and 0 folders.
[2018.01.28-02.46.08:956][  0]LogContentBrowser: Native class hierarchy updated for 'AddContentDialog' in 0.0002 seconds. Added 0 classes and 0 folders.
[2018.01.28-02.46.09:010][  0]LogContentBrowser: Native class hierarchy updated for 'SceneOutliner' in 0.0003 seconds. Added 1 classes and 2 folders.
[2018.01.28-02.46.09:071][  0]LogSlate: Took 0.000229 seconds to synchronously load lazily loaded font '../../../Engine/Content/Slate/Fonts/Roboto-Regular.ttf' (155K)
[2018.01.28-02.46.09:072][  0]LogSlate: Took 0.000172 seconds to synchronously load lazily loaded font '../../../Engine/Content/Slate/Fonts/Roboto-Bold.ttf' (160K)
[2018.01.28-02.46.09:077][  0]LogSlate: Took 0.000165 seconds to synchronously load lazily loaded font '../../../Engine/Content/Editor/Slate/Fonts/FontAwesome.ttf' (139K)
[2018.01.28-02.46.09:170][  0]LogRenderer: Reallocating scene render targets to support 1176x584 Format 26 NumSamples 1 (Frame:1).
[2018.01.28-02.46.09:414][  0]LogContentBrowser: Native class hierarchy updated for 'HierarchicalLODOutliner' in 0.0002 seconds. Added 1 classes and 2 folders.
[2018.01.28-02.46.09:414][  0]LogLoad: (Engine Initialization) Total time: 21.66 seconds
[2018.01.28-02.46.09:414][  0]LogLoad: (Engine Initialization) Total Blueprint compile time: 0.00 seconds
[2018.01.28-02.46.09:414][  0]LogExternalProfiler: No external profilers were discovered.  External profiling features will not be available.
[2018.01.28-02.46.09:432][  0]LogOcInput: OculusInput is initialized
[2018.01.28-02.46.09:448][  0]LogAssetRegistry: Asset discovery search completed in 13.2200 seconds
[2018.01.28-02.46.09:450][  0]LogCollectionManager: Rebuilt the object cache for 0 collections in 0.000000 seconds (found 0 objects)
[2018.01.28-02.46.09:450][  0]LogCollectionManager: Fixed up redirectors for 0 collections in 0.000039 seconds (updated 0 objects)
[2018.01.28-02.46.09:453][  0]LogContentStreaming: Texture pool size now 1000 MB
[2018.01.28-02.46.09:502][  0]LogSlate: Took 0.000245 seconds to synchronously load lazily loaded font '../../../Engine/Content/Slate/Fonts/Roboto-Light.ttf' (159K)
[2018.01.28-02.46.39:933][703]LogSlate: Took 0.000186 seconds to synchronously load lazily loaded font '../../../Engine/Content/Slate/Fonts/Roboto-Light.ttf' (159K)
[2018.01.28-02.46.39:991][703]LogContentBrowser: Native class hierarchy updated for 'MaterialEditor' in 0.0003 seconds. Added 1 classes and 0 folders.
[2018.01.28-02.46.39:993][703]LogMaterial: Missing cached shader map for material Stool_Mat, compiling. 
[2018.01.28-02.46.40:296][703]LogMaterial: Missing cached shader map for material Stool_Mat, compiling. 
[2018.01.28-02.46.40:312][703]LogMaterial: Missing cached shader map for material Stool_Mat, compiling. 
[2018.01.28-02.46.40:357][703]LogSlate: Took 0.000249 seconds to synchronously load lazily loaded font '../../../Engine/Content/Editor/Slate/Fonts/Roboto-BoldCondensed.ttf' (158K)
[2018.01.28-02.46.41:941][758]MaterialEditorStats: Base pass shader: 145 instructions
[2018.01.28-02.46.41:941][758]MaterialEditorStats: Base pass shader with Volumetric Lightmap: 218 instructions
[2018.01.28-02.46.41:941][758]MaterialEditorStats: Vertex shader: 85 instructions
[2018.01.28-02.46.41:941][758]MaterialEditorStats: Texture samplers: 2/16
[2018.01.28-02.46.46:570][969]LogMaterial: Missing cached shader map for material Stool_Mat, compiling. 
[2018.01.28-02.46.46:586][969]LogMaterial: Missing cached shader map for material FMatExpressionPreview MaterialExpressionTextureSample_0, compiling. 
[2018.01.28-02.46.46:616][969]LogMaterial: Missing cached shader map for material FMatExpressionPreview MaterialExpressionTextureSample_0, compiling. 
[2018.01.28-02.46.47:293][989]MaterialEditorStats: Base pass shader: 145 instructions
[2018.01.28-02.46.47:293][989]MaterialEditorStats: Base pass shader with Volumetric Lightmap: 218 instructions
[2018.01.28-02.46.47:293][989]MaterialEditorStats: Vertex shader: 85 instructions
[2018.01.28-02.46.47:293][989]MaterialEditorStats: Texture samplers: 2/16
[2018.01.28-02.46.48:687][ 40]LogMaterial: Missing cached shader map for material Stool_Mat, compiling. 
[2018.01.28-02.46.48:703][ 40]LogMaterial: Missing cached shader map for material FMatExpressionPreview MaterialExpressionTextureSample_1, compiling. 
[2018.01.28-02.46.48:733][ 40]LogMaterial: Missing cached shader map for material FMatExpressionPreview MaterialExpressionTextureSample_0, compiling. 
[2018.01.28-02.46.48:738][ 40]LogMaterial: Missing cached shader map for material FMatExpressionPreview MaterialExpressionTextureSample_1, compiling. 
[2018.01.28-02.46.49:465][ 60]MaterialEditorStats: Base pass shader: 145 instructions
[2018.01.28-02.46.49:465][ 60]MaterialEditorStats: Base pass shader with Volumetric Lightmap: 218 instructions
[2018.01.28-02.46.49:465][ 60]MaterialEditorStats: Vertex shader: 85 instructions
[2018.01.28-02.46.49:465][ 60]MaterialEditorStats: Texture samplers: 2/16
[2018.01.28-02.46.51:613][176]LogMaterial: Missing cached shader map for material Stool_Mat, compiling. 
[2018.01.28-02.46.51:629][176]LogMaterial: Missing cached shader map for material FMatExpressionPreview MaterialExpressionTextureSample_2, compiling. 
[2018.01.28-02.46.51:656][176]LogMaterial: Missing cached shader map for material FMatExpressionPreview MaterialExpressionTextureSample_0, compiling. 
[2018.01.28-02.46.51:667][176]LogMaterial: Missing cached shader map for material FMatExpressionPreview MaterialExpressionTextureSample_1, compiling. 
[2018.01.28-02.46.51:677][176]LogMaterial: Missing cached shader map for material FMatExpressionPreview MaterialExpressionTextureSample_2, compiling. 
[2018.01.28-02.46.52:397][198]MaterialEditorStats: Base pass shader: 145 instructions
[2018.01.28-02.46.52:397][198]MaterialEditorStats: Base pass shader with Volumetric Lightmap: 218 instructions
[2018.01.28-02.46.52:397][198]MaterialEditorStats: Vertex shader: 85 instructions
[2018.01.28-02.46.52:397][198]MaterialEditorStats: Texture samplers: 2/16
[2018.01.28-02.46.54:866][285]LogMaterial: Missing cached shader map for material Stool_Mat, compiling. 
[2018.01.28-02.46.54:882][285]LogMaterial: Missing cached shader map for material FMatExpressionPreview MaterialExpressionTextureSample_3, compiling. 
[2018.01.28-02.46.54:911][285]LogMaterial: Missing cached shader map for material FMatExpressionPreview MaterialExpressionTextureSample_0, compiling. 
[2018.01.28-02.46.54:918][285]LogMaterial: Missing cached shader map for material FMatExpressionPreview MaterialExpressionTextureSample_1, compiling. 
[2018.01.28-02.46.54:929][285]LogMaterial: Missing cached shader map for material FMatExpressionPreview MaterialExpressionTextureSample_2, compiling. 
[2018.01.28-02.46.54:940][285]LogMaterial: Missing cached shader map for material FMatExpressionPreview MaterialExpressionTextureSample_3, compiling. 
[2018.01.28-02.46.55:668][304]MaterialEditorStats: Base pass shader: 145 instructions
[2018.01.28-02.46.55:668][304]MaterialEditorStats: Base pass shader with Volumetric Lightmap: 218 instructions
[2018.01.28-02.46.55:668][304]MaterialEditorStats: Vertex shader: 85 instructions
[2018.01.28-02.46.55:668][304]MaterialEditorStats: Texture samplers: 2/16
[2018.01.28-02.47.15:795][132]LogMaterial: Missing cached shader map for material Stool_Mat, compiling. 
[2018.01.28-02.47.15:816][132]LogMaterial: Missing cached shader map for material FMatExpressionPreview MaterialExpressionTextureSample_1, compiling. 
[2018.01.28-02.47.17:084][219]MaterialEditorStats: Base pass shader: 148 instructions
[2018.01.28-02.47.17:084][219]MaterialEditorStats: Base pass shader with Volumetric Lightmap: 221 instructions
[2018.01.28-02.47.17:084][219]MaterialEditorStats: Vertex shader: 87 instructions
[2018.01.28-02.47.17:084][219]MaterialEditorStats: Texture samplers: 3/16
[2018.01.28-02.47.17:084][219]MaterialEditorStats: User interpolators: 2/4 Scalars (1/4 Vectors) (TexCoords: 2, Custom: 0)
[2018.01.28-02.47.20:710][454]LogMaterial: Missing cached shader map for material Stool_Mat, compiling. 
[2018.01.28-02.47.20:731][454]LogMaterial: Missing cached shader map for material FMatExpressionPreview MaterialExpressionTextureSample_1, compiling. 
[2018.01.28-02.47.21:460][502]MaterialEditorStats: Base pass shader: 149 instructions
[2018.01.28-02.47.21:460][502]MaterialEditorStats: Base pass shader with Volumetric Lightmap: 222 instructions
[2018.01.28-02.47.21:460][502]MaterialEditorStats: Vertex shader: 87 instructions
[2018.01.28-02.47.21:460][502]MaterialEditorStats: Texture samplers: 3/16
[2018.01.28-02.47.21:460][502]MaterialEditorStats: User interpolators: 2/4 Scalars (1/4 Vectors) (TexCoords: 2, Custom: 0)
[2018.01.28-02.47.23:164][601]LogMaterial: Missing cached shader map for material Stool_Mat, compiling. 
[2018.01.28-02.47.23:188][601]LogMaterial: Missing cached shader map for material FMatExpressionPreview MaterialExpressionTextureSample_0, compiling. 
[2018.01.28-02.47.24:361][675]MaterialEditorStats: Base pass shader: 150 instructions
[2018.01.28-02.47.24:361][675]MaterialEditorStats: Base pass shader with Volumetric Lightmap: 223 instructions
[2018.01.28-02.47.24:361][675]MaterialEditorStats: Vertex shader: 87 instructions
[2018.01.28-02.47.24:361][675]MaterialEditorStats: Texture samplers: 4/16
[2018.01.28-02.47.24:361][675]MaterialEditorStats: User interpolators: 2/4 Scalars (1/4 Vectors) (TexCoords: 2, Custom: 0)
[2018.01.28-02.47.29:659][981]LogMaterial: Missing cached shader map for material Stool_Mat, compiling. 
[2018.01.28-02.47.29:681][981]LogMaterial: Missing cached shader map for material FMatExpressionPreview MaterialExpressionTextureSample_3, compiling. 
[2018.01.28-02.47.30:409][ 17]MaterialEditorStats: Base pass shader: 152 instructions
[2018.01.28-02.47.30:409][ 17]MaterialEditorStats: Base pass shader with Volumetric Lightmap: 225 instructions
[2018.01.28-02.47.30:409][ 17]MaterialEditorStats: Vertex shader: 87 instructions
[2018.01.28-02.47.30:409][ 17]MaterialEditorStats: Texture samplers: 5/16
[2018.01.28-02.47.30:409][ 17]MaterialEditorStats: User interpolators: 2/4 Scalars (1/4 Vectors) (TexCoords: 2, Custom: 0)
[2018.01.28-02.47.34:662][283]LogMaterial: Missing cached shader map for material Stool_Mat, compiling. 
[2018.01.28-02.47.34:681][283]LogMaterial: Missing cached shader map for material FMatExpressionPreview MaterialExpressionTextureSample_3, compiling. 
[2018.01.28-02.47.35:406][338]MaterialEditorStats: Base pass shader: 157 instructions
[2018.01.28-02.47.35:406][338]MaterialEditorStats: Base pass shader with Volumetric Lightmap: 231 instructions
[2018.01.28-02.47.35:406][338]MaterialEditorStats: Vertex shader: 87 instructions
[2018.01.28-02.47.35:406][338]MaterialEditorStats: Texture samplers: 5/16
[2018.01.28-02.47.35:406][338]MaterialEditorStats: User interpolators: 2/4 Scalars (1/4 Vectors) (TexCoords: 2, Custom: 0)
[2018.01.28-02.47.43:589][ 70]LogMaterial: Missing cached shader map for material Stool_Mat, compiling. 
[2018.01.28-02.47.43:611][ 70]LogMaterial: Missing cached shader map for material FMatExpressionPreview MaterialExpressionTextureSample_2, compiling. 
[2018.01.28-02.47.44:416][141]MaterialEditorStats: Base pass shader: 163 instructions
[2018.01.28-02.47.44:416][141]MaterialEditorStats: Base pass shader with Volumetric Lightmap: 237 instructions
[2018.01.28-02.47.44:416][141]MaterialEditorStats: Vertex shader: 87 instructions
[2018.01.28-02.47.44:416][141]MaterialEditorStats: Texture samplers: 6/16
[2018.01.28-02.47.44:416][141]MaterialEditorStats: User interpolators: 2/4 Scalars (1/4 Vectors) (TexCoords: 2, Custom: 0)
[2018.01.28-02.47.47:781][510]LogMaterialEditor: Saving and Compiling material Stool_Mat
[2018.01.28-02.47.48:294][510]LogMaterial: Missing cached shader map for material Stool_Mat, compiling. 
[2018.01.28-02.47.48:349][510]LogMaterial: Missing cached shader map for material Stool_Mat, compiling. 
[2018.01.28-02.47.48:376][510]LogMaterial: Missing cached shader map for material Stool_Mat, compiling. 
[2018.01.28-02.47.48:421][510]LogMaterial: Missing cached shader map for material FDebugViewModeMaterialProxy Stool_Mat, compiling. 
[2018.01.28-02.47.48:971][510]TextureStreamingBuild: Display: Compiling optional shaders took 0.556 seconds.
[2018.01.28-02.47.51:053][510]LogSlate: Took 0.000172 seconds to synchronously load lazily loaded font '../../../Engine/Content/Slate/Fonts/Roboto-Regular.ttf' (155K)
[2018.01.28-02.47.51:072][510]Cmd: OBJ SAVEPACKAGE PACKAGE="/Game/X_Materials/Stool/Stool_Mat" FILE="D:/Misc/Global Game Jam 2018/UE4/XDetectorVR/Content/X_Materials/Stool/Stool_Mat.uasset" SILENT=true
[2018.01.28-02.47.51:093][510]LogSavePackage: Save=18.93ms
[2018.01.28-02.47.51:093][510]LogSavePackage: Moving 'D:/Misc/Global Game Jam 2018/UE4/XDetectorVR/Saved/Stool_MatDED2E37C4ED0AEB73D711FA1A651C39D.tmp' to 'D:/Misc/Global Game Jam 2018/UE4/XDetectorVR/Content/X_Materials/Stool/Stool_Mat.uasset'
[2018.01.28-02.47.51:096][510]LogSavePackage: Display: Finished SavePackage D:/Misc/Global Game Jam 2018/UE4/XDetectorVR/Content/X_Materials/Stool/Stool_Mat.uasset
[2018.01.28-02.47.51:107][510]MaterialEditorStats: Base pass shader: 163 instructions
[2018.01.28-02.47.51:107][510]MaterialEditorStats: Base pass shader with Volumetric Lightmap: 237 instructions
[2018.01.28-02.47.51:107][510]MaterialEditorStats: Vertex shader: 87 instructions
[2018.01.28-02.47.51:107][510]MaterialEditorStats: Texture samplers: 7/16
[2018.01.28-02.47.51:107][510]MaterialEditorStats: User interpolators: 2/4 Scalars (1/4 Vectors) (TexCoords: 2, Custom: 0)
[2018.01.28-02.48.02:054][560]LogRenderer: Reallocating scene render targets to support 1340x924 Format 26 NumSamples 1 (Frame:1).
[2018.01.28-02.48.06:883][ 70]LogSlate: Took 0.000348 seconds to synchronously load lazily loaded font '../../../Engine/Content/Slate/Fonts/Roboto-Light.ttf' (159K)
[2018.01.28-02.48.27:177][739]Cmd: OBJ SAVEPACKAGE PACKAGE="/Game/X_Materials/stool" FILE="D:/Misc/Global Game Jam 2018/UE4/XDetectorVR/Content/X_Materials/stool.uasset" SILENT=true
[2018.01.28-02.48.27:204][739]LogSavePackage: Save=18.18ms
[2018.01.28-02.48.27:204][739]LogSavePackage: Moving 'D:/Misc/Global Game Jam 2018/UE4/XDetectorVR/Saved/stoolA603FFCC4AF631A181ABBB82E4DAF48D.tmp' to 'D:/Misc/Global Game Jam 2018/UE4/XDetectorVR/Content/X_Materials/stool.uasset'
[2018.01.28-02.48.27:207][739]LogSavePackage: Display: Finished SavePackage D:/Misc/Global Game Jam 2018/UE4/XDetectorVR/Content/X_Materials/stool.uasset
[2018.01.28-02.48.47:970][516]LogMaterial: Missing cached shader map for material Stool_Mat, compiling. 
[2018.01.28-02.48.49:251][590]MaterialEditorStats: Base pass shader: 163 instructions
[2018.01.28-02.48.49:251][590]MaterialEditorStats: Base pass shader with Volumetric Lightmap: 237 instructions
[2018.01.28-02.48.49:251][590]MaterialEditorStats: Vertex shader: 87 instructions
[2018.01.28-02.48.49:251][590]MaterialEditorStats: Texture samplers: 6/16
[2018.01.28-02.48.49:251][590]MaterialEditorStats: User interpolators: 2/4 Scalars (1/4 Vectors) (TexCoords: 2, Custom: 0)
[2018.01.28-02.48.59:668][492]LogMaterial: Missing cached shader map for material Stool_Mat, compiling. 
[2018.01.28-02.49.00:399][546]MaterialEditorStats: Base pass shader: 163 instructions
[2018.01.28-02.49.00:400][546]MaterialEditorStats: Base pass shader with Volumetric Lightmap: 237 instructions
[2018.01.28-02.49.00:400][546]MaterialEditorStats: Vertex shader: 87 instructions
[2018.01.28-02.49.00:400][546]MaterialEditorStats: Texture samplers: 6/16
[2018.01.28-02.49.00:400][546]MaterialEditorStats: User interpolators: 2/4 Scalars (1/4 Vectors) (TexCoords: 2, Custom: 0)
[2018.01.28-02.49.08:607][465]LogMaterial: Missing cached shader map for material Stool_Mat, compiling. 
[2018.01.28-02.49.09:386][539]MaterialEditorStats: Base pass shader: 163 instructions
[2018.01.28-02.49.09:386][539]MaterialEditorStats: Base pass shader with Volumetric Lightmap: 237 instructions
[2018.01.28-02.49.09:386][539]MaterialEditorStats: Vertex shader: 87 instructions
[2018.01.28-02.49.09:386][539]MaterialEditorStats: Texture samplers: 6/16
[2018.01.28-02.49.09:386][539]MaterialEditorStats: User interpolators: 2/4 Scalars (1/4 Vectors) (TexCoords: 2, Custom: 0)
[2018.01.28-02.49.11:945][845]LogMaterial: Missing cached shader map for material Stool_Mat, compiling. 
[2018.01.28-02.49.12:637][916]MaterialEditorStats: Base pass shader: 163 instructions
[2018.01.28-02.49.12:638][916]MaterialEditorStats: Base pass shader with Volumetric Lightmap: 237 instructions
[2018.01.28-02.49.12:638][916]MaterialEditorStats: Vertex shader: 87 instructions
[2018.01.28-02.49.12:638][916]MaterialEditorStats: Texture samplers: 6/16
[2018.01.28-02.49.12:638][916]MaterialEditorStats: User interpolators: 2/4 Scalars (1/4 Vectors) (TexCoords: 2, Custom: 0)
[2018.01.28-02.49.17:554][505]LogMaterial: Missing cached shader map for material Stool_Mat, compiling. 
[2018.01.28-02.49.18:234][575]MaterialEditorStats: Base pass shader: 163 instructions
[2018.01.28-02.49.18:235][575]MaterialEditorStats: Base pass shader with Volumetric Lightmap: 237 instructions
[2018.01.28-02.49.18:235][575]MaterialEditorStats: Vertex shader: 87 instructions
[2018.01.28-02.49.18:235][575]MaterialEditorStats: Texture samplers: 6/16
[2018.01.28-02.49.18:235][575]MaterialEditorStats: User interpolators: 2/4 Scalars (1/4 Vectors) (TexCoords: 2, Custom: 0)
[2018.01.28-02.49.25:672][329]LogMaterial: Missing cached shader map for material Stool_Mat, compiling. 
[2018.01.28-02.49.25:691][329]LogMaterial: Missing cached shader map for material FMatExpressionPreview MaterialExpressionTextureSample_3, compiling. 
[2018.01.28-02.49.26:404][380]MaterialEditorStats: Base pass shader: 163 instructions
[2018.01.28-02.49.26:404][380]MaterialEditorStats: Base pass shader with Volumetric Lightmap: 237 instructions
[2018.01.28-02.49.26:404][380]MaterialEditorStats: Vertex shader: 87 instructions
[2018.01.28-02.49.26:404][380]MaterialEditorStats: Texture samplers: 6/16
[2018.01.28-02.49.26:404][380]MaterialEditorStats: User interpolators: 2/4 Scalars (1/4 Vectors) (TexCoords: 2, Custom: 0)
[2018.01.28-02.49.29:396][704]LogMaterialEditor: Saving and Compiling material Stool_Mat
[2018.01.28-02.49.29:927][704]LogMaterial: Missing cached shader map for material Stool_Mat, compiling. 
[2018.01.28-02.49.29:979][704]LogMaterial: Missing cached shader map for material Stool_Mat, compiling. 
[2018.01.28-02.49.30:003][704]LogMaterial: Missing cached shader map for material Stool_Mat, compiling. 
[2018.01.28-02.49.30:049][704]LogMaterial: Missing cached shader map for material FDebugViewModeMaterialProxy Stool_Mat, compiling. 
[2018.01.28-02.49.30:579][704]TextureStreamingBuild: Display: Compiling optional shaders took 0.537 seconds.
[2018.01.28-02.49.32:681][704]Cmd: OBJ SAVEPACKAGE PACKAGE="/Game/X_Materials/Stool/Stool_Mat" FILE="D:/Misc/Global Game Jam 2018/UE4/XDetectorVR/Content/X_Materials/Stool/Stool_Mat.uasset" SILENT=true
[2018.01.28-02.49.32:711][704]LogSavePackage: Save=19.93ms
[2018.01.28-02.49.32:711][704]LogSavePackage: Moving 'D:/Misc/Global Game Jam 2018/UE4/XDetectorVR/Saved/Stool_MatF86B29C34944F7367E63A6850BAD82F4.tmp' to 'D:/Misc/Global Game Jam 2018/UE4/XDetectorVR/Content/X_Materials/Stool/Stool_Mat.uasset'
[2018.01.28-02.49.32:713][704]LogSavePackage: Display: Finished SavePackage D:/Misc/Global Game Jam 2018/UE4/XDetectorVR/Content/X_Materials/Stool/Stool_Mat.uasset
[2018.01.28-02.49.32:726][704]MaterialEditorStats: Base pass shader: 163 instructions
[2018.01.28-02.49.32:726][704]MaterialEditorStats: Base pass shader with Volumetric Lightmap: 237 instructions
[2018.01.28-02.49.32:726][704]MaterialEditorStats: Vertex shader: 87 instructions
[2018.01.28-02.49.32:726][704]MaterialEditorStats: Texture samplers: 7/16
[2018.01.28-02.49.32:726][704]MaterialEditorStats: User interpolators: 2/4 Scalars (1/4 Vectors) (TexCoords: 2, Custom: 0)
